### Starting TaskPrologue of job 3538993 on a0631 at Tue Apr 14 10:43:57 CEST 2026
Running on cores 64-79 with governor ondemand
Tue Apr 14 10:43:57 2026       
+-----------------------------------------------------------------------------------------+
| NVIDIA-SMI 590.48.01              Driver Version: 590.48.01      CUDA Version: 13.1     |
+-----------------------------------------+------------------------+----------------------+
| GPU  Name                 Persistence-M | Bus-Id          Disp.A | Volatile Uncorr. ECC |
| Fan  Temp   Perf          Pwr:Usage/Cap |           Memory-Usage | GPU-Util  Compute M. |
|                                         |                        |               MIG M. |
|=========================================+========================+======================|
|   0  NVIDIA A100-SXM4-80GB          On  |   00000000:90:00.0 Off |                    0 |
| N/A   44C    P0             70W /  400W |       0MiB /  81920MiB |      0%      Default |
|                                         |                        |             Disabled |
+-----------------------------------------+------------------------+----------------------+

+-----------------------------------------------------------------------------------------+
| Processes:                                                                              |
|  GPU   GI   CI              PID   Type   Process name                        GPU Memory |
|        ID   ID                                                               Usage      |
|=========================================================================================|
|  No running processes found                                                             |
+-----------------------------------------------------------------------------------------+
### Finished TaskPrologue

Python 3.12.12
=== JOB_STATISTICS ===
=== current date     : Tue Apr 14 10:50:35 CEST 2026
= Job-ID             : 3538993 on alex
= Job-Name           : build_materialized_dataset_push
= Job-Command        : /home/hpc/c107fa/c107fa12/synthetic-RLVL/scripts/slurm/jobs/build_materialized_dataset_push.slurm
= Initial workdir    : /home/hpc/c107fa/c107fa12/synthetic-RLVL
= Queue/Partition    : a100
= Slurm account      : c107fa with QOS=normal
= Features           : a100_80&el8
= Requested resources:  for 04:00:00
= Elapsed runtime    : 00:06:38
= Total RAM usage    : 4.9 GiB of assigned  GiB (%)
= Node list          : a0631
= Subm/Elig/Start/End: 2026-04-14T10:43:49 / 2026-04-14T10:43:49 / 2026-04-14T10:43:56 / 2026-04-14T10:50:34
======================
=== Quota infos ======
    Path              Used     SoftQ    HardQ    Gracetime  Filec    FileQ    FiHaQ    FileGrace    
    /home/hpc           36.4G   104.9G   209.7G        N/A  39,487      500K   1,000K        N/A    
    /home/vault         42.7G  1048.6G  2097.2G        N/A     101K     200K     400K        N/A    
    atuin.rrze.uni-erlangen.de:/srv/home  1873.4G     0.0K     0.0K        N/A     285K                          N/A    
======================
=== GPU utilization ==
gpu_name, gpu_bus_id, pid, gpu_utilization [%], mem_utilization [%], max_memory_usage [MiB], time [ms]
