### Starting TaskPrologue of job 3550723 on a0532 at Sun Apr 19 20:26:46 CEST 2026
Running on cores 80-95 with governor ondemand
Sun Apr 19 20:26:46 2026       
+-----------------------------------------------------------------------------------------+
| NVIDIA-SMI 590.48.01              Driver Version: 590.48.01      CUDA Version: 13.1     |
+-----------------------------------------+------------------------+----------------------+
| GPU  Name                 Persistence-M | Bus-Id          Disp.A | Volatile Uncorr. ECC |
| Fan  Temp   Perf          Pwr:Usage/Cap |           Memory-Usage | GPU-Util  Compute M. |
|                                         |                        |               MIG M. |
|=========================================+========================+======================|
|   0  NVIDIA A100-SXM4-80GB          On  |   00000000:96:00.0 Off |                    0 |
| N/A   34C    P0             66W /  400W |       0MiB /  81920MiB |      0%      Default |
|                                         |                        |             Disabled |
+-----------------------------------------+------------------------+----------------------+

+-----------------------------------------------------------------------------------------+
| Processes:                                                                              |
|  GPU   GI   CI              PID   Type   Process name                        GPU Memory |
|        ID   ID                                                               Usage      |
|=========================================================================================|
|  No running processes found                                                             |
+-----------------------------------------------------------------------------------------+
### Finished TaskPrologue

[posttrain] model bootstrap: raw_model_path=/home/atuin/c107fa/c107fa12/synthetic-RLVL/tmp/merged_sft_lr1e-4_seed3407 effective_model_path=/home/atuin/c107fa/c107fa12/synthetic-RLVL/tmp/merged_sft_lr1e-4_seed3407 effective_tokenizer_path=/home/atuin/c107fa/c107fa12/synthetic-RLVL/tmp/merged_sft_lr1e-4_seed3407 lora_adapter_path=None
[2026-04-19 20:27:08,386][torchao][WARNING] - Skipping import of cpp extensions due to incompatible torch version. Please upgrade to torch >= 2.11.0 (found 2.9.0+cu128).
=== JOB_STATISTICS ===
=== current date     : Sun Apr 19 20:32:04 CEST 2026
= Job-ID             : 3550723 on alex as 3550716_0
= Job-Name           : grpo_mrg_ablate_prompts
= Job-Command        : /home/hpc/c107fa/c107fa12/synthetic-RLVL/scripts/slurm/sweeps/posttrain_merged_num_prompts_ablation.slurm
= Initial workdir    : /home/hpc/c107fa/c107fa12/synthetic-RLVL
= Queue/Partition    : a100
= Slurm account      : c107fa with QOS=normal
= Features           : a100_80&el8
= Requested resources:  for 1-00:00:00
= Elapsed runtime    : 00:05:12
= Total RAM usage    : 151.8 GiB of assigned  GiB (%)
= Node list          : a0532
= Subm/Elig/Start/End: 2026-04-19T20:26:39 / 2026-04-19T20:26:41 / 2026-04-19T20:26:43 / 2026-04-19T20:31:55
======================
=== Quota infos ======
    Path              Used     SoftQ    HardQ    Gracetime  Filec    FileQ    FiHaQ    FileGrace    
    /home/hpc           36.0G   104.9G   209.7G        N/A  43,832      500K   1,000K        N/A    
    /home/vault         42.7G  1048.6G  2097.2G        N/A     101K     200K     400K        N/A    
    atuin.rrze.uni-erlangen.de:/srv/home     5.2T     0.0K     0.0K        N/A     364K                          N/A    
======================
=== GPU utilization ==
gpu_name, gpu_bus_id, pid, gpu_utilization [%], mem_utilization [%], max_memory_usage [MiB], time [ms]
NVIDIA A100-SXM4-80GB, 00000000:96:00.0, 3944739, 4 %, 0 %, 57138 MiB, 216852 ms
NVIDIA A100-SXM4-80GB, 00000000:96:00.0, 3945295, 29 %, 19 %, 42610 MiB, 157281 ms
