### Starting TaskPrologue of job 3566587 on a0531 at Tue Apr 28 05:33:16 CEST 2026
Running on cores 0-15 with governor ondemand
Tue Apr 28 05:33:16 2026       
+-----------------------------------------------------------------------------------------+
| NVIDIA-SMI 590.48.01              Driver Version: 590.48.01      CUDA Version: 13.1     |
+-----------------------------------------+------------------------+----------------------+
| GPU  Name                 Persistence-M | Bus-Id          Disp.A | Volatile Uncorr. ECC |
| Fan  Temp   Perf          Pwr:Usage/Cap |           Memory-Usage | GPU-Util  Compute M. |
|                                         |                        |               MIG M. |
|=========================================+========================+======================|
|   0  NVIDIA A100-SXM4-80GB          On  |   00000000:0E:00.0 Off |                    0 |
| N/A   34C    P0             65W /  400W |       0MiB /  81920MiB |      0%      Default |
|                                         |                        |             Disabled |
+-----------------------------------------+------------------------+----------------------+

+-----------------------------------------------------------------------------------------+
| Processes:                                                                              |
|  GPU   GI   CI              PID   Type   Process name                        GPU Memory |
|        ID   ID                                                               Usage      |
|=========================================================================================|
|  No running processes found                                                             |
+-----------------------------------------------------------------------------------------+
### Finished TaskPrologue

[merge] base=allenai/Olmo-3-1025-7B
[merge] adapter=/home/atuin/c107fa/c107fa12/synthetic-RLVL/runs/sft_hard_v1_lr1e-4_seed3408/final
[merge] output=/home/atuin/c107fa/c107fa12/synthetic-RLVL/tmp/merged_sft_hard_v1_seed3408.tmp
[merge] wrote /home/atuin/c107fa/c107fa12/synthetic-RLVL/tmp/merged_sft_hard_v1_seed3408.tmp
{
  "seed": 3408,
  "checkpoint": "/home/atuin/c107fa/c107fa12/synthetic-RLVL/tmp/merged_sft_hard_v1_seed3408",
  "prompt_chars": 1829,
  "completion": "<formal>\n<constants>\na = Xavier\nb = Uma\nc = Alice\nd = Wendy\ne = Rita\nf = John\ng = Sam\nh = Ben\n</constants>\n<predicates>\nAx: x is rough\nBx: x is earthy\nCx: x is oval\nDx: x is red\nEx: x is polished\nFx: x is mild\nGx: x is observant\nHx: x is gentle\nIx: x is layered\nJx: x is mature\nKx: x is humid\nLx: x is dry\nMx: x is damp\nNx: x is arid\nOx: x is soft\nPx: x is smooth\nQx: x is hard\nRx: x is silky\nSx: x is coarse\nTx: x is firm\nUx: x is fragrant\nVx: x is smelly\nWx: x is fresh-smelling\nXx: x is musty\nYx: x is sweet-smelling\nZx: x is sharp-smelling\n</predicates>\n<premises>\nAb\nAb -> Bb\nBb & Ab -> Cb\nCb -> Db",
  "starts_with_formal": true,
  "contains_formal": false
}
=== JOB_STATISTICS ===
=== current date     : Tue Apr 28 05:35:02 CEST 2026
= Job-ID             : 3566587 on alex as 3566370_1
= Job-Name           : merge_sft_hard_v1
= Job-Command        : /home/hpc/c107fa/c107fa12/synthetic-RLVL/scripts/slurm/jobs/merge_sft_hard_v1_2026-04-27.slurm
= Initial workdir    : /home/hpc/c107fa/c107fa12/synthetic-RLVL
= Queue/Partition    : a100
= Slurm account      : c107fa with QOS=normal
= Features           : a100_80&el8
= Requested resources:  for 08:00:00
= Elapsed runtime    : 00:01:55
= Total RAM usage    : 46.6 GiB of assigned  GiB (%)
= Node list          : a0531
= Subm/Elig/Start/End: 2026-04-27T23:36:51 / 2026-04-28T05:32:57 / 2026-04-28T05:33:07 / 2026-04-28T05:35:02
======================
=== Quota infos ======
    Path              Used     SoftQ    HardQ    Gracetime  Filec    FileQ    FiHaQ    FileGrace    
    /home/hpc           39.0G   104.9G   209.7G        N/A  48,525      500K   1,000K        N/A    
    /home/vault         42.7G  1048.6G  2097.2G        N/A     101K     200K     400K        N/A    
    atuin.rrze.uni-erlangen.de:/srv/home  4396.7G     0.0K     0.0K        N/A     235K                          N/A    
======================
=== GPU utilization ==
gpu_name, gpu_bus_id, pid, gpu_utilization [%], mem_utilization [%], max_memory_usage [MiB], time [ms]
NVIDIA A100-SXM4-80GB, 00000000:0E:00.0, 1144076, 2 %, 0 %, 15234 MiB, 49417 ms
NVIDIA A100-SXM4-80GB, 00000000:0E:00.0, 1144928, 18 %, 8 %, 14912 MiB, 27699 ms
