Creating parquet from Arrow format:   0%|          | 0/1 [00:00<?, ?ba/s]Creating parquet from Arrow format: 100%|██████████| 1/1 [00:00<00:00,  9.28ba/s]Creating parquet from Arrow format: 100%|██████████| 1/1 [00:00<00:00,  9.26ba/s]
Creating parquet from Arrow format:   0%|          | 0/1 [00:00<?, ?ba/s]Creating parquet from Arrow format: 100%|██████████| 1/1 [00:00<00:00, 95.58ba/s]
/home/vault/c107fa/c107fa12/.venv_rlvl_posttrain/lib/python3.12/site-packages/transformers/utils/hub.py:110: FutureWarning: Using `TRANSFORMERS_CACHE` is deprecated and will be removed in v5 of Transformers. Use `HF_HOME` instead.
  warnings.warn(
2026-04-21 16:47:49,839	ERROR services.py:1361 -- Failed to start the dashboard 
2026-04-21 16:47:49,840	ERROR services.py:1386 -- Error should be written to 'dashboard.log' or 'dashboard.err'. We are printing the last 20 lines for you. See 'https://docs.ray.io/en/master/ray-observability/user-guides/configure-logging.html#logging-directory-structure' to find where the log file is.
2026-04-21 16:47:49,840	ERROR services.py:1430 -- 
The last 20 lines of /tmp/3555105.alex/ray/session_2026-04-21_16-46-48_355790_3674831/logs/dashboard.log (it contains the error message from the dashboard): 
2026-04-21 16:47:35,943	INFO utils.py:340 -- Available modules: [<class 'ray.dashboard.modules.usage_stats.usage_stats_head.UsageStatsHead'>]
2026-04-21 16:47:35,943	INFO head.py:235 -- DashboardHeadModules to load: None.
2026-04-21 16:47:35,943	INFO head.py:238 -- Loading DashboardHeadModule: <class 'ray.dashboard.modules.usage_stats.usage_stats_head.UsageStatsHead'>.
2026-04-21 16:47:35,943	INFO head.py:242 -- Loaded 1 dashboard head modules: [<ray.dashboard.modules.usage_stats.usage_stats_head.UsageStatsHead object at 0x1520ce5bf350>].
2026-04-21 16:47:35,943	INFO utils.py:307 -- Get all modules by type: SubprocessModule
2026-04-21 16:47:35,954	INFO utils.py:340 -- Available modules: [<class 'ray.dashboard.modules.metrics.metrics_head.MetricsHead'>, <class 'ray.dashboard.modules.data.data_head.DataHead'>, <class 'ray.dashboard.modules.event.event_head.EventHead'>, <class 'ray.dashboard.modules.job.job_head.JobHead'>, <class 'ray.dashboard.modules.node.node_head.NodeHead'>, <class 'ray.dashboard.modules.reporter.reporter_head.ReportHead'>, <class 'ray.dashboard.modules.serve.serve_head.ServeHead'>, <class 'ray.dashboard.modules.state.state_head.StateHead'>, <class 'ray.dashboard.modules.train.train_head.TrainHead'>]
2026-04-21 16:47:35,954	INFO head.py:292 -- Loading SubprocessModule: <class 'ray.dashboard.modules.metrics.metrics_head.MetricsHead'>.
2026-04-21 16:47:35,954	INFO head.py:292 -- Loading SubprocessModule: <class 'ray.dashboard.modules.data.data_head.DataHead'>.
2026-04-21 16:47:35,954	INFO head.py:292 -- Loading SubprocessModule: <class 'ray.dashboard.modules.event.event_head.EventHead'>.
2026-04-21 16:47:35,954	INFO head.py:292 -- Loading SubprocessModule: <class 'ray.dashboard.modules.job.job_head.JobHead'>.
2026-04-21 16:47:35,954	INFO head.py:292 -- Loading SubprocessModule: <class 'ray.dashboard.modules.node.node_head.NodeHead'>.
2026-04-21 16:47:35,954	INFO head.py:292 -- Loading SubprocessModule: <class 'ray.dashboard.modules.reporter.reporter_head.ReportHead'>.
2026-04-21 16:47:35,954	INFO head.py:292 -- Loading SubprocessModule: <class 'ray.dashboard.modules.serve.serve_head.ServeHead'>.
2026-04-21 16:47:35,954	INFO head.py:292 -- Loading SubprocessModule: <class 'ray.dashboard.modules.state.state_head.StateHead'>.
2026-04-21 16:47:35,954	INFO head.py:292 -- Loading SubprocessModule: <class 'ray.dashboard.modules.train.train_head.TrainHead'>.
2026-04-21 16:47:35,954	INFO head.py:296 -- Loaded 9 subprocess modules: [<ray.dashboard.subprocesses.handle.SubprocessModuleHandle object at 0x1520cdb102f0>, <ray.dashboard.subprocesses.handle.SubprocessModuleHandle object at 0x1520d71b2f00>, <ray.dashboard.subprocesses.handle.SubprocessModuleHandle object at 0x1520ce530d10>, <ray.dashboard.subprocesses.handle.SubprocessModuleHandle object at 0x1520d03bf140>, <ray.dashboard.subprocesses.handle.SubprocessModuleHandle object at 0x1520d53213a0>, <ray.dashboard.subprocesses.handle.SubprocessModuleHandle object at 0x1520ce50bb90>, <ray.dashboard.subprocesses.handle.SubprocessModuleHandle object at 0x1520cef59070>, <ray.dashboard.subprocesses.handle.SubprocessModuleHandle object at 0x1520d72e3d70>, <ray.dashboard.subprocesses.handle.SubprocessModuleHandle object at 0x1520d72e2ea0>].

2026-04-21 16:47:56,059	INFO worker.py:2013 -- Started a local Ray instance.
2026-04-21 16:47:56,062	WARNING working_dir.py:86 -- Directory '.git' is now ignored by default when packaging the working directory. To disable this behavior, set the `RAY_OVERRIDE_RUNTIME_ENV_DEFAULT_EXCLUDES=''` environment variable.
2026-04-21 16:47:56,062	WARNING working_dir.py:86 -- Directory '__pycache__' is now ignored by default when packaging the working directory. To disable this behavior, set the `RAY_OVERRIDE_RUNTIME_ENV_DEFAULT_EXCLUDES=''` environment variable.
2026-04-21 16:47:56,181	INFO packaging.py:392 -- Ignoring upload to cluster for these files: [PosixPath('/home/hpc/c107fa/c107fa12/synthetic-RLVL/.gitignore')]
2026-04-21 16:47:57,783	INFO packaging.py:392 -- Ignoring upload to cluster for these files: [PosixPath('/home/hpc/c107fa/c107fa12/synthetic-RLVL/.pytest_cache/.gitignore')]
2026-04-21 16:47:57,842	INFO packaging.py:691 -- Creating a file package for local module '/home/hpc/c107fa/c107fa12/synthetic-RLVL'.
2026-04-21 16:47:57,844	INFO packaging.py:392 -- Ignoring upload to cluster for these files: [PosixPath('/home/hpc/c107fa/c107fa12/synthetic-RLVL/.gitignore')]
2026-04-21 16:47:59,142	INFO packaging.py:392 -- Ignoring upload to cluster for these files: [PosixPath('/home/hpc/c107fa/c107fa12/synthetic-RLVL/.pytest_cache/.gitignore')]
2026-04-21 16:47:59,342	INFO packaging.py:463 -- Pushing file package 'gcs://_ray_pkg_8562c5eb8c1d5ba8.zip' (330.25MiB) to Ray cluster...
2026-04-21 16:47:59,885	INFO packaging.py:476 -- Successfully pushed file package 'gcs://_ray_pkg_8562c5eb8c1d5ba8.zip'.
[2026-04-22T15:21:19.573] error: *** JOB 3555105 ON a0832 CANCELLED AT 2026-04-22T15:21:19 DUE to SIGNAL Terminated ***
