Creating parquet from Arrow format:   0%|          | 0/1 [00:00<?, ?ba/s]Creating parquet from Arrow format: 100%|██████████| 1/1 [00:00<00:00, 11.73ba/s]
Creating parquet from Arrow format:   0%|          | 0/1 [00:00<?, ?ba/s]Creating parquet from Arrow format: 100%|██████████| 1/1 [00:00<00:00, 95.94ba/s]
/home/vault/c107fa/c107fa12/.venv_rlvl_posttrain/lib/python3.12/site-packages/transformers/utils/hub.py:110: FutureWarning: Using `TRANSFORMERS_CACHE` is deprecated and will be removed in v5 of Transformers. Use `HF_HOME` instead.
  warnings.warn(
2026-04-24 21:34:12,788	ERROR services.py:1361 -- Failed to start the dashboard , return code 1
2026-04-24 21:34:12,789	ERROR services.py:1386 -- Error should be written to 'dashboard.log' or 'dashboard.err'. We are printing the last 20 lines for you. See 'https://docs.ray.io/en/master/ray-observability/user-guides/configure-logging.html#logging-directory-structure' to find where the log file is.
2026-04-24 21:34:12,789	ERROR services.py:1430 -- 
The last 20 lines of /tmp/3562104.alex/ray/session_2026-04-24_21-33-12_316129_58209/logs/dashboard.log (it contains the error message from the dashboard): 
2026-04-24 21:33:32,723	INFO head.py:292 -- Loading SubprocessModule: <class 'ray.dashboard.modules.reporter.reporter_head.ReportHead'>.
2026-04-24 21:33:32,723	INFO head.py:292 -- Loading SubprocessModule: <class 'ray.dashboard.modules.serve.serve_head.ServeHead'>.
2026-04-24 21:33:32,723	INFO head.py:292 -- Loading SubprocessModule: <class 'ray.dashboard.modules.state.state_head.StateHead'>.
2026-04-24 21:33:32,723	INFO head.py:292 -- Loading SubprocessModule: <class 'ray.dashboard.modules.train.train_head.TrainHead'>.
2026-04-24 21:33:32,723	INFO head.py:296 -- Loaded 9 subprocess modules: [<ray.dashboard.subprocesses.handle.SubprocessModuleHandle object at 0x149c2ba8ecf0>, <ray.dashboard.subprocesses.handle.SubprocessModuleHandle object at 0x149c2b8aeb40>, <ray.dashboard.subprocesses.handle.SubprocessModuleHandle object at 0x149c227b96a0>, <ray.dashboard.subprocesses.handle.SubprocessModuleHandle object at 0x149c2ba76f90>, <ray.dashboard.subprocesses.handle.SubprocessModuleHandle object at 0x149c269bb470>, <ray.dashboard.subprocesses.handle.SubprocessModuleHandle object at 0x149c269bb500>, <ray.dashboard.subprocesses.handle.SubprocessModuleHandle object at 0x149c269bb5c0>, <ray.dashboard.subprocesses.handle.SubprocessModuleHandle object at 0x149c269bb5f0>, <ray.dashboard.subprocesses.handle.SubprocessModuleHandle object at 0x149c21fdbfb0>].
2026-04-24 21:34:08,601	ERROR dashboard.py:308 -- The dashboard on node a0531.nhr.fau.de failed with the following error:
Traceback (most recent call last):
  File "/home/vault/c107fa/c107fa12/.venv_rlvl_posttrain/lib/python3.12/site-packages/ray/dashboard/dashboard.py", line 297, in <module>
    loop.run_until_complete(dashboard.run())
  File "/home/hpc/c107fa/c107fa12/.local/share/uv/python/cpython-3.12.12-linux-x86_64-gnu/lib/python3.12/asyncio/base_events.py", line 691, in run_until_complete
    return future.result()
           ^^^^^^^^^^^^^^^
  File "/home/vault/c107fa/c107fa12/.venv_rlvl_posttrain/lib/python3.12/site-packages/ray/dashboard/dashboard.py", line 98, in run
    await self.dashboard_head.run()
  File "/home/vault/c107fa/c107fa12/.venv_rlvl_posttrain/lib/python3.12/site-packages/ray/dashboard/head.py", line 405, in run
    handle.wait_for_module_ready()
  File "/home/vault/c107fa/c107fa12/.venv_rlvl_posttrain/lib/python3.12/site-packages/ray/dashboard/subprocesses/handle.py", line 153, in wait_for_module_ready
    raise RuntimeError(
RuntimeError: Module MetricsHead failed to start. Timeout after 30.0 seconds.
2026-04-24 21:39:14,218	INFO node.py:375 -- Failed to get node info b'RPC error: Deadline Exceeded'
Error executing job with overrides: ['run_name=rl_grpo_merge_ablate_prompts16_rollouts8_seed3409', 'reward.schema=correct_plus_valid_plus_0p1_format', 'grpo.num_prompts=16', 'grpo.num_rollouts=8', 'seed=3409', 'model.path=/home/atuin/c107fa/c107fa12/synthetic-RLVL/tmp/merged_sft_lr1e-4_seed3409_remerge_20260421', 'model.merge_adapter_for_rollout=false', 'task.template=logic', 'task.prefill=none', 'validation.enabled=true', 'eval.sampled_enabled=false', 'grpo.max_num_batched_tokens=16384', 'optim.micro_batch_size=4', 'optim.logprob_micro_batch_size=4', 'resume.mode=disable']
Traceback (most recent call last):
  File "/home/hpc/c107fa/c107fa12/synthetic-RLVL/posttrain_grpo_verl.py", line 505, in main
    run_ppo(migrate_legacy_reward_impl(verl_cfg), task_runner_class=remote_task_runner)
  File "/home/vault/c107fa/c107fa12/.venv_rlvl_posttrain/lib/python3.12/site-packages/verl/trainer/main_ppo.py", line 77, in run_ppo
    ray.init(**OmegaConf.to_container(ray_init_kwargs))
  File "/home/vault/c107fa/c107fa12/.venv_rlvl_posttrain/lib/python3.12/site-packages/ray/_private/client_mode_hook.py", line 104, in wrapper
    return func(*args, **kwargs)
           ^^^^^^^^^^^^^^^^^^^^^
  File "/home/vault/c107fa/c107fa12/.venv_rlvl_posttrain/lib/python3.12/site-packages/ray/_private/worker.py", line 1908, in init
    _global_node = ray._private.node.Node(
                   ^^^^^^^^^^^^^^^^^^^^^^^
  File "/home/vault/c107fa/c107fa12/.venv_rlvl_posttrain/lib/python3.12/site-packages/ray/_private/node.py", line 377, in __init__
    raise Exception(
Exception: The current node timed out during startup. This could happen because some of the raylet failed to startup or the GCS has become overloaded.

Set the environment variable HYDRA_FULL_ERROR=1 for a complete stack trace.
