### Starting TaskPrologue of job 3565227 on a0731 at Mon Apr 27 11:48:20 CEST 2026
Running on cores 0-15 with governor ondemand
Mon Apr 27 11:48:20 2026       
+-----------------------------------------------------------------------------------------+
| NVIDIA-SMI 590.48.01              Driver Version: 590.48.01      CUDA Version: 13.1     |
+-----------------------------------------+------------------------+----------------------+
| GPU  Name                 Persistence-M | Bus-Id          Disp.A | Volatile Uncorr. ECC |
| Fan  Temp   Perf          Pwr:Usage/Cap |           Memory-Usage | GPU-Util  Compute M. |
|                                         |                        |               MIG M. |
|=========================================+========================+======================|
|   0  NVIDIA A100-SXM4-80GB          On  |   00000000:0E:00.0 Off |                    0 |
| N/A   38C    P0             61W /  400W |       0MiB /  81920MiB |      0%      Default |
|                                         |                        |             Disabled |
+-----------------------------------------+------------------------+----------------------+

+-----------------------------------------------------------------------------------------+
| Processes:                                                                              |
|  GPU   GI   CI              PID   Type   Process name                        GPU Memory |
|        ID   ID                                                               Usage      |
|=========================================================================================|
|  No running processes found                                                             |
+-----------------------------------------------------------------------------------------+
### Finished TaskPrologue

[catchup] row=8 sweep=prompts kind=prompts value=64 seed=3409 action=rerun run=rl_grpo_merge_ablate_prompts64_rollouts8_seed3409
[ray-startup] jitter_sleep_s=98 max=240
[posttrain] model bootstrap: raw_model_path=/home/atuin/c107fa/c107fa12/synthetic-RLVL/tmp/merged_sft_lr1e-4_seed3409_remerge_20260421 effective_model_path=/home/atuin/c107fa/c107fa12/synthetic-RLVL/tmp/merged_sft_lr1e-4_seed3409_remerge_20260421 effective_tokenizer_path=/home/atuin/c107fa/c107fa12/synthetic-RLVL/tmp/merged_sft_lr1e-4_seed3409_remerge_20260421 lora_adapter_path=None
[2026-04-27 11:50:36,259][torchao][WARNING] - Skipping import of cpp extensions due to incompatible torch version. Please upgrade to torch >= 2.11.0 (found 2.9.0+cu128).
