### Starting TaskPrologue of job 3537566 on a0931 at Mon Apr 13 15:43:15 CEST 2026
Running on cores 80-95 with governor ondemand
Mon Apr 13 15:43:15 2026       
+-----------------------------------------------------------------------------------------+
| NVIDIA-SMI 590.48.01              Driver Version: 590.48.01      CUDA Version: 13.1     |
+-----------------------------------------+------------------------+----------------------+
| GPU  Name                 Persistence-M | Bus-Id          Disp.A | Volatile Uncorr. ECC |
| Fan  Temp   Perf          Pwr:Usage/Cap |           Memory-Usage | GPU-Util  Compute M. |
|                                         |                        |               MIG M. |
|=========================================+========================+======================|
|   0  NVIDIA A100-SXM4-80GB          On  |   00000000:96:00.0 Off |                    0 |
| N/A   33C    P0             64W /  400W |       0MiB /  81920MiB |      0%      Default |
|                                         |                        |             Disabled |
+-----------------------------------------+------------------------+----------------------+

+-----------------------------------------------------------------------------------------+
| Processes:                                                                              |
|  GPU   GI   CI              PID   Type   Process name                        GPU Memory |
|        ID   ID                                                               Usage      |
|=========================================================================================|
|  No running processes found                                                             |
+-----------------------------------------------------------------------------------------+
### Finished TaskPrologue

[2026-04-13 15:43:33,701][accelerate.utils.modeling][INFO] - We will use 90% of the memory on device 0 for storing the model, and 10% for the buffer to avoid OOM. You can set `max_memory` in to a higher value to use more memory (at your own risk).
[2026-04-13 15:46:11,830][accelerate.utils.other][WARNING] - [RANK 0] Detected kernel version 4.18.0, which is below the recommended minimum of 5.5.0; this can cause the process to hang. It is recommended to upgrade the kernel to the minimum version or higher.
[1;34mwandb[0m: 
[1;34mwandb[0m: 🚀 View run [33msft_bsz_b16_n160000_seed3407[0m at: [34mhttps://wandb.ai/filipelaitenberger/synthetic-rlvr-sft/runs/vm63ddmb[0m
[1;34mwandb[0m: Find logs at: [1;35m../../../../atuin/c107fa/c107fa12/synthetic-RLVL/wandb/wandb/run-20260413_154610-vm63ddmb/logs[0m
=== JOB_STATISTICS ===
=== current date     : Mon Apr 13 15:46:20 CEST 2026
= Job-ID             : 3537566 on alex as 3537270_6
= Job-Name           : sft_sweep_bsz
= Job-Command        : /home/hpc/c107fa/c107fa12/synthetic-RLVL/scripts/slurm/sweeps/sft/batch_size.slurm
= Initial workdir    : /home/hpc/c107fa/c107fa12/synthetic-RLVL
= Queue/Partition    : a100
= Slurm account      : c107fa with QOS=normal
= Features           : a100_80&el8
= Requested resources:  for 1-00:00:00
= Elapsed runtime    : 00:03:21
= Total RAM usage    : 20.2 GiB of assigned  GiB (%)
= Node list          : a0931
= Subm/Elig/Start/End: 2026-04-13T14:54:57 / 2026-04-13T14:54:58 / 2026-04-13T15:42:59 / 2026-04-13T15:46:20
======================
=== Quota infos ======
    Path              Used     SoftQ    HardQ    Gracetime  Filec    FileQ    FiHaQ    FileGrace    
    /home/hpc           71.3G   104.9G   209.7G        N/A      58K     500K   1,000K        N/A    
    /home/vault         42.7G  1048.6G  2097.2G        N/A     101K     200K     400K        N/A    
    atuin.rrze.uni-erlangen.de:/srv/home  1773.0G     0.0K     0.0K        N/A     250K                          N/A    
======================
=== GPU utilization ==
gpu_name, gpu_bus_id, pid, gpu_utilization [%], mem_utilization [%], max_memory_usage [MiB], time [ms]
NVIDIA A100-SXM4-80GB, 00000000:96:00.0, 1046172, 1 %, 0 %, 80282 MiB, 170909 ms
