### Starting TaskPrologue of job 3571294 on a0934 at Thu Apr 30 19:08:22 CEST 2026
Running on cores 48-63 with governor ondemand
Thu Apr 30 19:08:22 2026       
+-----------------------------------------------------------------------------------------+
| NVIDIA-SMI 595.71.05              Driver Version: 595.71.05      CUDA Version: 13.2     |
+-----------------------------------------+------------------------+----------------------+
| GPU  Name                 Persistence-M | Bus-Id          Disp.A | Volatile Uncorr. ECC |
| Fan  Temp   Perf          Pwr:Usage/Cap |           Memory-Usage | GPU-Util  Compute M. |
|                                         |                        |               MIG M. |
|=========================================+========================+======================|
|   0  NVIDIA A100-SXM4-80GB          On  |   00000000:4F:00.0 Off |                    0 |
| N/A   44C    P0             65W /  400W |       0MiB /  81920MiB |      0%      Default |
|                                         |                        |             Disabled |
+-----------------------------------------+------------------------+----------------------+

+-----------------------------------------------------------------------------------------+
| Processes:                                                                              |
|  GPU   GI   CI              PID   Type   Process name                        GPU Memory |
|        ID   ID                                                               Usage      |
|=========================================================================================|
|  No running processes found                                                             |
+-----------------------------------------------------------------------------------------+
### Finished TaskPrologue

[2026-04-30 19:08:45,282][accelerate.utils.modeling][INFO] - We will use 90% of the memory on device 0 for storing the model, and 10% for the buffer to avoid OOM. You can set `max_memory` in to a higher value to use more memory (at your own risk).
[2026-04-30 19:10:48,645][accelerate.utils.other][WARNING] - [RANK 0] Detected kernel version 4.18.0, which is below the recommended minimum of 5.5.0; this can cause the process to hang. It is recommended to upgrade the kernel to the minimum version or higher.
{'loss': 1.0098, 'grad_norm': 0.2738970220088959, 'learning_rate': 1.8e-05, 'epoch': 0.0}
{'loss': 0.94, 'grad_norm': 0.28618213534355164, 'learning_rate': 3.8e-05, 'epoch': 0.01}
{'loss': 0.646, 'grad_norm': 0.37660136818885803, 'learning_rate': 5.8e-05, 'epoch': 0.01}
{'loss': 0.3859, 'grad_norm': 0.3002091646194458, 'learning_rate': 7.800000000000001e-05, 'epoch': 0.01}
{'loss': 0.2632, 'grad_norm': 0.27224743366241455, 'learning_rate': 9.8e-05, 'epoch': 0.02}
{'loss': 0.1857, 'grad_norm': 0.2501825988292694, 'learning_rate': 9.905263157894737e-05, 'epoch': 0.02}
{'loss': 0.145, 'grad_norm': 0.2557649612426758, 'learning_rate': 9.8e-05, 'epoch': 0.02}
{'loss': 0.1087, 'grad_norm': 0.24764735996723175, 'learning_rate': 9.694736842105264e-05, 'epoch': 0.03}
{'loss': 0.092, 'grad_norm': 0.2910727560520172, 'learning_rate': 9.589473684210528e-05, 'epoch': 0.03}
{'loss': 0.0755, 'grad_norm': 0.24886517226696014, 'learning_rate': 9.48421052631579e-05, 'epoch': 0.03}
{'loss': 0.0635, 'grad_norm': 0.22344721853733063, 'learning_rate': 9.378947368421053e-05, 'epoch': 0.04}
{'loss': 0.0578, 'grad_norm': 0.24031879007816315, 'learning_rate': 9.273684210526317e-05, 'epoch': 0.04}
{'loss': 0.0547, 'grad_norm': 0.24930225312709808, 'learning_rate': 9.16842105263158e-05, 'epoch': 0.04}
{'loss': 0.0538, 'grad_norm': 0.18115206062793732, 'learning_rate': 9.063157894736842e-05, 'epoch': 0.04}
{'loss': 0.0467, 'grad_norm': 0.17416313290596008, 'learning_rate': 8.957894736842106e-05, 'epoch': 0.05}
{'loss': 0.0476, 'grad_norm': 0.22603864967823029, 'learning_rate': 8.852631578947368e-05, 'epoch': 0.05}
{'loss': 0.047, 'grad_norm': 0.22043025493621826, 'learning_rate': 8.747368421052632e-05, 'epoch': 0.05}
{'loss': 0.0432, 'grad_norm': 0.19284334778785706, 'learning_rate': 8.642105263157895e-05, 'epoch': 0.06}
{'loss': 0.0421, 'grad_norm': 0.26217588782310486, 'learning_rate': 8.536842105263159e-05, 'epoch': 0.06}
{'loss': 0.0399, 'grad_norm': 0.1394147425889969, 'learning_rate': 8.431578947368422e-05, 'epoch': 0.06}
{'loss': 0.039, 'grad_norm': 0.19997833669185638, 'learning_rate': 8.326315789473684e-05, 'epoch': 0.07}
{'loss': 0.0374, 'grad_norm': 0.17681089043617249, 'learning_rate': 8.221052631578948e-05, 'epoch': 0.07}
{'loss': 0.0388, 'grad_norm': 0.19213543832302094, 'learning_rate': 8.115789473684211e-05, 'epoch': 0.07}
{'loss': 0.0375, 'grad_norm': 0.15909117460250854, 'learning_rate': 8.010526315789473e-05, 'epoch': 0.08}
{'loss': 0.0353, 'grad_norm': 0.14584898948669434, 'learning_rate': 7.905263157894737e-05, 'epoch': 0.08}
{'loss': 0.0341, 'grad_norm': 0.1591895967721939, 'learning_rate': 7.800000000000001e-05, 'epoch': 0.08}
{'loss': 0.0329, 'grad_norm': 0.1729000061750412, 'learning_rate': 7.694736842105264e-05, 'epoch': 0.09}
{'loss': 0.0346, 'grad_norm': 0.09035560488700867, 'learning_rate': 7.589473684210526e-05, 'epoch': 0.09}
{'loss': 0.0326, 'grad_norm': 0.1656208336353302, 'learning_rate': 7.48421052631579e-05, 'epoch': 0.09}
{'loss': 0.0333, 'grad_norm': 0.2084212601184845, 'learning_rate': 7.378947368421053e-05, 'epoch': 0.1}
{'loss': 0.0313, 'grad_norm': 0.14213937520980835, 'learning_rate': 7.273684210526316e-05, 'epoch': 0.1}
{'loss': 0.0335, 'grad_norm': 0.18130110204219818, 'learning_rate': 7.16842105263158e-05, 'epoch': 0.1}
{'loss': 0.0322, 'grad_norm': 0.196197047829628, 'learning_rate': 7.063157894736842e-05, 'epoch': 0.11}
{'loss': 0.0328, 'grad_norm': 0.2658750116825104, 'learning_rate': 6.957894736842106e-05, 'epoch': 0.11}
{'loss': 0.0307, 'grad_norm': 0.10434652119874954, 'learning_rate': 6.852631578947369e-05, 'epoch': 0.11}
{'loss': 0.0312, 'grad_norm': 0.08830118924379349, 'learning_rate': 6.747368421052633e-05, 'epoch': 0.12}
{'loss': 0.0304, 'grad_norm': 0.1468248814344406, 'learning_rate': 6.642105263157895e-05, 'epoch': 0.12}
{'loss': 0.0297, 'grad_norm': 0.1214785948395729, 'learning_rate': 6.536842105263158e-05, 'epoch': 0.12}
{'loss': 0.0304, 'grad_norm': 0.16633041203022003, 'learning_rate': 6.431578947368422e-05, 'epoch': 0.12}
{'loss': 0.0304, 'grad_norm': 0.10345830023288727, 'learning_rate': 6.326315789473684e-05, 'epoch': 0.13}
{'loss': 0.0308, 'grad_norm': 0.12246162444353104, 'learning_rate': 6.221052631578947e-05, 'epoch': 0.13}
{'loss': 0.0295, 'grad_norm': 0.0933656170964241, 'learning_rate': 6.115789473684211e-05, 'epoch': 0.13}
{'loss': 0.0281, 'grad_norm': 0.19943921267986298, 'learning_rate': 6.010526315789474e-05, 'epoch': 0.14}
{'loss': 0.0291, 'grad_norm': 0.10883127897977829, 'learning_rate': 5.905263157894737e-05, 'epoch': 0.14}
{'loss': 0.0285, 'grad_norm': 0.23100373148918152, 'learning_rate': 5.8e-05, 'epoch': 0.14}
{'loss': 0.0277, 'grad_norm': 0.1745372861623764, 'learning_rate': 5.694736842105264e-05, 'epoch': 0.15}
{'loss': 0.0289, 'grad_norm': 0.14798350632190704, 'learning_rate': 5.5894736842105266e-05, 'epoch': 0.15}
{'loss': 0.0286, 'grad_norm': 0.07868137210607529, 'learning_rate': 5.484210526315789e-05, 'epoch': 0.15}
{'loss': 0.0264, 'grad_norm': 0.12987446784973145, 'learning_rate': 5.378947368421053e-05, 'epoch': 0.16}
{'loss': 0.027, 'grad_norm': 0.16092950105667114, 'learning_rate': 5.2736842105263164e-05, 'epoch': 0.16}
{'eval_loss': 0.03270865976810455, 'eval_runtime': 124.743, 'eval_samples_per_second': 4.104, 'eval_steps_per_second': 4.104, 'epoch': 0.16}
{'synthetic/step_1/syntactic': 0.65, 'synthetic/step_1/format': 0.2, 'synthetic/step_1/correct': 0.25, 'synthetic/step_1/valid': 0.55, 'synthetic/step_2/syntactic': 0.4, 'synthetic/step_2/format': 0.05, 'synthetic/step_2/correct': 0.15, 'synthetic/step_2/valid': 0.4, 'synthetic/step_3/syntactic': 0.35, 'synthetic/step_3/format': 0.1, 'synthetic/step_3/correct': 0.25, 'synthetic/step_3/valid': 0.35, 'synthetic/step_4/syntactic': 0.4, 'synthetic/step_4/format': 0.1, 'synthetic/step_4/correct': 0.1, 'synthetic/step_4/valid': 0.2, 'synthetic/step_5/syntactic': 0.2, 'synthetic/step_5/format': 0.05, 'synthetic/step_5/correct': 0.1, 'synthetic/step_5/valid': 0.15, 'synthetic/step_6/syntactic': 0.05, 'synthetic/step_6/format': 0.05, 'synthetic/step_6/correct': 0.1, 'synthetic/step_6/valid': 0.05, 'synthetic/step_7/syntactic': 0.25, 'synthetic/step_7/format': 0.05, 'synthetic/step_7/correct': 0.25, 'synthetic/step_7/valid': 0.05, 'synthetic/step_8/syntactic': 0.3, 'synthetic/step_8/format': 0.1, 'synthetic/step_8/correct': 0.1, 'synthetic/step_8/valid': 0.25, 'synthetic/step_9/syntactic': 0.45, 'synthetic/step_9/format': 0.05, 'synthetic/step_9/correct': 0.15, 'synthetic/step_9/valid': 0.2, 'synthetic/step_10/syntactic': 0.4, 'synthetic/step_10/format': 0.05, 'synthetic/step_10/correct': 0.3, 'synthetic/step_10/valid': 0.25, 'synthetic/step_11/syntactic': 0.2, 'synthetic/step_11/format': 0.1, 'synthetic/step_11/correct': 0.2, 'synthetic/step_11/valid': 0.0, 'synthetic/step_12/syntactic': 0.15, 'synthetic/step_12/format': 0.05, 'synthetic/step_12/correct': 0.05, 'synthetic/step_12/valid': 0.15, 'synthetic/step_13/syntactic': 0.1, 'synthetic/step_13/format': 0.05, 'synthetic/step_13/correct': 0.1, 'synthetic/step_13/valid': 0.0, 'synthetic/step_14/syntactic': 0.05, 'synthetic/step_14/format': 0.05, 'synthetic/step_14/correct': 0.1, 'synthetic/step_14/valid': 0.05, 'synthetic/step_15/syntactic': 0.2, 'synthetic/step_15/format': 0.05, 'synthetic/step_15/correct': 0.1, 'synthetic/step_15/valid': 0.1, 'synthetic/step_16/syntactic': 0.15, 'synthetic/step_16/format': 0.1, 'synthetic/step_16/correct': 0.2, 'synthetic/step_16/valid': 0.05, 'synthetic/step_17/syntactic': 0.25, 'synthetic/step_17/format': 0.1, 'synthetic/step_17/correct': 0.1, 'synthetic/step_17/valid': 0.1, 'synthetic/step_18/syntactic': 0.25, 'synthetic/step_18/format': 0.1, 'synthetic/step_18/correct': 0.15, 'synthetic/step_18/valid': 0.1, 'synthetic/step_19/syntactic': 0.1, 'synthetic/step_19/format': 0.0, 'synthetic/step_19/correct': 0.05, 'synthetic/step_19/valid': 0.05, 'synthetic/step_20/syntactic': 0.15, 'synthetic/step_20/format': 0.1, 'synthetic/step_20/correct': 0.1, 'synthetic/step_20/valid': 0.0, 'epoch': 0.16}
{'loss': 0.0275, 'grad_norm': 0.14759735763072968, 'learning_rate': 5.168421052631579e-05, 'epoch': 0.16}
{'loss': 0.0279, 'grad_norm': 0.17274674773216248, 'learning_rate': 5.0631578947368416e-05, 'epoch': 0.17}
{'loss': 0.0286, 'grad_norm': 0.17371448874473572, 'learning_rate': 4.9578947368421055e-05, 'epoch': 0.17}
{'loss': 0.0282, 'grad_norm': 0.12783853709697723, 'learning_rate': 4.852631578947369e-05, 'epoch': 0.17}
{'loss': 0.0283, 'grad_norm': 0.06922139972448349, 'learning_rate': 4.747368421052632e-05, 'epoch': 0.18}
{'loss': 0.0295, 'grad_norm': 0.07446398586034775, 'learning_rate': 4.642105263157895e-05, 'epoch': 0.18}
{'loss': 0.0275, 'grad_norm': 0.11667992174625397, 'learning_rate': 4.536842105263158e-05, 'epoch': 0.18}
{'loss': 0.0256, 'grad_norm': 0.06917470693588257, 'learning_rate': 4.431578947368421e-05, 'epoch': 0.19}
{'loss': 0.0279, 'grad_norm': 0.08172288537025452, 'learning_rate': 4.3263157894736845e-05, 'epoch': 0.19}
{'loss': 0.0258, 'grad_norm': 0.17621049284934998, 'learning_rate': 4.221052631578948e-05, 'epoch': 0.19}
{'loss': 0.0255, 'grad_norm': 0.08900636434555054, 'learning_rate': 4.1157894736842104e-05, 'epoch': 0.2}
{'loss': 0.0263, 'grad_norm': 0.07918713986873627, 'learning_rate': 4.010526315789474e-05, 'epoch': 0.2}
{'loss': 0.0262, 'grad_norm': 0.09034132212400436, 'learning_rate': 3.905263157894737e-05, 'epoch': 0.2}
{'loss': 0.0255, 'grad_norm': 0.07648050040006638, 'learning_rate': 3.8e-05, 'epoch': 0.2}
{'loss': 0.0257, 'grad_norm': 0.10909096151590347, 'learning_rate': 3.6947368421052635e-05, 'epoch': 0.21}
{'loss': 0.0258, 'grad_norm': 0.1304732859134674, 'learning_rate': 3.589473684210527e-05, 'epoch': 0.21}
{'loss': 0.0257, 'grad_norm': 0.11068347841501236, 'learning_rate': 3.48421052631579e-05, 'epoch': 0.21}
{'loss': 0.0263, 'grad_norm': 0.08787059783935547, 'learning_rate': 3.3789473684210526e-05, 'epoch': 0.22}
{'loss': 0.0251, 'grad_norm': 0.136330708861351, 'learning_rate': 3.273684210526316e-05, 'epoch': 0.22}
{'loss': 0.0266, 'grad_norm': 0.08892528712749481, 'learning_rate': 3.168421052631579e-05, 'epoch': 0.22}
{'loss': 0.0265, 'grad_norm': 0.13456152379512787, 'learning_rate': 3.0631578947368425e-05, 'epoch': 0.23}
{'loss': 0.0242, 'grad_norm': 0.08402477949857712, 'learning_rate': 2.9578947368421057e-05, 'epoch': 0.23}
{'loss': 0.0253, 'grad_norm': 0.10600178688764572, 'learning_rate': 2.8526315789473683e-05, 'epoch': 0.23}
{'loss': 0.0274, 'grad_norm': 0.11057239770889282, 'learning_rate': 2.747368421052632e-05, 'epoch': 0.24}
{'loss': 0.0249, 'grad_norm': 0.0842810571193695, 'learning_rate': 2.6421052631578945e-05, 'epoch': 0.24}
{'loss': 0.0261, 'grad_norm': 0.08881650120019913, 'learning_rate': 2.536842105263158e-05, 'epoch': 0.24}
{'loss': 0.0253, 'grad_norm': 0.09320322424173355, 'learning_rate': 2.431578947368421e-05, 'epoch': 0.25}
{'loss': 0.0242, 'grad_norm': 0.08344029635190964, 'learning_rate': 2.3263157894736844e-05, 'epoch': 0.25}
{'loss': 0.0243, 'grad_norm': 0.07884004712104797, 'learning_rate': 2.2210526315789476e-05, 'epoch': 0.25}
{'loss': 0.0242, 'grad_norm': 0.10175523906946182, 'learning_rate': 2.1157894736842106e-05, 'epoch': 0.26}
{'loss': 0.0239, 'grad_norm': 0.10180482268333435, 'learning_rate': 2.010526315789474e-05, 'epoch': 0.26}
{'loss': 0.0252, 'grad_norm': 0.13449975848197937, 'learning_rate': 1.9052631578947368e-05, 'epoch': 0.26}
{'loss': 0.0228, 'grad_norm': 0.07713095843791962, 'learning_rate': 1.8e-05, 'epoch': 0.27}
{'loss': 0.0248, 'grad_norm': 0.11183030903339386, 'learning_rate': 1.694736842105263e-05, 'epoch': 0.27}
{'loss': 0.0246, 'grad_norm': 0.1683722734451294, 'learning_rate': 1.5894736842105266e-05, 'epoch': 0.27}
{'loss': 0.0252, 'grad_norm': 0.07448862493038177, 'learning_rate': 1.4842105263157895e-05, 'epoch': 0.28}
{'loss': 0.0242, 'grad_norm': 0.07817195355892181, 'learning_rate': 1.3789473684210526e-05, 'epoch': 0.28}
{'loss': 0.0237, 'grad_norm': 0.07682893425226212, 'learning_rate': 1.2736842105263157e-05, 'epoch': 0.28}
{'loss': 0.0247, 'grad_norm': 0.060349851846694946, 'learning_rate': 1.168421052631579e-05, 'epoch': 0.28}
{'loss': 0.0237, 'grad_norm': 0.06482750177383423, 'learning_rate': 1.0631578947368421e-05, 'epoch': 0.29}
{'loss': 0.0236, 'grad_norm': 0.08665519952774048, 'learning_rate': 9.578947368421052e-06, 'epoch': 0.29}
{'loss': 0.0248, 'grad_norm': 0.08589302003383636, 'learning_rate': 8.526315789473685e-06, 'epoch': 0.29}
{'loss': 0.0241, 'grad_norm': 0.06854413449764252, 'learning_rate': 7.473684210526316e-06, 'epoch': 0.3}
{'loss': 0.0244, 'grad_norm': 0.07259294390678406, 'learning_rate': 6.421052631578947e-06, 'epoch': 0.3}
{'loss': 0.0233, 'grad_norm': 0.08880123496055603, 'learning_rate': 5.36842105263158e-06, 'epoch': 0.3}
{'loss': 0.024, 'grad_norm': 0.07051548361778259, 'learning_rate': 4.315789473684211e-06, 'epoch': 0.31}
{'loss': 0.0245, 'grad_norm': 0.08155938982963562, 'learning_rate': 3.2631578947368423e-06, 'epoch': 0.31}
{'loss': 0.0236, 'grad_norm': 0.09380462765693665, 'learning_rate': 2.2105263157894738e-06, 'epoch': 0.31}
{'loss': 0.0249, 'grad_norm': 0.11362112313508987, 'learning_rate': 1.1578947368421055e-06, 'epoch': 0.32}
{'loss': 0.0247, 'grad_norm': 0.07665154337882996, 'learning_rate': 1.0526315789473685e-07, 'epoch': 0.32}
{'eval_loss': 0.030757926404476166, 'eval_runtime': 125.4205, 'eval_samples_per_second': 4.082, 'eval_steps_per_second': 4.082, 'epoch': 0.32}
{'synthetic/step_1/syntactic': 0.85, 'synthetic/step_1/format': 0.2, 'synthetic/step_1/correct': 0.35, 'synthetic/step_1/valid': 0.75, 'synthetic/step_2/syntactic': 0.5, 'synthetic/step_2/format': 0.15, 'synthetic/step_2/correct': 0.35, 'synthetic/step_2/valid': 0.5, 'synthetic/step_3/syntactic': 0.3, 'synthetic/step_3/format': 0.1, 'synthetic/step_3/correct': 0.35, 'synthetic/step_3/valid': 0.25, 'synthetic/step_4/syntactic': 0.7, 'synthetic/step_4/format': 0.1, 'synthetic/step_4/correct': 0.25, 'synthetic/step_4/valid': 0.5, 'synthetic/step_5/syntactic': 0.65, 'synthetic/step_5/format': 0.05, 'synthetic/step_5/correct': 0.1, 'synthetic/step_5/valid': 0.5, 'synthetic/step_6/syntactic': 0.3, 'synthetic/step_6/format': 0.05, 'synthetic/step_6/correct': 0.35, 'synthetic/step_6/valid': 0.2, 'synthetic/step_7/syntactic': 0.4, 'synthetic/step_7/format': 0.05, 'synthetic/step_7/correct': 0.3, 'synthetic/step_7/valid': 0.25, 'synthetic/step_8/syntactic': 0.6, 'synthetic/step_8/format': 0.1, 'synthetic/step_8/correct': 0.5, 'synthetic/step_8/valid': 0.55, 'synthetic/step_9/syntactic': 0.5, 'synthetic/step_9/format': 0.05, 'synthetic/step_9/correct': 0.5, 'synthetic/step_9/valid': 0.45, 'synthetic/step_10/syntactic': 0.65, 'synthetic/step_10/format': 0.05, 'synthetic/step_10/correct': 0.55, 'synthetic/step_10/valid': 0.5, 'synthetic/step_11/syntactic': 0.65, 'synthetic/step_11/format': 0.1, 'synthetic/step_11/correct': 0.55, 'synthetic/step_11/valid': 0.4, 'synthetic/step_12/syntactic': 0.7, 'synthetic/step_12/format': 0.05, 'synthetic/step_12/correct': 0.5, 'synthetic/step_12/valid': 0.6, 'synthetic/step_13/syntactic': 0.85, 'synthetic/step_13/format': 0.05, 'synthetic/step_13/correct': 0.75, 'synthetic/step_13/valid': 0.2, 'synthetic/step_14/syntactic': 0.4, 'synthetic/step_14/format': 0.05, 'synthetic/step_14/correct': 0.35, 'synthetic/step_14/valid': 0.2, 'synthetic/step_15/syntactic': 0.65, 'synthetic/step_15/format': 0.05, 'synthetic/step_15/correct': 0.5, 'synthetic/step_15/valid': 0.3, 'synthetic/step_16/syntactic': 0.65, 'synthetic/step_16/format': 0.1, 'synthetic/step_16/correct': 0.5, 'synthetic/step_16/valid': 0.25, 'synthetic/step_17/syntactic': 0.55, 'synthetic/step_17/format': 0.1, 'synthetic/step_17/correct': 0.35, 'synthetic/step_17/valid': 0.2, 'synthetic/step_18/syntactic': 0.65, 'synthetic/step_18/format': 0.1, 'synthetic/step_18/correct': 0.55, 'synthetic/step_18/valid': 0.05, 'synthetic/step_19/syntactic': 0.45, 'synthetic/step_19/format': 0.0, 'synthetic/step_19/correct': 0.5, 'synthetic/step_19/valid': 0.2, 'synthetic/step_20/syntactic': 0.45, 'synthetic/step_20/format': 0.1, 'synthetic/step_20/correct': 0.3, 'synthetic/step_20/valid': 0.05, 'epoch': 0.32}
{'train_runtime': 7278.264, 'train_samples_per_second': 2.198, 'train_steps_per_second': 0.137, 'train_loss': 0.0657348662018776, 'epoch': 0.32}
[1;34mwandb[0m: 
[1;34mwandb[0m: 🚀 View run [33msft_hard_v3_lr1e-4_seed3407[0m at: [34mhttps://wandb.ai/filipelaitenberger/synthetic-rlvl/runs/56h20yux[0m
[1;34mwandb[0m: Find logs at: [1;35m../../../../atuin/c107fa/c107fa12/synthetic-RLVL/wandb/wandb/run-20260430_191046-56h20yux/logs[0m
=== JOB_STATISTICS ===
=== current date     : Thu Apr 30 21:12:12 CEST 2026
= Job-ID             : 3571294 on alex as 3571290_0
= Job-Name           : sft_hard_v3_lr1e4
= Job-Command        : /home/hpc/c107fa/c107fa12/synthetic-RLVL/scripts/slurm/sweeps/sft/hard_v3_lr1e4.slurm
= Initial workdir    : /home/hpc/c107fa/c107fa12/synthetic-RLVL
= Queue/Partition    : a100
= Slurm account      : c107fa with QOS=normal
= Features           : a100_80&el8
= Requested resources:  for 1-00:00:00
= Elapsed runtime    : 02:03:51
= Total RAM usage    : 31.8 GiB of assigned  GiB (%)
= Node list          : a0934
= Subm/Elig/Start/End: 2026-04-30T19:07:56 / 2026-04-30T19:07:57 / 2026-04-30T19:08:20 / 2026-04-30T21:12:11
======================
=== Quota infos ======
    Path              Used     SoftQ    HardQ    Gracetime  Filec    FileQ    FiHaQ    FileGrace    
    /home/hpc           48.4G   104.9G   209.7G        N/A      50K     500K   1,000K        N/A    
    /home/vault         42.7G  1048.6G  2097.2G        N/A     101K     200K     400K        N/A    
    atuin.rrze.uni-erlangen.de:/srv/home     5.9T     0.0K     0.0K        N/A     241K                          N/A    
======================
=== GPU utilization ==
gpu_name, gpu_bus_id, pid, gpu_utilization [%], mem_utilization [%], max_memory_usage [MiB], time [ms]
NVIDIA A100-SXM4-80GB, 00000000:4F:00.0, 13523, 86 %, 39 %, 80994 MiB, 7411277 ms
