### Starting TaskPrologue of job 3539274 on a0833 at Tue Apr 14 12:02:36 CEST 2026
Running on cores 96-111 with governor ondemand
Tue Apr 14 12:02:36 2026       
+-----------------------------------------------------------------------------------------+
| NVIDIA-SMI 590.48.01              Driver Version: 590.48.01      CUDA Version: 13.1     |
+-----------------------------------------+------------------------+----------------------+
| GPU  Name                 Persistence-M | Bus-Id          Disp.A | Volatile Uncorr. ECC |
| Fan  Temp   Perf          Pwr:Usage/Cap |           Memory-Usage | GPU-Util  Compute M. |
|                                         |                        |               MIG M. |
|=========================================+========================+======================|
|   0  NVIDIA A100-SXM4-80GB          On  |   00000000:CD:00.0 Off |                    0 |
| N/A   34C    P0             63W /  400W |       0MiB /  81920MiB |      0%      Default |
|                                         |                        |             Disabled |
+-----------------------------------------+------------------------+----------------------+

+-----------------------------------------------------------------------------------------+
| Processes:                                                                              |
|  GPU   GI   CI              PID   Type   Process name                        GPU Memory |
|        ID   ID                                                               Usage      |
|=========================================================================================|
|  No running processes found                                                             |
+-----------------------------------------------------------------------------------------+
### Finished TaskPrologue

[2026-04-14 12:03:02,200][accelerate.utils.modeling][INFO] - We will use 90% of the memory on device 0 for storing the model, and 10% for the buffer to avoid OOM. You can set `max_memory` in to a higher value to use more memory (at your own risk).
[2026-04-14 12:03:41,869][accelerate.utils.other][WARNING] - [RANK 0] Detected kernel version 4.18.0, which is below the recommended minimum of 5.5.0; this can cause the process to hang. It is recommended to upgrade the kernel to the minimum version or higher.
{'loss': 0.9222, 'grad_norm': 0.48760661482810974, 'learning_rate': 8.999999999999999e-05, 'epoch': 0.0}
{'loss': 0.3365, 'grad_norm': 0.5327619314193726, 'learning_rate': 0.00019, 'epoch': 0.0}
{'loss': 0.1291, 'grad_norm': 0.35200235247612, 'learning_rate': 0.00029, 'epoch': 0.0}
{'loss': 0.085, 'grad_norm': 0.23174072802066803, 'learning_rate': 0.00039000000000000005, 'epoch': 0.0}
{'loss': 0.0722, 'grad_norm': 0.48992353677749634, 'learning_rate': 0.00049, 'epoch': 0.01}
{'loss': 0.0909, 'grad_norm': 0.0802118182182312, 'learning_rate': 0.0004995477386934673, 'epoch': 0.01}
{'loss': 0.072, 'grad_norm': 0.15354472398757935, 'learning_rate': 0.0004990452261306533, 'epoch': 0.01}
{'loss': 0.0782, 'grad_norm': 0.2755880355834961, 'learning_rate': 0.0004985427135678392, 'epoch': 0.01}
{'loss': 0.0869, 'grad_norm': 0.18953198194503784, 'learning_rate': 0.0004980402010050251, 'epoch': 0.01}
{'loss': 0.0638, 'grad_norm': 0.1439572423696518, 'learning_rate': 0.000497537688442211, 'epoch': 0.01}
{'loss': 0.0814, 'grad_norm': 0.11198503524065018, 'learning_rate': 0.000497035175879397, 'epoch': 0.01}
{'loss': 0.0771, 'grad_norm': 0.548346996307373, 'learning_rate': 0.0004965326633165829, 'epoch': 0.01}
{'loss': 0.0851, 'grad_norm': 0.6012334227561951, 'learning_rate': 0.0004960301507537688, 'epoch': 0.01}
{'loss': 0.0723, 'grad_norm': 0.13353897631168365, 'learning_rate': 0.0004955276381909548, 'epoch': 0.01}
{'loss': 0.0722, 'grad_norm': 0.2559076249599457, 'learning_rate': 0.0004950251256281408, 'epoch': 0.01}
{'loss': 0.085, 'grad_norm': 0.085420623421669, 'learning_rate': 0.0004945226130653266, 'epoch': 0.02}
{'loss': 0.0677, 'grad_norm': 0.1493820697069168, 'learning_rate': 0.0004940201005025125, 'epoch': 0.02}
{'loss': 0.0767, 'grad_norm': 0.07378343492746353, 'learning_rate': 0.0004935175879396985, 'epoch': 0.02}
{'loss': 0.081, 'grad_norm': 0.5132001638412476, 'learning_rate': 0.0004930150753768845, 'epoch': 0.02}
{'loss': 0.0712, 'grad_norm': 0.2682071924209595, 'learning_rate': 0.0004925125628140704, 'epoch': 0.02}
{'loss': 0.0723, 'grad_norm': 0.0923851728439331, 'learning_rate': 0.0004920100502512563, 'epoch': 0.02}
{'loss': 0.0937, 'grad_norm': 0.1556353121995926, 'learning_rate': 0.0004915075376884422, 'epoch': 0.02}
{'loss': 0.0897, 'grad_norm': 0.12782882153987885, 'learning_rate': 0.0004910050251256281, 'epoch': 0.02}
{'loss': 0.0733, 'grad_norm': 0.8044551610946655, 'learning_rate': 0.0004905025125628141, 'epoch': 0.02}
{'loss': 0.0804, 'grad_norm': 0.8455495834350586, 'learning_rate': 0.00049, 'epoch': 0.03}
{'loss': 0.0806, 'grad_norm': 0.4820457398891449, 'learning_rate': 0.000489497487437186, 'epoch': 0.03}
{'loss': 0.0691, 'grad_norm': 0.07390076667070389, 'learning_rate': 0.0004889949748743718, 'epoch': 0.03}
{'loss': 0.103, 'grad_norm': 0.25272035598754883, 'learning_rate': 0.0004884924623115578, 'epoch': 0.03}
{'loss': 0.0748, 'grad_norm': 0.16818319261074066, 'learning_rate': 0.0004879899497487437, 'epoch': 0.03}
{'loss': 0.0789, 'grad_norm': 0.8569142818450928, 'learning_rate': 0.00048748743718592965, 'epoch': 0.03}
{'loss': 0.0977, 'grad_norm': 0.8456299901008606, 'learning_rate': 0.00048698492462311563, 'epoch': 0.03}
{'loss': 0.0777, 'grad_norm': 0.24069949984550476, 'learning_rate': 0.0004864824120603015, 'epoch': 0.03}
{'loss': 0.0946, 'grad_norm': 0.08961271494626999, 'learning_rate': 0.00048597989949748744, 'epoch': 0.03}
{'loss': 0.0602, 'grad_norm': 0.06591437011957169, 'learning_rate': 0.0004854773869346734, 'epoch': 0.03}
{'loss': 0.0784, 'grad_norm': 0.09630638360977173, 'learning_rate': 0.0004849748743718593, 'epoch': 0.04}
{'loss': 0.0727, 'grad_norm': 0.12650860846042633, 'learning_rate': 0.00048447236180904524, 'epoch': 0.04}
{'loss': 0.0618, 'grad_norm': 0.07599946111440659, 'learning_rate': 0.0004839698492462312, 'epoch': 0.04}
{'loss': 0.0701, 'grad_norm': 0.07432553917169571, 'learning_rate': 0.0004834673366834171, 'epoch': 0.04}
{'loss': 0.0694, 'grad_norm': 0.04200740531086922, 'learning_rate': 0.00048296482412060304, 'epoch': 0.04}
{'loss': 0.0669, 'grad_norm': 0.13698726892471313, 'learning_rate': 0.00048246231155778897, 'epoch': 0.04}
{'loss': 0.0698, 'grad_norm': 0.16414165496826172, 'learning_rate': 0.0004819597989949749, 'epoch': 0.04}
{'loss': 0.0812, 'grad_norm': 0.10683690756559372, 'learning_rate': 0.0004814572864321608, 'epoch': 0.04}
{'loss': 0.0661, 'grad_norm': 0.4518098831176758, 'learning_rate': 0.0004809547738693467, 'epoch': 0.04}
{'loss': 0.0577, 'grad_norm': 0.07075502723455429, 'learning_rate': 0.0004804522613065327, 'epoch': 0.04}
{'loss': 0.07, 'grad_norm': 0.07916274666786194, 'learning_rate': 0.00047994974874371863, 'epoch': 0.04}
{'loss': 0.0648, 'grad_norm': 0.06838108599185944, 'learning_rate': 0.0004794472361809045, 'epoch': 0.05}
{'loss': 0.0642, 'grad_norm': 0.07249736785888672, 'learning_rate': 0.00047894472361809044, 'epoch': 0.05}
{'loss': 0.0629, 'grad_norm': 0.07597334682941437, 'learning_rate': 0.00047844221105527643, 'epoch': 0.05}
{'loss': 0.0762, 'grad_norm': 0.23865877091884613, 'learning_rate': 0.0004779396984924623, 'epoch': 0.05}
{'loss': 0.0673, 'grad_norm': 0.21368247270584106, 'learning_rate': 0.00047743718592964824, 'epoch': 0.05}
{'loss': 0.0688, 'grad_norm': 0.08149149268865585, 'learning_rate': 0.00047693467336683417, 'epoch': 0.05}
{'loss': 0.0567, 'grad_norm': 0.12633563578128815, 'learning_rate': 0.0004764321608040201, 'epoch': 0.05}
{'loss': 0.0649, 'grad_norm': 0.07126763463020325, 'learning_rate': 0.00047592964824120604, 'epoch': 0.05}
{'loss': 0.0674, 'grad_norm': 0.06155342236161232, 'learning_rate': 0.00047542713567839197, 'epoch': 0.05}
{'loss': 0.067, 'grad_norm': 0.06924217194318771, 'learning_rate': 0.0004749246231155779, 'epoch': 0.06}
{'loss': 0.073, 'grad_norm': 0.06778893619775772, 'learning_rate': 0.00047442211055276383, 'epoch': 0.06}
{'loss': 0.0672, 'grad_norm': 0.046960555016994476, 'learning_rate': 0.00047391959798994977, 'epoch': 0.06}
{'loss': 0.0629, 'grad_norm': 0.04933701828122139, 'learning_rate': 0.0004734170854271357, 'epoch': 0.06}
{'loss': 0.0643, 'grad_norm': 0.09319820255041122, 'learning_rate': 0.0004729145728643216, 'epoch': 0.06}
{'loss': 0.0702, 'grad_norm': 0.043439049273729324, 'learning_rate': 0.00047241206030150756, 'epoch': 0.06}
{'loss': 0.07, 'grad_norm': 0.059157270938158035, 'learning_rate': 0.0004719095477386935, 'epoch': 0.06}
{'loss': 0.0771, 'grad_norm': 0.07109389454126358, 'learning_rate': 0.00047140703517587943, 'epoch': 0.06}
{'loss': 0.0652, 'grad_norm': 0.05659152939915657, 'learning_rate': 0.0004709045226130653, 'epoch': 0.06}
{'loss': 0.0779, 'grad_norm': 0.12484128028154373, 'learning_rate': 0.00047040201005025124, 'epoch': 0.06}
{'loss': 0.0519, 'grad_norm': 0.050714291632175446, 'learning_rate': 0.0004698994974874372, 'epoch': 0.07}
{'loss': 0.062, 'grad_norm': 0.9511240720748901, 'learning_rate': 0.0004693969849246231, 'epoch': 0.07}
{'loss': 0.0673, 'grad_norm': 0.07931802421808243, 'learning_rate': 0.00046889447236180904, 'epoch': 0.07}
{'loss': 0.0606, 'grad_norm': 0.19396305084228516, 'learning_rate': 0.00046839195979899497, 'epoch': 0.07}
{'loss': 0.0933, 'grad_norm': 0.16059152781963348, 'learning_rate': 0.00046788944723618096, 'epoch': 0.07}
{'loss': 0.0622, 'grad_norm': 0.07894964516162872, 'learning_rate': 0.00046738693467336683, 'epoch': 0.07}
{'loss': 0.0757, 'grad_norm': 0.09549595415592194, 'learning_rate': 0.00046688442211055277, 'epoch': 0.07}
{'loss': 0.0586, 'grad_norm': 0.20853236317634583, 'learning_rate': 0.0004663819095477387, 'epoch': 0.07}
{'loss': 0.0641, 'grad_norm': 0.19666308164596558, 'learning_rate': 0.00046587939698492463, 'epoch': 0.07}
{'loss': 0.0659, 'grad_norm': 0.06812875717878342, 'learning_rate': 0.00046537688442211056, 'epoch': 0.07}
{'loss': 0.0651, 'grad_norm': 0.12080539017915726, 'learning_rate': 0.0004648743718592965, 'epoch': 0.07}
{'loss': 0.075, 'grad_norm': 0.07411526143550873, 'learning_rate': 0.0004643718592964824, 'epoch': 0.08}
{'loss': 0.0778, 'grad_norm': 0.5194242000579834, 'learning_rate': 0.00046386934673366836, 'epoch': 0.08}
{'loss': 0.0786, 'grad_norm': 0.06487946957349777, 'learning_rate': 0.0004633668341708543, 'epoch': 0.08}
{'loss': 0.0657, 'grad_norm': 0.09020888805389404, 'learning_rate': 0.0004628643216080402, 'epoch': 0.08}
{'loss': 0.064, 'grad_norm': 0.2763081192970276, 'learning_rate': 0.0004623618090452261, 'epoch': 0.08}
{'loss': 0.0759, 'grad_norm': 0.0903782770037651, 'learning_rate': 0.0004618592964824121, 'epoch': 0.08}
{'loss': 0.0841, 'grad_norm': 0.1263386607170105, 'learning_rate': 0.000461356783919598, 'epoch': 0.08}
{'loss': 0.0643, 'grad_norm': 0.42346128821372986, 'learning_rate': 0.0004608542713567839, 'epoch': 0.08}
{'loss': 0.0656, 'grad_norm': 0.10855879634618759, 'learning_rate': 0.00046035175879396983, 'epoch': 0.08}
{'loss': 0.0663, 'grad_norm': 0.1343347728252411, 'learning_rate': 0.0004598492462311558, 'epoch': 0.09}
{'loss': 0.0797, 'grad_norm': 0.04947656765580177, 'learning_rate': 0.00045934673366834175, 'epoch': 0.09}
{'loss': 0.0685, 'grad_norm': 0.07136868685483932, 'learning_rate': 0.00045884422110552763, 'epoch': 0.09}
{'loss': 0.0764, 'grad_norm': 0.07406257092952728, 'learning_rate': 0.00045834170854271356, 'epoch': 0.09}
{'loss': 0.0584, 'grad_norm': 0.07065417617559433, 'learning_rate': 0.0004578391959798995, 'epoch': 0.09}
{'loss': 0.0812, 'grad_norm': 0.31763526797294617, 'learning_rate': 0.00045733668341708543, 'epoch': 0.09}
{'loss': 0.0615, 'grad_norm': 0.10607700049877167, 'learning_rate': 0.00045683417085427136, 'epoch': 0.09}
{'loss': 0.0728, 'grad_norm': 0.31766200065612793, 'learning_rate': 0.0004563316582914573, 'epoch': 0.09}
{'loss': 0.0795, 'grad_norm': 0.5892154574394226, 'learning_rate': 0.0004558291457286432, 'epoch': 0.09}
{'loss': 0.0693, 'grad_norm': 0.0747586116194725, 'learning_rate': 0.00045532663316582916, 'epoch': 0.09}
{'loss': 0.0714, 'grad_norm': 0.08315575867891312, 'learning_rate': 0.0004548241206030151, 'epoch': 0.1}
{'loss': 0.084, 'grad_norm': 0.06939126551151276, 'learning_rate': 0.000454321608040201, 'epoch': 0.1}
{'loss': 0.0707, 'grad_norm': 0.1029830202460289, 'learning_rate': 0.0004538190954773869, 'epoch': 0.1}
{'loss': 0.0823, 'grad_norm': 0.32395708560943604, 'learning_rate': 0.0004533165829145729, 'epoch': 0.1}
{'loss': 0.0673, 'grad_norm': 0.17344097793102264, 'learning_rate': 0.0004528140703517588, 'epoch': 0.1}
{'loss': 0.0939, 'grad_norm': 0.722135066986084, 'learning_rate': 0.00045231155778894475, 'epoch': 0.1}
{'eval_loss': 0.11405349522829056, 'eval_runtime': 74.0112, 'eval_samples_per_second': 6.918, 'eval_steps_per_second': 6.918, 'epoch': 0.1}
{'synthetic/step_1/format': 1.0, 'synthetic/step_1/correct': 1.0, 'synthetic/step_1/valid': 1.0, 'synthetic/step_2/format': 1.0, 'synthetic/step_2/correct': 1.0, 'synthetic/step_2/valid': 1.0, 'synthetic/step_3/format': 1.0, 'synthetic/step_3/correct': 1.0, 'synthetic/step_3/valid': 1.0, 'synthetic/step_4/format': 1.0, 'synthetic/step_4/correct': 0.95, 'synthetic/step_4/valid': 0.95, 'synthetic/step_5/format': 0.95, 'synthetic/step_5/correct': 0.85, 'synthetic/step_5/valid': 0.7, 'synthetic/step_6/format': 0.05, 'synthetic/step_6/correct': 0.0, 'synthetic/step_6/valid': 0.0, 'synthetic/step_7/format': 0.05, 'synthetic/step_7/correct': 0.0, 'synthetic/step_7/valid': 0.0, 'synthetic/step_8/format': 0.0, 'synthetic/step_8/correct': 0.0, 'synthetic/step_8/valid': 0.0, 'synthetic/step_9/format': 0.0, 'synthetic/step_9/correct': 0.0, 'synthetic/step_9/valid': 0.0, 'synthetic/step_10/format': 0.0, 'synthetic/step_10/correct': 0.0, 'synthetic/step_10/valid': 0.0, 'synthetic/step_11/format': 0.0, 'synthetic/step_11/correct': 0.0, 'synthetic/step_11/valid': 0.0, 'synthetic/step_12/format': 0.0, 'synthetic/step_12/correct': 0.0, 'synthetic/step_12/valid': 0.0, 'synthetic/step_13/format': 0.0, 'synthetic/step_13/correct': 0.0, 'synthetic/step_13/valid': 0.0, 'synthetic/step_14/format': 0.0, 'synthetic/step_14/correct': 0.0, 'synthetic/step_14/valid': 0.0, 'synthetic/step_15/format': 0.0, 'synthetic/step_15/correct': 0.0, 'synthetic/step_15/valid': 0.0, 'synthetic/step_16/format': 0.0, 'synthetic/step_16/correct': 0.0, 'synthetic/step_16/valid': 0.0, 'synthetic/step_17/format': 0.0, 'synthetic/step_17/correct': 0.0, 'synthetic/step_17/valid': 0.0, 'synthetic/step_18/format': 0.0, 'synthetic/step_18/correct': 0.0, 'synthetic/step_18/valid': 0.0, 'synthetic/step_19/format': 0.0, 'synthetic/step_19/correct': 0.0, 'synthetic/step_19/valid': 0.0, 'synthetic/step_20/format': 0.0, 'synthetic/step_20/correct': 0.0, 'synthetic/step_20/valid': 0.0, 'epoch': 0.1}
{'loss': 0.063, 'grad_norm': 0.49414193630218506, 'learning_rate': 0.00045180904522613063, 'epoch': 0.1}
{'loss': 0.1067, 'grad_norm': 0.7029244303703308, 'learning_rate': 0.0004513065326633166, 'epoch': 0.1}
{'loss': 0.0932, 'grad_norm': 0.08079979568719864, 'learning_rate': 0.00045080402010050255, 'epoch': 0.1}
{'loss': 0.0639, 'grad_norm': 0.09674426168203354, 'learning_rate': 0.00045030150753768843, 'epoch': 0.1}
{'loss': 0.0799, 'grad_norm': 0.2904263734817505, 'learning_rate': 0.00044979899497487436, 'epoch': 0.1}
{'loss': 0.0692, 'grad_norm': 0.5600414872169495, 'learning_rate': 0.00044929648241206035, 'epoch': 0.11}
{'loss': 0.0726, 'grad_norm': 0.4104296565055847, 'learning_rate': 0.0004487939698492463, 'epoch': 0.11}
{'loss': 0.0623, 'grad_norm': 4.477579593658447, 'learning_rate': 0.00044829145728643216, 'epoch': 0.11}
{'loss': 0.0988, 'grad_norm': 0.4603719413280487, 'learning_rate': 0.0004477889447236181, 'epoch': 0.11}
{'loss': 0.0672, 'grad_norm': 0.9886837601661682, 'learning_rate': 0.000447286432160804, 'epoch': 0.11}
{'loss': 0.0782, 'grad_norm': 0.20559976994991302, 'learning_rate': 0.00044678391959798996, 'epoch': 0.11}
{'loss': 0.085, 'grad_norm': 0.293677419424057, 'learning_rate': 0.0004462814070351759, 'epoch': 0.11}
{'loss': 0.0716, 'grad_norm': 0.07418029755353928, 'learning_rate': 0.0004457788944723618, 'epoch': 0.11}
{'loss': 0.0678, 'grad_norm': 0.10986320674419403, 'learning_rate': 0.0004452763819095477, 'epoch': 0.11}
{'loss': 0.0576, 'grad_norm': 0.1118159219622612, 'learning_rate': 0.0004447738693467337, 'epoch': 0.12}
{'loss': 0.0661, 'grad_norm': 0.7369347214698792, 'learning_rate': 0.0004442713567839196, 'epoch': 0.12}
{'loss': 0.0758, 'grad_norm': 0.20698048174381256, 'learning_rate': 0.00044376884422110555, 'epoch': 0.12}
{'loss': 0.0677, 'grad_norm': 0.6184347867965698, 'learning_rate': 0.00044326633165829143, 'epoch': 0.12}
{'loss': 0.0899, 'grad_norm': 0.8136131167411804, 'learning_rate': 0.0004427638190954774, 'epoch': 0.12}
{'loss': 0.0691, 'grad_norm': 0.04552813991904259, 'learning_rate': 0.00044226130653266335, 'epoch': 0.12}
{'loss': 0.0578, 'grad_norm': 0.06418135017156601, 'learning_rate': 0.0004417587939698492, 'epoch': 0.12}
{'loss': 0.0792, 'grad_norm': 0.5151651501655579, 'learning_rate': 0.00044125628140703516, 'epoch': 0.12}
{'loss': 0.0811, 'grad_norm': 0.12970323860645294, 'learning_rate': 0.00044075376884422114, 'epoch': 0.12}
{'loss': 0.0733, 'grad_norm': 1.4375840425491333, 'learning_rate': 0.0004402512562814071, 'epoch': 0.12}
{'loss': 0.0615, 'grad_norm': 0.13074728846549988, 'learning_rate': 0.00043974874371859295, 'epoch': 0.12}
{'loss': 0.0634, 'grad_norm': 0.2155349999666214, 'learning_rate': 0.0004392462311557789, 'epoch': 0.13}
{'loss': 0.0719, 'grad_norm': 0.4754297733306885, 'learning_rate': 0.0004387437185929649, 'epoch': 0.13}
{'loss': 0.0845, 'grad_norm': 0.319382905960083, 'learning_rate': 0.00043824120603015075, 'epoch': 0.13}
{'loss': 0.0584, 'grad_norm': 0.08772271871566772, 'learning_rate': 0.0004377386934673367, 'epoch': 0.13}
{'loss': 0.0696, 'grad_norm': 0.3380652964115143, 'learning_rate': 0.0004372361809045226, 'epoch': 0.13}
{'loss': 0.094, 'grad_norm': 0.9005076289176941, 'learning_rate': 0.0004367336683417086, 'epoch': 0.13}
{'loss': 0.0826, 'grad_norm': 0.14352670311927795, 'learning_rate': 0.0004362311557788945, 'epoch': 0.13}
{'loss': 0.0751, 'grad_norm': 0.38882720470428467, 'learning_rate': 0.0004357286432160804, 'epoch': 0.13}
{'loss': 0.0757, 'grad_norm': 0.06434421241283417, 'learning_rate': 0.00043522613065326635, 'epoch': 0.13}
{'loss': 0.0728, 'grad_norm': 0.523987889289856, 'learning_rate': 0.0004347236180904522, 'epoch': 0.14}
{'loss': 0.0764, 'grad_norm': 0.05831703543663025, 'learning_rate': 0.0004342211055276382, 'epoch': 0.14}
{'loss': 0.0864, 'grad_norm': 0.07831742614507675, 'learning_rate': 0.00043371859296482414, 'epoch': 0.14}
{'loss': 0.0771, 'grad_norm': 0.13868995010852814, 'learning_rate': 0.00043321608040201, 'epoch': 0.14}
{'loss': 0.071, 'grad_norm': 0.8842800855636597, 'learning_rate': 0.00043271356783919595, 'epoch': 0.14}
{'loss': 0.0769, 'grad_norm': 0.9701462388038635, 'learning_rate': 0.00043221105527638194, 'epoch': 0.14}
{'loss': 0.0716, 'grad_norm': 0.23108559846878052, 'learning_rate': 0.0004317085427135679, 'epoch': 0.14}
{'loss': 0.0777, 'grad_norm': 0.19266313314437866, 'learning_rate': 0.00043120603015075375, 'epoch': 0.14}
{'loss': 0.0672, 'grad_norm': 0.0733436867594719, 'learning_rate': 0.0004307035175879397, 'epoch': 0.14}
{'loss': 0.0836, 'grad_norm': 0.12109415233135223, 'learning_rate': 0.00043020100502512567, 'epoch': 0.14}
{'loss': 0.0749, 'grad_norm': 0.40692630410194397, 'learning_rate': 0.00042969849246231155, 'epoch': 0.14}
{'loss': 0.0758, 'grad_norm': 0.6097468137741089, 'learning_rate': 0.0004291959798994975, 'epoch': 0.15}
{'loss': 0.0686, 'grad_norm': 0.11393136531114578, 'learning_rate': 0.0004286934673366834, 'epoch': 0.15}
{'loss': 0.0766, 'grad_norm': 0.0790056511759758, 'learning_rate': 0.0004281909547738694, 'epoch': 0.15}
{'loss': 0.0714, 'grad_norm': 0.06542477011680603, 'learning_rate': 0.0004276884422110553, 'epoch': 0.15}
{'loss': 0.0724, 'grad_norm': 0.5165563821792603, 'learning_rate': 0.0004271859296482412, 'epoch': 0.15}
{'loss': 0.0646, 'grad_norm': 0.11636028438806534, 'learning_rate': 0.00042668341708542714, 'epoch': 0.15}
{'loss': 0.07, 'grad_norm': 0.11592426896095276, 'learning_rate': 0.0004261809045226131, 'epoch': 0.15}
{'loss': 0.0588, 'grad_norm': 0.6349881291389465, 'learning_rate': 0.000425678391959799, 'epoch': 0.15}
{'loss': 0.0453, 'grad_norm': 0.3866797089576721, 'learning_rate': 0.00042517587939698494, 'epoch': 0.15}
{'loss': 0.0904, 'grad_norm': 0.18571600317955017, 'learning_rate': 0.0004246733668341709, 'epoch': 0.15}
{'loss': 0.0765, 'grad_norm': 0.1274072676897049, 'learning_rate': 0.00042417085427135675, 'epoch': 0.16}
{'loss': 0.071, 'grad_norm': 0.39932700991630554, 'learning_rate': 0.00042366834170854274, 'epoch': 0.16}
{'loss': 0.0743, 'grad_norm': 0.14182499051094055, 'learning_rate': 0.00042316582914572867, 'epoch': 0.16}
{'loss': 0.0735, 'grad_norm': 0.30287089943885803, 'learning_rate': 0.00042266331658291455, 'epoch': 0.16}
{'loss': 0.0798, 'grad_norm': 0.08582168072462082, 'learning_rate': 0.0004221608040201005, 'epoch': 0.16}
{'loss': 0.0606, 'grad_norm': 0.32808393239974976, 'learning_rate': 0.00042165829145728647, 'epoch': 0.16}
{'loss': 0.07, 'grad_norm': 0.0716802179813385, 'learning_rate': 0.0004211557788944724, 'epoch': 0.16}
{'loss': 0.0697, 'grad_norm': 0.10188881307840347, 'learning_rate': 0.0004206532663316583, 'epoch': 0.16}
{'loss': 0.0771, 'grad_norm': 0.04563802853226662, 'learning_rate': 0.0004201507537688442, 'epoch': 0.16}
{'loss': 0.0931, 'grad_norm': 0.08821572363376617, 'learning_rate': 0.0004196482412060302, 'epoch': 0.17}
{'loss': 0.0702, 'grad_norm': 0.05573755130171776, 'learning_rate': 0.0004191457286432161, 'epoch': 0.17}
{'loss': 0.0683, 'grad_norm': 0.05409598723053932, 'learning_rate': 0.000418643216080402, 'epoch': 0.17}
{'loss': 0.069, 'grad_norm': 0.1169477254152298, 'learning_rate': 0.00041814070351758794, 'epoch': 0.17}
{'loss': 0.0644, 'grad_norm': 0.955292284488678, 'learning_rate': 0.0004176381909547739, 'epoch': 0.17}
{'loss': 0.0903, 'grad_norm': 0.6552726626396179, 'learning_rate': 0.0004171356783919598, 'epoch': 0.17}
{'loss': 0.066, 'grad_norm': 0.10223272442817688, 'learning_rate': 0.00041663316582914574, 'epoch': 0.17}
{'loss': 0.0608, 'grad_norm': 0.3483271598815918, 'learning_rate': 0.00041613065326633167, 'epoch': 0.17}
{'loss': 0.0619, 'grad_norm': 0.6291608214378357, 'learning_rate': 0.0004156281407035176, 'epoch': 0.17}
{'loss': 0.066, 'grad_norm': 1.606576681137085, 'learning_rate': 0.00041512562814070353, 'epoch': 0.17}
{'loss': 0.0635, 'grad_norm': 0.04980087652802467, 'learning_rate': 0.00041462311557788947, 'epoch': 0.17}
{'loss': 0.0502, 'grad_norm': 0.06783127784729004, 'learning_rate': 0.00041412060301507535, 'epoch': 0.18}
{'loss': 0.0732, 'grad_norm': 0.07037320733070374, 'learning_rate': 0.00041361809045226133, 'epoch': 0.18}
{'loss': 0.0843, 'grad_norm': 0.0694761723279953, 'learning_rate': 0.00041311557788944726, 'epoch': 0.18}
{'loss': 0.0726, 'grad_norm': 0.24262173473834991, 'learning_rate': 0.0004126130653266332, 'epoch': 0.18}
{'loss': 0.0705, 'grad_norm': 0.9938233494758606, 'learning_rate': 0.0004121105527638191, 'epoch': 0.18}
{'loss': 0.0706, 'grad_norm': 0.5710992217063904, 'learning_rate': 0.000411608040201005, 'epoch': 0.18}
{'loss': 0.0914, 'grad_norm': 1.1918821334838867, 'learning_rate': 0.000411105527638191, 'epoch': 0.18}
{'loss': 0.1232, 'grad_norm': 0.6548583507537842, 'learning_rate': 0.00041060301507537687, 'epoch': 0.18}
{'loss': 0.0736, 'grad_norm': 0.27761393785476685, 'learning_rate': 0.0004101005025125628, 'epoch': 0.18}
{'loss': 0.0783, 'grad_norm': 0.36297687888145447, 'learning_rate': 0.00040959798994974874, 'epoch': 0.18}
{'loss': 0.0885, 'grad_norm': 0.3198736608028412, 'learning_rate': 0.0004090954773869347, 'epoch': 0.19}
{'loss': 0.0834, 'grad_norm': 0.0668715387582779, 'learning_rate': 0.0004085929648241206, 'epoch': 0.19}
{'loss': 0.0806, 'grad_norm': 0.16581469774246216, 'learning_rate': 0.00040809045226130653, 'epoch': 0.19}
{'loss': 0.092, 'grad_norm': 0.6790158748626709, 'learning_rate': 0.00040758793969849247, 'epoch': 0.19}
{'loss': 0.1084, 'grad_norm': 1.997075080871582, 'learning_rate': 0.0004070854271356784, 'epoch': 0.19}
{'loss': 0.1104, 'grad_norm': 0.10349317640066147, 'learning_rate': 0.00040658291457286433, 'epoch': 0.19}
{'loss': 0.108, 'grad_norm': 0.2163342982530594, 'learning_rate': 0.00040608040201005026, 'epoch': 0.19}
{'loss': 0.0792, 'grad_norm': 0.40529999136924744, 'learning_rate': 0.0004055778894472362, 'epoch': 0.19}
{'loss': 0.098, 'grad_norm': 0.9173067212104797, 'learning_rate': 0.00040507537688442213, 'epoch': 0.19}
{'loss': 0.0998, 'grad_norm': 0.30200546979904175, 'learning_rate': 0.00040457286432160806, 'epoch': 0.2}
{'loss': 0.0709, 'grad_norm': 0.173296257853508, 'learning_rate': 0.000404070351758794, 'epoch': 0.2}
{'loss': 0.0634, 'grad_norm': 0.33047014474868774, 'learning_rate': 0.00040356783919597987, 'epoch': 0.2}
{'loss': 0.1321, 'grad_norm': 0.4771304428577423, 'learning_rate': 0.00040306532663316586, 'epoch': 0.2}
{'loss': 0.074, 'grad_norm': 0.46447259187698364, 'learning_rate': 0.0004025628140703518, 'epoch': 0.2}
{'loss': 0.1425, 'grad_norm': 0.39373794198036194, 'learning_rate': 0.00040206030150753767, 'epoch': 0.2}
{'eval_loss': 0.170859694480896, 'eval_runtime': 73.9847, 'eval_samples_per_second': 6.92, 'eval_steps_per_second': 6.92, 'epoch': 0.2}
{'synthetic/step_1/format': 1.0, 'synthetic/step_1/correct': 0.75, 'synthetic/step_1/valid': 0.95, 'synthetic/step_2/format': 1.0, 'synthetic/step_2/correct': 0.75, 'synthetic/step_2/valid': 1.0, 'synthetic/step_3/format': 1.0, 'synthetic/step_3/correct': 0.75, 'synthetic/step_3/valid': 1.0, 'synthetic/step_4/format': 0.9, 'synthetic/step_4/correct': 0.7, 'synthetic/step_4/valid': 0.8, 'synthetic/step_5/format': 0.8, 'synthetic/step_5/correct': 0.65, 'synthetic/step_5/valid': 0.6, 'synthetic/step_6/format': 0.05, 'synthetic/step_6/correct': 0.05, 'synthetic/step_6/valid': 0.0, 'synthetic/step_7/format': 0.0, 'synthetic/step_7/correct': 0.0, 'synthetic/step_7/valid': 0.0, 'synthetic/step_8/format': 0.05, 'synthetic/step_8/correct': 0.05, 'synthetic/step_8/valid': 0.0, 'synthetic/step_9/format': 0.0, 'synthetic/step_9/correct': 0.0, 'synthetic/step_9/valid': 0.0, 'synthetic/step_10/format': 0.0, 'synthetic/step_10/correct': 0.0, 'synthetic/step_10/valid': 0.0, 'synthetic/step_11/format': 0.0, 'synthetic/step_11/correct': 0.0, 'synthetic/step_11/valid': 0.0, 'synthetic/step_12/format': 0.0, 'synthetic/step_12/correct': 0.0, 'synthetic/step_12/valid': 0.0, 'synthetic/step_13/format': 0.0, 'synthetic/step_13/correct': 0.0, 'synthetic/step_13/valid': 0.0, 'synthetic/step_14/format': 0.0, 'synthetic/step_14/correct': 0.0, 'synthetic/step_14/valid': 0.0, 'synthetic/step_15/format': 0.0, 'synthetic/step_15/correct': 0.0, 'synthetic/step_15/valid': 0.0, 'synthetic/step_16/format': 0.0, 'synthetic/step_16/correct': 0.0, 'synthetic/step_16/valid': 0.0, 'synthetic/step_17/format': 0.05, 'synthetic/step_17/correct': 0.0, 'synthetic/step_17/valid': 0.0, 'synthetic/step_18/format': 0.0, 'synthetic/step_18/correct': 0.0, 'synthetic/step_18/valid': 0.0, 'synthetic/step_19/format': 0.0, 'synthetic/step_19/correct': 0.0, 'synthetic/step_19/valid': 0.0, 'synthetic/step_20/format': 0.0, 'synthetic/step_20/correct': 0.0, 'synthetic/step_20/valid': 0.0, 'epoch': 0.2}
{'loss': 0.0817, 'grad_norm': 0.9523478746414185, 'learning_rate': 0.0004015577889447236, 'epoch': 0.2}
{'loss': 0.0658, 'grad_norm': 0.14558255672454834, 'learning_rate': 0.00040105527638190953, 'epoch': 0.2}
{'loss': 0.1071, 'grad_norm': 0.7705577611923218, 'learning_rate': 0.0004005527638190955, 'epoch': 0.2}
{'loss': 0.0976, 'grad_norm': 0.12267064303159714, 'learning_rate': 0.0004000502512562814, 'epoch': 0.2}
{'loss': 0.0709, 'grad_norm': 0.07399805635213852, 'learning_rate': 0.00039954773869346733, 'epoch': 0.2}
{'loss': 0.0909, 'grad_norm': 0.20464745163917542, 'learning_rate': 0.00039904522613065326, 'epoch': 0.21}
{'loss': 0.094, 'grad_norm': 1.6403087377548218, 'learning_rate': 0.0003985427135678392, 'epoch': 0.21}
{'loss': 0.1235, 'grad_norm': 0.6148936152458191, 'learning_rate': 0.00039804020100502513, 'epoch': 0.21}
{'loss': 0.0714, 'grad_norm': 0.35556870698928833, 'learning_rate': 0.00039753768844221106, 'epoch': 0.21}
{'loss': 0.0869, 'grad_norm': 0.6208064556121826, 'learning_rate': 0.000397035175879397, 'epoch': 0.21}
{'loss': 0.088, 'grad_norm': 2.2113211154937744, 'learning_rate': 0.0003965326633165829, 'epoch': 0.21}
{'loss': 0.0868, 'grad_norm': 0.058455340564250946, 'learning_rate': 0.00039603015075376886, 'epoch': 0.21}
{'loss': 0.1456, 'grad_norm': 0.6363982558250427, 'learning_rate': 0.0003955276381909548, 'epoch': 0.21}
{'loss': 0.1738, 'grad_norm': 0.9717219471931458, 'learning_rate': 0.00039502512562814067, 'epoch': 0.21}
{'loss': 0.1009, 'grad_norm': 0.238198384642601, 'learning_rate': 0.00039452261306532666, 'epoch': 0.21}
{'loss': 0.0672, 'grad_norm': 0.40965405106544495, 'learning_rate': 0.0003940201005025126, 'epoch': 0.22}
{'loss': 0.0983, 'grad_norm': 0.6419880986213684, 'learning_rate': 0.0003935175879396985, 'epoch': 0.22}
{'loss': 0.0666, 'grad_norm': 0.11749617010354996, 'learning_rate': 0.0003930150753768844, 'epoch': 0.22}
{'loss': 0.0996, 'grad_norm': 0.12076187133789062, 'learning_rate': 0.0003925125628140704, 'epoch': 0.22}
{'loss': 0.0875, 'grad_norm': 0.12006738781929016, 'learning_rate': 0.0003920100502512563, 'epoch': 0.22}
{'loss': 0.0742, 'grad_norm': 0.2248227447271347, 'learning_rate': 0.0003915075376884422, 'epoch': 0.22}
{'loss': 0.0791, 'grad_norm': 0.46690070629119873, 'learning_rate': 0.00039100502512562813, 'epoch': 0.22}
{'loss': 0.104, 'grad_norm': 0.6197009086608887, 'learning_rate': 0.0003905025125628141, 'epoch': 0.22}
{'loss': 0.0676, 'grad_norm': 0.10739298909902573, 'learning_rate': 0.00039000000000000005, 'epoch': 0.22}
{'loss': 0.0876, 'grad_norm': 0.353549599647522, 'learning_rate': 0.0003894974874371859, 'epoch': 0.23}
{'loss': 0.0819, 'grad_norm': 0.3100821077823639, 'learning_rate': 0.00038899497487437186, 'epoch': 0.23}
{'loss': 0.0953, 'grad_norm': 0.16313669085502625, 'learning_rate': 0.0003884924623115578, 'epoch': 0.23}
{'loss': 0.0832, 'grad_norm': 0.5101355314254761, 'learning_rate': 0.0003879899497487437, 'epoch': 0.23}
{'loss': 0.0691, 'grad_norm': 0.26583966612815857, 'learning_rate': 0.00038748743718592966, 'epoch': 0.23}
{'loss': 0.1064, 'grad_norm': 0.28816500306129456, 'learning_rate': 0.0003869849246231156, 'epoch': 0.23}
{'loss': 0.0932, 'grad_norm': 0.10827754437923431, 'learning_rate': 0.00038648241206030147, 'epoch': 0.23}
{'loss': 0.0791, 'grad_norm': 0.42286163568496704, 'learning_rate': 0.00038597989949748745, 'epoch': 0.23}
{'loss': 0.0696, 'grad_norm': 0.1338147670030594, 'learning_rate': 0.0003854773869346734, 'epoch': 0.23}
{'loss': 0.0823, 'grad_norm': 1.1157209873199463, 'learning_rate': 0.0003849748743718593, 'epoch': 0.23}
{'loss': 0.0717, 'grad_norm': 0.07089486718177795, 'learning_rate': 0.0003844723618090452, 'epoch': 0.23}
{'loss': 0.0684, 'grad_norm': 0.0774032324552536, 'learning_rate': 0.0003839698492462312, 'epoch': 0.24}
{'loss': 0.0689, 'grad_norm': 0.1445363461971283, 'learning_rate': 0.0003834673366834171, 'epoch': 0.24}
{'loss': 0.0645, 'grad_norm': 0.11273977905511856, 'learning_rate': 0.000382964824120603, 'epoch': 0.24}
{'loss': 0.0642, 'grad_norm': 0.08944840729236603, 'learning_rate': 0.0003824623115577889, 'epoch': 0.24}
{'loss': 0.0686, 'grad_norm': 0.0916244313120842, 'learning_rate': 0.0003819597989949749, 'epoch': 0.24}
{'loss': 0.0714, 'grad_norm': 0.12590669095516205, 'learning_rate': 0.00038145728643216084, 'epoch': 0.24}
{'loss': 0.0492, 'grad_norm': 0.03918417543172836, 'learning_rate': 0.0003809547738693467, 'epoch': 0.24}
{'loss': 0.0649, 'grad_norm': 0.12720152735710144, 'learning_rate': 0.00038045226130653265, 'epoch': 0.24}
{'loss': 0.0589, 'grad_norm': 0.10817587375640869, 'learning_rate': 0.00037994974874371864, 'epoch': 0.24}
{'loss': 0.0593, 'grad_norm': 0.05238702520728111, 'learning_rate': 0.0003794472361809045, 'epoch': 0.24}
{'loss': 0.0829, 'grad_norm': 0.06634969264268875, 'learning_rate': 0.00037894472361809045, 'epoch': 0.25}
{'loss': 0.0985, 'grad_norm': 0.6865448951721191, 'learning_rate': 0.0003784422110552764, 'epoch': 0.25}
{'loss': 0.0644, 'grad_norm': 0.06505777686834335, 'learning_rate': 0.00037793969849246237, 'epoch': 0.25}
{'loss': 0.0582, 'grad_norm': 0.05564011260867119, 'learning_rate': 0.00037743718592964825, 'epoch': 0.25}
{'loss': 0.0626, 'grad_norm': 0.053321946412324905, 'learning_rate': 0.0003769346733668342, 'epoch': 0.25}
{'loss': 0.0782, 'grad_norm': 0.06943468004465103, 'learning_rate': 0.0003764321608040201, 'epoch': 0.25}
{'loss': 0.0765, 'grad_norm': 0.6321560144424438, 'learning_rate': 0.000375929648241206, 'epoch': 0.25}
{'loss': 0.0686, 'grad_norm': 0.05274534597992897, 'learning_rate': 0.000375427135678392, 'epoch': 0.25}
{'loss': 0.0603, 'grad_norm': 1.1528643369674683, 'learning_rate': 0.0003749246231155779, 'epoch': 0.25}
{'loss': 0.0798, 'grad_norm': 0.11833497136831284, 'learning_rate': 0.00037442211055276384, 'epoch': 0.26}
{'loss': 0.06, 'grad_norm': 0.045043013989925385, 'learning_rate': 0.0003739195979899497, 'epoch': 0.26}
{'loss': 0.0722, 'grad_norm': 0.060809798538684845, 'learning_rate': 0.0003734170854271357, 'epoch': 0.26}
{'loss': 0.0657, 'grad_norm': 0.05281578376889229, 'learning_rate': 0.00037291457286432164, 'epoch': 0.26}
{'loss': 0.0688, 'grad_norm': 0.053225670009851456, 'learning_rate': 0.0003724120603015075, 'epoch': 0.26}
{'loss': 0.0582, 'grad_norm': 0.08775951713323593, 'learning_rate': 0.00037190954773869345, 'epoch': 0.26}
{'loss': 0.0667, 'grad_norm': 0.06258361786603928, 'learning_rate': 0.00037140703517587944, 'epoch': 0.26}
{'loss': 0.0641, 'grad_norm': 0.03318004310131073, 'learning_rate': 0.0003709045226130653, 'epoch': 0.26}
{'loss': 0.0639, 'grad_norm': 0.08668127655982971, 'learning_rate': 0.00037040201005025125, 'epoch': 0.26}
{'loss': 0.0788, 'grad_norm': 1.2060143947601318, 'learning_rate': 0.0003698994974874372, 'epoch': 0.26}
{'loss': 0.0877, 'grad_norm': 1.5296440124511719, 'learning_rate': 0.00036939698492462317, 'epoch': 0.27}
{'loss': 0.0653, 'grad_norm': 0.37720373272895813, 'learning_rate': 0.00036889447236180905, 'epoch': 0.27}
{'loss': 0.0774, 'grad_norm': 0.17260877788066864, 'learning_rate': 0.000368391959798995, 'epoch': 0.27}
{'loss': 0.0612, 'grad_norm': 0.03950578719377518, 'learning_rate': 0.0003678894472361809, 'epoch': 0.27}
{'loss': 0.0651, 'grad_norm': 0.08434952795505524, 'learning_rate': 0.00036738693467336684, 'epoch': 0.27}
{'loss': 0.0662, 'grad_norm': 0.1144360676407814, 'learning_rate': 0.0003668844221105528, 'epoch': 0.27}
{'loss': 0.0781, 'grad_norm': 0.32995474338531494, 'learning_rate': 0.0003663819095477387, 'epoch': 0.27}
{'loss': 0.0691, 'grad_norm': 0.125421404838562, 'learning_rate': 0.00036587939698492464, 'epoch': 0.27}
{'loss': 0.065, 'grad_norm': 0.22202245891094208, 'learning_rate': 0.0003653768844221105, 'epoch': 0.27}
{'loss': 0.0634, 'grad_norm': 0.1177501305937767, 'learning_rate': 0.0003648743718592965, 'epoch': 0.27}
{'loss': 0.0594, 'grad_norm': 0.10969000309705734, 'learning_rate': 0.00036437185929648244, 'epoch': 0.28}
{'loss': 0.0524, 'grad_norm': 0.22585882246494293, 'learning_rate': 0.0003638693467336683, 'epoch': 0.28}
{'loss': 0.0687, 'grad_norm': 0.09388629347085953, 'learning_rate': 0.00036336683417085425, 'epoch': 0.28}
{'loss': 0.0848, 'grad_norm': 0.16914935410022736, 'learning_rate': 0.00036286432160804024, 'epoch': 0.28}
{'loss': 0.0635, 'grad_norm': 0.04883686080574989, 'learning_rate': 0.00036236180904522617, 'epoch': 0.28}
{'loss': 0.0823, 'grad_norm': 0.885911762714386, 'learning_rate': 0.00036185929648241205, 'epoch': 0.28}
{'loss': 0.0961, 'grad_norm': 0.4980847239494324, 'learning_rate': 0.000361356783919598, 'epoch': 0.28}
{'loss': 0.0653, 'grad_norm': 0.330716609954834, 'learning_rate': 0.00036085427135678396, 'epoch': 0.28}
{'loss': 0.0669, 'grad_norm': 0.47745299339294434, 'learning_rate': 0.00036035175879396984, 'epoch': 0.28}
{'loss': 0.0629, 'grad_norm': 0.05816586688160896, 'learning_rate': 0.0003598492462311558, 'epoch': 0.28}
{'loss': 0.0798, 'grad_norm': 0.11544384807348251, 'learning_rate': 0.0003593467336683417, 'epoch': 0.28}
{'loss': 0.0636, 'grad_norm': 0.48061633110046387, 'learning_rate': 0.0003588442211055277, 'epoch': 0.29}
{'loss': 0.0776, 'grad_norm': 0.9071178436279297, 'learning_rate': 0.00035834170854271357, 'epoch': 0.29}
{'loss': 0.0698, 'grad_norm': 0.2741045653820038, 'learning_rate': 0.0003578391959798995, 'epoch': 0.29}
{'loss': 0.0625, 'grad_norm': 0.05757127329707146, 'learning_rate': 0.00035733668341708544, 'epoch': 0.29}
{'loss': 0.075, 'grad_norm': 0.07373294234275818, 'learning_rate': 0.00035683417085427137, 'epoch': 0.29}
{'loss': 0.069, 'grad_norm': 0.113596111536026, 'learning_rate': 0.0003563316582914573, 'epoch': 0.29}
{'loss': 0.0538, 'grad_norm': 0.05943550914525986, 'learning_rate': 0.00035582914572864323, 'epoch': 0.29}
{'loss': 0.0635, 'grad_norm': 0.14481259882450104, 'learning_rate': 0.0003553266331658291, 'epoch': 0.29}
{'loss': 0.0627, 'grad_norm': 0.07793042063713074, 'learning_rate': 0.0003548241206030151, 'epoch': 0.29}
{'loss': 0.0799, 'grad_norm': 0.059689246118068695, 'learning_rate': 0.00035432160804020103, 'epoch': 0.29}
{'loss': 0.0572, 'grad_norm': 0.038809821009635925, 'learning_rate': 0.00035381909547738696, 'epoch': 0.3}
{'loss': 0.0729, 'grad_norm': 0.08205560594797134, 'learning_rate': 0.00035331658291457284, 'epoch': 0.3}
{'loss': 0.0598, 'grad_norm': 0.06922382116317749, 'learning_rate': 0.0003528140703517588, 'epoch': 0.3}
{'loss': 0.0713, 'grad_norm': 0.5937281250953674, 'learning_rate': 0.00035231155778894476, 'epoch': 0.3}
{'loss': 0.08, 'grad_norm': 0.06797908991575241, 'learning_rate': 0.00035180904522613064, 'epoch': 0.3}
{'eval_loss': 0.13699840009212494, 'eval_runtime': 74.0655, 'eval_samples_per_second': 6.913, 'eval_steps_per_second': 6.913, 'epoch': 0.3}
{'synthetic/step_1/format': 1.0, 'synthetic/step_1/correct': 1.0, 'synthetic/step_1/valid': 1.0, 'synthetic/step_2/format': 1.0, 'synthetic/step_2/correct': 0.95, 'synthetic/step_2/valid': 0.85, 'synthetic/step_3/format': 1.0, 'synthetic/step_3/correct': 0.95, 'synthetic/step_3/valid': 0.95, 'synthetic/step_4/format': 1.0, 'synthetic/step_4/correct': 1.0, 'synthetic/step_4/valid': 0.0, 'synthetic/step_5/format': 0.95, 'synthetic/step_5/correct': 0.95, 'synthetic/step_5/valid': 0.95, 'synthetic/step_6/format': 0.05, 'synthetic/step_6/correct': 0.0, 'synthetic/step_6/valid': 0.0, 'synthetic/step_7/format': 0.05, 'synthetic/step_7/correct': 0.0, 'synthetic/step_7/valid': 0.0, 'synthetic/step_8/format': 0.0, 'synthetic/step_8/correct': 0.0, 'synthetic/step_8/valid': 0.0, 'synthetic/step_9/format': 0.0, 'synthetic/step_9/correct': 0.0, 'synthetic/step_9/valid': 0.0, 'synthetic/step_10/format': 0.0, 'synthetic/step_10/correct': 0.0, 'synthetic/step_10/valid': 0.0, 'synthetic/step_11/format': 0.0, 'synthetic/step_11/correct': 0.0, 'synthetic/step_11/valid': 0.0, 'synthetic/step_12/format': 0.05, 'synthetic/step_12/correct': 0.0, 'synthetic/step_12/valid': 0.0, 'synthetic/step_13/format': 0.05, 'synthetic/step_13/correct': 0.05, 'synthetic/step_13/valid': 0.0, 'synthetic/step_14/format': 0.0, 'synthetic/step_14/correct': 0.0, 'synthetic/step_14/valid': 0.0, 'synthetic/step_15/format': 0.0, 'synthetic/step_15/correct': 0.0, 'synthetic/step_15/valid': 0.0, 'synthetic/step_16/format': 0.0, 'synthetic/step_16/correct': 0.0, 'synthetic/step_16/valid': 0.0, 'synthetic/step_17/format': 0.0, 'synthetic/step_17/correct': 0.0, 'synthetic/step_17/valid': 0.0, 'synthetic/step_18/format': 0.0, 'synthetic/step_18/correct': 0.0, 'synthetic/step_18/valid': 0.0, 'synthetic/step_19/format': 0.05, 'synthetic/step_19/correct': 0.05, 'synthetic/step_19/valid': 0.0, 'synthetic/step_20/format': 0.0, 'synthetic/step_20/correct': 0.0, 'synthetic/step_20/valid': 0.0, 'epoch': 0.3}
{'loss': 0.0736, 'grad_norm': 0.11003318428993225, 'learning_rate': 0.00035130653266331657, 'epoch': 0.3}
{'loss': 0.075, 'grad_norm': 0.120777428150177, 'learning_rate': 0.0003508040201005025, 'epoch': 0.3}
{'loss': 0.0556, 'grad_norm': 0.05495231971144676, 'learning_rate': 0.0003503015075376885, 'epoch': 0.3}
{'loss': 0.0566, 'grad_norm': 0.046082545071840286, 'learning_rate': 0.00034979899497487437, 'epoch': 0.3}
{'loss': 0.0547, 'grad_norm': 0.05409392714500427, 'learning_rate': 0.0003492964824120603, 'epoch': 0.3}
{'loss': 0.0746, 'grad_norm': 0.0695667639374733, 'learning_rate': 0.00034879396984924623, 'epoch': 0.31}
{'loss': 0.052, 'grad_norm': 0.05265221372246742, 'learning_rate': 0.00034829145728643217, 'epoch': 0.31}
{'loss': 0.0647, 'grad_norm': 0.04159131646156311, 'learning_rate': 0.0003477889447236181, 'epoch': 0.31}
{'loss': 0.0644, 'grad_norm': 0.08432140946388245, 'learning_rate': 0.00034728643216080403, 'epoch': 0.31}
{'loss': 0.0842, 'grad_norm': 0.11483891308307648, 'learning_rate': 0.00034678391959798996, 'epoch': 0.31}
{'loss': 0.0644, 'grad_norm': 0.03572431579232216, 'learning_rate': 0.0003462814070351759, 'epoch': 0.31}
{'loss': 0.0743, 'grad_norm': 0.05692612752318382, 'learning_rate': 0.00034577889447236183, 'epoch': 0.31}
{'loss': 0.0661, 'grad_norm': 0.08598118275403976, 'learning_rate': 0.00034527638190954776, 'epoch': 0.31}
{'loss': 0.0663, 'grad_norm': 0.15166644752025604, 'learning_rate': 0.00034477386934673364, 'epoch': 0.31}
{'loss': 0.0629, 'grad_norm': 0.03203239291906357, 'learning_rate': 0.0003442713567839196, 'epoch': 0.32}
{'loss': 0.0745, 'grad_norm': 0.05428382754325867, 'learning_rate': 0.00034376884422110556, 'epoch': 0.32}
{'loss': 0.0638, 'grad_norm': 0.05748556926846504, 'learning_rate': 0.0003432663316582915, 'epoch': 0.32}
{'loss': 0.0467, 'grad_norm': 0.06447751075029373, 'learning_rate': 0.00034276381909547737, 'epoch': 0.32}
{'loss': 0.0953, 'grad_norm': 0.07274135202169418, 'learning_rate': 0.0003422613065326633, 'epoch': 0.32}
{'loss': 0.063, 'grad_norm': 0.06936170905828476, 'learning_rate': 0.0003417587939698493, 'epoch': 0.32}
{'loss': 0.054, 'grad_norm': 0.07143275439739227, 'learning_rate': 0.00034125628140703517, 'epoch': 0.32}
{'loss': 0.0606, 'grad_norm': 0.09290903806686401, 'learning_rate': 0.0003407537688442211, 'epoch': 0.32}
{'loss': 0.0699, 'grad_norm': 0.04242248088121414, 'learning_rate': 0.00034025125628140703, 'epoch': 0.32}
{'loss': 0.0569, 'grad_norm': 0.04669175669550896, 'learning_rate': 0.00033974874371859296, 'epoch': 0.32}
{'loss': 0.064, 'grad_norm': 0.08386604487895966, 'learning_rate': 0.0003392462311557789, 'epoch': 0.33}
{'loss': 0.058, 'grad_norm': 0.0570836178958416, 'learning_rate': 0.00033874371859296483, 'epoch': 0.33}
{'loss': 0.0523, 'grad_norm': 0.0772014781832695, 'learning_rate': 0.00033824120603015076, 'epoch': 0.33}
{'loss': 0.0692, 'grad_norm': 0.05548065900802612, 'learning_rate': 0.0003377386934673367, 'epoch': 0.33}
{'loss': 0.0701, 'grad_norm': 0.06837347894906998, 'learning_rate': 0.0003372361809045226, 'epoch': 0.33}
{'loss': 0.0785, 'grad_norm': 0.0924566313624382, 'learning_rate': 0.00033673366834170856, 'epoch': 0.33}
{'loss': 0.0804, 'grad_norm': 0.07873161882162094, 'learning_rate': 0.00033623115577889444, 'epoch': 0.33}
{'loss': 0.0468, 'grad_norm': 0.04895059019327164, 'learning_rate': 0.0003357286432160804, 'epoch': 0.33}
{'loss': 0.0856, 'grad_norm': 0.03262009471654892, 'learning_rate': 0.00033522613065326636, 'epoch': 0.33}
{'loss': 0.0493, 'grad_norm': 0.055638011544942856, 'learning_rate': 0.0003347236180904523, 'epoch': 0.33}
{'loss': 0.0611, 'grad_norm': 0.05627133697271347, 'learning_rate': 0.00033422110552763817, 'epoch': 0.34}
{'loss': 0.0441, 'grad_norm': 0.056125812232494354, 'learning_rate': 0.00033371859296482415, 'epoch': 0.34}
{'loss': 0.0662, 'grad_norm': 0.06331721693277359, 'learning_rate': 0.0003332160804020101, 'epoch': 0.34}
{'loss': 0.0781, 'grad_norm': 0.09239137172698975, 'learning_rate': 0.00033271356783919596, 'epoch': 0.34}
{'loss': 0.0574, 'grad_norm': 0.08796534687280655, 'learning_rate': 0.0003322110552763819, 'epoch': 0.34}
{'loss': 0.05, 'grad_norm': 0.03424527496099472, 'learning_rate': 0.0003317085427135679, 'epoch': 0.34}
{'loss': 0.0557, 'grad_norm': 0.03958531469106674, 'learning_rate': 0.0003312060301507538, 'epoch': 0.34}
{'loss': 0.0477, 'grad_norm': 0.02987193502485752, 'learning_rate': 0.0003307035175879397, 'epoch': 0.34}
{'loss': 0.0651, 'grad_norm': 0.04850703105330467, 'learning_rate': 0.0003302010050251256, 'epoch': 0.34}
{'loss': 0.0705, 'grad_norm': 0.044246606528759, 'learning_rate': 0.00032969849246231156, 'epoch': 0.34}
{'loss': 0.0496, 'grad_norm': 0.0284030269831419, 'learning_rate': 0.0003291959798994975, 'epoch': 0.34}
{'loss': 0.0527, 'grad_norm': 0.06613576412200928, 'learning_rate': 0.0003286934673366834, 'epoch': 0.35}
{'loss': 0.0716, 'grad_norm': 0.0901089683175087, 'learning_rate': 0.00032819095477386935, 'epoch': 0.35}
{'loss': 0.0793, 'grad_norm': 0.06942828744649887, 'learning_rate': 0.00032768844221105523, 'epoch': 0.35}
{'loss': 0.0769, 'grad_norm': 1.879880428314209, 'learning_rate': 0.0003271859296482412, 'epoch': 0.35}
{'loss': 0.0636, 'grad_norm': 0.09066107124090195, 'learning_rate': 0.00032668341708542715, 'epoch': 0.35}
{'loss': 0.0624, 'grad_norm': 0.14412559568881989, 'learning_rate': 0.0003261809045226131, 'epoch': 0.35}
{'loss': 0.0787, 'grad_norm': 0.06301616132259369, 'learning_rate': 0.00032567839195979896, 'epoch': 0.35}
{'loss': 0.0657, 'grad_norm': 0.06938640773296356, 'learning_rate': 0.00032517587939698495, 'epoch': 0.35}
{'loss': 0.0554, 'grad_norm': 0.3146810233592987, 'learning_rate': 0.0003246733668341709, 'epoch': 0.35}
{'loss': 0.0837, 'grad_norm': 0.20099182426929474, 'learning_rate': 0.00032417085427135676, 'epoch': 0.35}
{'loss': 0.0649, 'grad_norm': 0.049095556139945984, 'learning_rate': 0.0003236683417085427, 'epoch': 0.36}
{'loss': 0.0726, 'grad_norm': 0.44483688473701477, 'learning_rate': 0.0003231658291457287, 'epoch': 0.36}
{'loss': 0.0544, 'grad_norm': 0.3028091490268707, 'learning_rate': 0.0003226633165829146, 'epoch': 0.36}
{'loss': 0.0741, 'grad_norm': 0.06988159567117691, 'learning_rate': 0.0003221608040201005, 'epoch': 0.36}
{'loss': 0.0726, 'grad_norm': 0.04620188847184181, 'learning_rate': 0.0003216582914572864, 'epoch': 0.36}
{'loss': 0.0753, 'grad_norm': 0.04433613270521164, 'learning_rate': 0.0003211557788944724, 'epoch': 0.36}
{'loss': 0.0629, 'grad_norm': 0.08521503210067749, 'learning_rate': 0.0003206532663316583, 'epoch': 0.36}
{'loss': 0.0644, 'grad_norm': 0.06681712716817856, 'learning_rate': 0.0003201507537688442, 'epoch': 0.36}
{'loss': 0.0697, 'grad_norm': 0.07275377959012985, 'learning_rate': 0.00031964824120603015, 'epoch': 0.36}
{'loss': 0.0782, 'grad_norm': 0.17966468632221222, 'learning_rate': 0.0003191457286432161, 'epoch': 0.36}
{'loss': 0.0638, 'grad_norm': 0.042184170335531235, 'learning_rate': 0.000318643216080402, 'epoch': 0.37}
{'loss': 0.0725, 'grad_norm': 0.04012822359800339, 'learning_rate': 0.00031814070351758795, 'epoch': 0.37}
{'loss': 0.0551, 'grad_norm': 0.07037341594696045, 'learning_rate': 0.0003176381909547739, 'epoch': 0.37}
{'loss': 0.0714, 'grad_norm': 0.04270288720726967, 'learning_rate': 0.00031713567839195976, 'epoch': 0.37}
{'loss': 0.0598, 'grad_norm': 0.10603226721286774, 'learning_rate': 0.00031663316582914575, 'epoch': 0.37}
{'loss': 0.0558, 'grad_norm': 0.04071328788995743, 'learning_rate': 0.0003161306532663317, 'epoch': 0.37}
{'loss': 0.0686, 'grad_norm': 0.0533742792904377, 'learning_rate': 0.0003156281407035176, 'epoch': 0.37}
{'loss': 0.0727, 'grad_norm': 0.07998038828372955, 'learning_rate': 0.0003151256281407035, 'epoch': 0.37}
{'loss': 0.0788, 'grad_norm': 0.09102047979831696, 'learning_rate': 0.0003146231155778895, 'epoch': 0.37}
{'loss': 0.0654, 'grad_norm': 0.05285369232296944, 'learning_rate': 0.0003141206030150754, 'epoch': 0.38}
{'loss': 0.0667, 'grad_norm': 0.0481259785592556, 'learning_rate': 0.0003136180904522613, 'epoch': 0.38}
{'loss': 0.0838, 'grad_norm': 0.05796298012137413, 'learning_rate': 0.0003131155778894472, 'epoch': 0.38}
{'loss': 0.0748, 'grad_norm': 0.22029979526996613, 'learning_rate': 0.0003126130653266332, 'epoch': 0.38}
{'loss': 0.0866, 'grad_norm': 0.09530169516801834, 'learning_rate': 0.00031211055276381914, 'epoch': 0.38}
{'loss': 0.0663, 'grad_norm': 0.3449249863624573, 'learning_rate': 0.000311608040201005, 'epoch': 0.38}
{'loss': 0.0763, 'grad_norm': 0.1015913113951683, 'learning_rate': 0.00031110552763819095, 'epoch': 0.38}
{'loss': 0.0543, 'grad_norm': 0.04519856721162796, 'learning_rate': 0.00031060301507537694, 'epoch': 0.38}
{'loss': 0.0636, 'grad_norm': 0.04474801570177078, 'learning_rate': 0.0003101005025125628, 'epoch': 0.38}
{'loss': 0.0652, 'grad_norm': 0.0585453100502491, 'learning_rate': 0.00030959798994974875, 'epoch': 0.38}
{'loss': 0.0832, 'grad_norm': 0.5500887632369995, 'learning_rate': 0.0003090954773869347, 'epoch': 0.39}
{'loss': 0.0649, 'grad_norm': 0.5430222153663635, 'learning_rate': 0.0003085929648241206, 'epoch': 0.39}
{'loss': 0.0724, 'grad_norm': 0.055634114891290665, 'learning_rate': 0.00030809045226130654, 'epoch': 0.39}
{'loss': 0.0718, 'grad_norm': 0.07808508723974228, 'learning_rate': 0.0003075879396984925, 'epoch': 0.39}
{'loss': 0.0611, 'grad_norm': 0.045926112681627274, 'learning_rate': 0.0003070854271356784, 'epoch': 0.39}
{'loss': 0.0673, 'grad_norm': 0.12063407152891159, 'learning_rate': 0.0003065829145728643, 'epoch': 0.39}
{'loss': 0.0515, 'grad_norm': 0.07365574687719345, 'learning_rate': 0.00030608040201005027, 'epoch': 0.39}
{'loss': 0.0793, 'grad_norm': 0.16340482234954834, 'learning_rate': 0.0003055778894472362, 'epoch': 0.39}
{'loss': 0.0581, 'grad_norm': 0.04227454960346222, 'learning_rate': 0.0003050753768844221, 'epoch': 0.39}
{'loss': 0.0648, 'grad_norm': 0.0420524962246418, 'learning_rate': 0.000304572864321608, 'epoch': 0.39}
{'loss': 0.0656, 'grad_norm': 0.5743293166160583, 'learning_rate': 0.000304070351758794, 'epoch': 0.4}
{'loss': 0.0686, 'grad_norm': 0.364325612783432, 'learning_rate': 0.00030356783919597993, 'epoch': 0.4}
{'loss': 0.0811, 'grad_norm': 0.04399150609970093, 'learning_rate': 0.0003030653266331658, 'epoch': 0.4}
{'loss': 0.0689, 'grad_norm': 0.2472924143075943, 'learning_rate': 0.00030256281407035175, 'epoch': 0.4}
{'loss': 0.062, 'grad_norm': 0.047912903130054474, 'learning_rate': 0.00030206030150753773, 'epoch': 0.4}
{'loss': 0.0598, 'grad_norm': 0.03619673103094101, 'learning_rate': 0.0003015577889447236, 'epoch': 0.4}
{'eval_loss': 0.21090885996818542, 'eval_runtime': 74.0483, 'eval_samples_per_second': 6.914, 'eval_steps_per_second': 6.914, 'epoch': 0.4}
{'synthetic/step_1/format': 1.0, 'synthetic/step_1/correct': 0.95, 'synthetic/step_1/valid': 1.0, 'synthetic/step_2/format': 1.0, 'synthetic/step_2/correct': 1.0, 'synthetic/step_2/valid': 1.0, 'synthetic/step_3/format': 1.0, 'synthetic/step_3/correct': 0.95, 'synthetic/step_3/valid': 0.95, 'synthetic/step_4/format': 1.0, 'synthetic/step_4/correct': 0.9, 'synthetic/step_4/valid': 1.0, 'synthetic/step_5/format': 0.95, 'synthetic/step_5/correct': 0.9, 'synthetic/step_5/valid': 0.9, 'synthetic/step_6/format': 0.4, 'synthetic/step_6/correct': 0.05, 'synthetic/step_6/valid': 0.1, 'synthetic/step_7/format': 0.05, 'synthetic/step_7/correct': 0.05, 'synthetic/step_7/valid': 0.05, 'synthetic/step_8/format': 0.0, 'synthetic/step_8/correct': 0.0, 'synthetic/step_8/valid': 0.0, 'synthetic/step_9/format': 0.1, 'synthetic/step_9/correct': 0.0, 'synthetic/step_9/valid': 0.0, 'synthetic/step_10/format': 0.0, 'synthetic/step_10/correct': 0.0, 'synthetic/step_10/valid': 0.0, 'synthetic/step_11/format': 0.0, 'synthetic/step_11/correct': 0.0, 'synthetic/step_11/valid': 0.0, 'synthetic/step_12/format': 0.05, 'synthetic/step_12/correct': 0.0, 'synthetic/step_12/valid': 0.0, 'synthetic/step_13/format': 0.0, 'synthetic/step_13/correct': 0.0, 'synthetic/step_13/valid': 0.0, 'synthetic/step_14/format': 0.05, 'synthetic/step_14/correct': 0.0, 'synthetic/step_14/valid': 0.0, 'synthetic/step_15/format': 0.0, 'synthetic/step_15/correct': 0.0, 'synthetic/step_15/valid': 0.0, 'synthetic/step_16/format': 0.0, 'synthetic/step_16/correct': 0.0, 'synthetic/step_16/valid': 0.0, 'synthetic/step_17/format': 0.1, 'synthetic/step_17/correct': 0.0, 'synthetic/step_17/valid': 0.0, 'synthetic/step_18/format': 0.0, 'synthetic/step_18/correct': 0.0, 'synthetic/step_18/valid': 0.0, 'synthetic/step_19/format': 0.0, 'synthetic/step_19/correct': 0.0, 'synthetic/step_19/valid': 0.0, 'synthetic/step_20/format': 0.05, 'synthetic/step_20/correct': 0.0, 'synthetic/step_20/valid': 0.0, 'epoch': 0.4}
{'loss': 0.0627, 'grad_norm': 0.04643181711435318, 'learning_rate': 0.00030105527638190954, 'epoch': 0.4}
{'loss': 0.055, 'grad_norm': 0.18160544335842133, 'learning_rate': 0.0003005527638190955, 'epoch': 0.4}
{'loss': 0.0717, 'grad_norm': 0.0733209177851677, 'learning_rate': 0.00030005025125628146, 'epoch': 0.4}
{'loss': 0.0566, 'grad_norm': 0.08701915293931961, 'learning_rate': 0.00029954773869346734, 'epoch': 0.4}
{'loss': 0.0598, 'grad_norm': 0.08940576016902924, 'learning_rate': 0.00029904522613065327, 'epoch': 0.41}
{'loss': 0.0743, 'grad_norm': 0.03490329533815384, 'learning_rate': 0.0002985427135678392, 'epoch': 0.41}
{'loss': 0.0629, 'grad_norm': 0.08697731792926788, 'learning_rate': 0.00029804020100502514, 'epoch': 0.41}
{'loss': 0.0831, 'grad_norm': 0.16652098298072815, 'learning_rate': 0.00029753768844221107, 'epoch': 0.41}
{'loss': 0.0567, 'grad_norm': 0.033786527812480927, 'learning_rate': 0.000297035175879397, 'epoch': 0.41}
{'loss': 0.0683, 'grad_norm': 0.07253076881170273, 'learning_rate': 0.0002965326633165829, 'epoch': 0.41}
{'loss': 0.0579, 'grad_norm': 0.07953352481126785, 'learning_rate': 0.0002960301507537688, 'epoch': 0.41}
{'loss': 0.0561, 'grad_norm': 0.061532504856586456, 'learning_rate': 0.0002955276381909548, 'epoch': 0.41}
{'loss': 0.0612, 'grad_norm': 0.10699807107448578, 'learning_rate': 0.00029502512562814073, 'epoch': 0.41}
{'loss': 0.0549, 'grad_norm': 0.08990246802568436, 'learning_rate': 0.0002945226130653266, 'epoch': 0.41}
{'loss': 0.0575, 'grad_norm': 0.06664272397756577, 'learning_rate': 0.00029402010050251254, 'epoch': 0.41}
{'loss': 0.0606, 'grad_norm': 0.04156732186675072, 'learning_rate': 0.00029351758793969853, 'epoch': 0.42}
{'loss': 0.0702, 'grad_norm': 0.039376020431518555, 'learning_rate': 0.0002930150753768844, 'epoch': 0.42}
{'loss': 0.0753, 'grad_norm': 0.10092585533857346, 'learning_rate': 0.00029251256281407034, 'epoch': 0.42}
{'loss': 0.0713, 'grad_norm': 0.05266726762056351, 'learning_rate': 0.00029201005025125627, 'epoch': 0.42}
{'loss': 0.0604, 'grad_norm': 0.05060364678502083, 'learning_rate': 0.00029150753768844226, 'epoch': 0.42}
{'loss': 0.0634, 'grad_norm': 0.09372097998857498, 'learning_rate': 0.00029100502512562814, 'epoch': 0.42}
{'loss': 0.0512, 'grad_norm': 0.043644025921821594, 'learning_rate': 0.00029050251256281407, 'epoch': 0.42}
{'loss': 0.0647, 'grad_norm': 0.05032951384782791, 'learning_rate': 0.00029, 'epoch': 0.42}
{'loss': 0.0704, 'grad_norm': 0.05427401512861252, 'learning_rate': 0.00028949748743718593, 'epoch': 0.42}
{'loss': 0.0658, 'grad_norm': 0.03576446324586868, 'learning_rate': 0.00028899497487437187, 'epoch': 0.42}
{'loss': 0.0646, 'grad_norm': 0.05023626610636711, 'learning_rate': 0.0002884924623115578, 'epoch': 0.43}
{'loss': 0.0743, 'grad_norm': 0.06245611608028412, 'learning_rate': 0.00028798994974874373, 'epoch': 0.43}
{'loss': 0.0717, 'grad_norm': 0.07199710607528687, 'learning_rate': 0.00028748743718592966, 'epoch': 0.43}
{'loss': 0.076, 'grad_norm': 0.07658720761537552, 'learning_rate': 0.0002869849246231156, 'epoch': 0.43}
{'loss': 0.0547, 'grad_norm': 0.08456460386514664, 'learning_rate': 0.00028648241206030153, 'epoch': 0.43}
{'loss': 0.0671, 'grad_norm': 0.07456471025943756, 'learning_rate': 0.0002859798994974874, 'epoch': 0.43}
{'loss': 0.0558, 'grad_norm': 0.03534076362848282, 'learning_rate': 0.0002854773869346734, 'epoch': 0.43}
{'loss': 0.0535, 'grad_norm': 0.05030762031674385, 'learning_rate': 0.0002849748743718593, 'epoch': 0.43}
{'loss': 0.0462, 'grad_norm': 0.05511556193232536, 'learning_rate': 0.00028447236180904526, 'epoch': 0.43}
{'loss': 0.0575, 'grad_norm': 0.05721185728907585, 'learning_rate': 0.00028396984924623114, 'epoch': 0.43}
{'loss': 0.0666, 'grad_norm': 0.07876789569854736, 'learning_rate': 0.00028346733668341707, 'epoch': 0.44}
{'loss': 0.0692, 'grad_norm': 0.09914152324199677, 'learning_rate': 0.00028296482412060306, 'epoch': 0.44}
{'loss': 0.0618, 'grad_norm': 0.05435914546251297, 'learning_rate': 0.00028246231155778893, 'epoch': 0.44}
{'loss': 0.0587, 'grad_norm': 0.07648338377475739, 'learning_rate': 0.00028195979899497487, 'epoch': 0.44}
{'loss': 0.0537, 'grad_norm': 0.03075423091650009, 'learning_rate': 0.0002814572864321608, 'epoch': 0.44}
{'loss': 0.0712, 'grad_norm': 0.0400790199637413, 'learning_rate': 0.00028095477386934673, 'epoch': 0.44}
{'loss': 0.0643, 'grad_norm': 0.10210835188627243, 'learning_rate': 0.00028045226130653266, 'epoch': 0.44}
{'loss': 0.0645, 'grad_norm': 0.05256088823080063, 'learning_rate': 0.0002799497487437186, 'epoch': 0.44}
{'loss': 0.0647, 'grad_norm': 0.08029723167419434, 'learning_rate': 0.00027944723618090453, 'epoch': 0.44}
{'loss': 0.0617, 'grad_norm': 0.041187357157468796, 'learning_rate': 0.00027894472361809046, 'epoch': 0.45}
{'loss': 0.0808, 'grad_norm': 0.045020729303359985, 'learning_rate': 0.0002784422110552764, 'epoch': 0.45}
{'loss': 0.0735, 'grad_norm': 0.1055164486169815, 'learning_rate': 0.0002779396984924623, 'epoch': 0.45}
{'loss': 0.0787, 'grad_norm': 0.15945379436016083, 'learning_rate': 0.0002774371859296482, 'epoch': 0.45}
{'loss': 0.0719, 'grad_norm': 0.10474714636802673, 'learning_rate': 0.0002769346733668342, 'epoch': 0.45}
{'loss': 0.0712, 'grad_norm': 0.05568382516503334, 'learning_rate': 0.0002764321608040201, 'epoch': 0.45}
{'loss': 0.0625, 'grad_norm': 0.045290958136320114, 'learning_rate': 0.00027592964824120606, 'epoch': 0.45}
{'loss': 0.0617, 'grad_norm': 0.053283318877220154, 'learning_rate': 0.00027542713567839193, 'epoch': 0.45}
{'loss': 0.0727, 'grad_norm': 0.4519830346107483, 'learning_rate': 0.0002749246231155779, 'epoch': 0.45}
{'loss': 0.059, 'grad_norm': 0.05784251168370247, 'learning_rate': 0.00027442211055276385, 'epoch': 0.45}
{'loss': 0.0607, 'grad_norm': 0.06188824400305748, 'learning_rate': 0.00027391959798994973, 'epoch': 0.46}
{'loss': 0.0515, 'grad_norm': 0.057620126754045486, 'learning_rate': 0.00027341708542713566, 'epoch': 0.46}
{'loss': 0.075, 'grad_norm': 0.11875265091657639, 'learning_rate': 0.0002729145728643216, 'epoch': 0.46}
{'loss': 0.0683, 'grad_norm': 0.07425806671380997, 'learning_rate': 0.0002724120603015076, 'epoch': 0.46}
{'loss': 0.0703, 'grad_norm': 0.09302455186843872, 'learning_rate': 0.00027190954773869346, 'epoch': 0.46}
{'loss': 0.0518, 'grad_norm': 0.05086401477456093, 'learning_rate': 0.0002714070351758794, 'epoch': 0.46}
{'loss': 0.0628, 'grad_norm': 0.06109340116381645, 'learning_rate': 0.0002709045226130653, 'epoch': 0.46}
{'loss': 0.0655, 'grad_norm': 0.05827372148633003, 'learning_rate': 0.00027040201005025126, 'epoch': 0.46}
{'loss': 0.0753, 'grad_norm': 0.13376714289188385, 'learning_rate': 0.0002698994974874372, 'epoch': 0.46}
{'loss': 0.0811, 'grad_norm': 0.10985589772462845, 'learning_rate': 0.0002693969849246231, 'epoch': 0.46}
{'loss': 0.0703, 'grad_norm': 0.08809474110603333, 'learning_rate': 0.00026889447236180905, 'epoch': 0.47}
{'loss': 0.0604, 'grad_norm': 0.03927839174866676, 'learning_rate': 0.000268391959798995, 'epoch': 0.47}
{'loss': 0.0646, 'grad_norm': 0.6834644675254822, 'learning_rate': 0.0002678894472361809, 'epoch': 0.47}
{'loss': 0.0658, 'grad_norm': 0.07477264106273651, 'learning_rate': 0.00026738693467336685, 'epoch': 0.47}
{'loss': 0.0674, 'grad_norm': 0.043598856776952744, 'learning_rate': 0.00026688442211055273, 'epoch': 0.47}
{'loss': 0.0757, 'grad_norm': 0.11242882907390594, 'learning_rate': 0.0002663819095477387, 'epoch': 0.47}
{'loss': 0.0648, 'grad_norm': 0.06905879825353622, 'learning_rate': 0.00026587939698492465, 'epoch': 0.47}
{'loss': 0.0626, 'grad_norm': 0.04896640405058861, 'learning_rate': 0.00026537688442211053, 'epoch': 0.47}
{'loss': 0.0594, 'grad_norm': 0.03669159114360809, 'learning_rate': 0.00026487437185929646, 'epoch': 0.47}
{'loss': 0.0482, 'grad_norm': 0.05592020973563194, 'learning_rate': 0.00026437185929648245, 'epoch': 0.47}
{'loss': 0.0817, 'grad_norm': 0.10696718841791153, 'learning_rate': 0.0002638693467336684, 'epoch': 0.47}
{'loss': 0.0569, 'grad_norm': 0.04763370752334595, 'learning_rate': 0.00026336683417085426, 'epoch': 0.48}
{'loss': 0.0716, 'grad_norm': 0.04147380590438843, 'learning_rate': 0.0002628643216080402, 'epoch': 0.48}
{'loss': 0.0652, 'grad_norm': 0.05290572717785835, 'learning_rate': 0.0002623618090452262, 'epoch': 0.48}
{'loss': 0.0773, 'grad_norm': 0.07740949839353561, 'learning_rate': 0.00026185929648241205, 'epoch': 0.48}
{'loss': 0.0657, 'grad_norm': 0.05348697304725647, 'learning_rate': 0.000261356783919598, 'epoch': 0.48}
{'loss': 0.069, 'grad_norm': 0.03367233648896217, 'learning_rate': 0.0002608542713567839, 'epoch': 0.48}
{'loss': 0.0538, 'grad_norm': 0.04909081384539604, 'learning_rate': 0.00026035175879396985, 'epoch': 0.48}
{'loss': 0.0703, 'grad_norm': 0.07622823119163513, 'learning_rate': 0.0002598492462311558, 'epoch': 0.48}
{'loss': 0.0812, 'grad_norm': 0.10397206246852875, 'learning_rate': 0.0002593467336683417, 'epoch': 0.48}
{'loss': 0.0581, 'grad_norm': 0.043461743742227554, 'learning_rate': 0.00025884422110552765, 'epoch': 0.48}
{'loss': 0.0496, 'grad_norm': 0.03833072632551193, 'learning_rate': 0.0002583417085427135, 'epoch': 0.49}
{'loss': 0.0634, 'grad_norm': 0.08909983932971954, 'learning_rate': 0.0002578391959798995, 'epoch': 0.49}
{'loss': 0.0705, 'grad_norm': 0.09710598737001419, 'learning_rate': 0.00025733668341708545, 'epoch': 0.49}
{'loss': 0.056, 'grad_norm': 0.07024076581001282, 'learning_rate': 0.0002568341708542714, 'epoch': 0.49}
{'loss': 0.0698, 'grad_norm': 0.03156944364309311, 'learning_rate': 0.00025633165829145726, 'epoch': 0.49}
{'loss': 0.0549, 'grad_norm': 0.0728323757648468, 'learning_rate': 0.00025582914572864324, 'epoch': 0.49}
{'loss': 0.0455, 'grad_norm': 0.047021932899951935, 'learning_rate': 0.0002553266331658292, 'epoch': 0.49}
{'loss': 0.0628, 'grad_norm': 0.08046232163906097, 'learning_rate': 0.00025482412060301505, 'epoch': 0.49}
{'loss': 0.0807, 'grad_norm': 0.025166265666484833, 'learning_rate': 0.000254321608040201, 'epoch': 0.49}
{'loss': 0.0679, 'grad_norm': 0.053538963198661804, 'learning_rate': 0.000253819095477387, 'epoch': 0.49}
{'loss': 0.0643, 'grad_norm': 0.05520205572247505, 'learning_rate': 0.0002533165829145729, 'epoch': 0.5}
{'loss': 0.0561, 'grad_norm': 0.03619387000799179, 'learning_rate': 0.0002528140703517588, 'epoch': 0.5}
{'loss': 0.0619, 'grad_norm': 0.10464552789926529, 'learning_rate': 0.0002523115577889447, 'epoch': 0.5}
{'loss': 0.0529, 'grad_norm': 0.04880437254905701, 'learning_rate': 0.0002518090452261307, 'epoch': 0.5}
{'loss': 0.0599, 'grad_norm': 0.06702542304992676, 'learning_rate': 0.0002513065326633166, 'epoch': 0.5}
{'eval_loss': 0.1487320363521576, 'eval_runtime': 74.0508, 'eval_samples_per_second': 6.914, 'eval_steps_per_second': 6.914, 'epoch': 0.5}
{'synthetic/step_1/format': 1.0, 'synthetic/step_1/correct': 1.0, 'synthetic/step_1/valid': 1.0, 'synthetic/step_2/format': 1.0, 'synthetic/step_2/correct': 1.0, 'synthetic/step_2/valid': 1.0, 'synthetic/step_3/format': 1.0, 'synthetic/step_3/correct': 1.0, 'synthetic/step_3/valid': 1.0, 'synthetic/step_4/format': 1.0, 'synthetic/step_4/correct': 1.0, 'synthetic/step_4/valid': 1.0, 'synthetic/step_5/format': 0.95, 'synthetic/step_5/correct': 0.95, 'synthetic/step_5/valid': 0.95, 'synthetic/step_6/format': 0.15, 'synthetic/step_6/correct': 0.05, 'synthetic/step_6/valid': 0.05, 'synthetic/step_7/format': 0.0, 'synthetic/step_7/correct': 0.0, 'synthetic/step_7/valid': 0.0, 'synthetic/step_8/format': 0.0, 'synthetic/step_8/correct': 0.0, 'synthetic/step_8/valid': 0.0, 'synthetic/step_9/format': 0.0, 'synthetic/step_9/correct': 0.0, 'synthetic/step_9/valid': 0.0, 'synthetic/step_10/format': 0.0, 'synthetic/step_10/correct': 0.0, 'synthetic/step_10/valid': 0.0, 'synthetic/step_11/format': 0.0, 'synthetic/step_11/correct': 0.0, 'synthetic/step_11/valid': 0.0, 'synthetic/step_12/format': 0.0, 'synthetic/step_12/correct': 0.0, 'synthetic/step_12/valid': 0.0, 'synthetic/step_13/format': 0.0, 'synthetic/step_13/correct': 0.0, 'synthetic/step_13/valid': 0.0, 'synthetic/step_14/format': 0.0, 'synthetic/step_14/correct': 0.0, 'synthetic/step_14/valid': 0.0, 'synthetic/step_15/format': 0.0, 'synthetic/step_15/correct': 0.0, 'synthetic/step_15/valid': 0.0, 'synthetic/step_16/format': 0.0, 'synthetic/step_16/correct': 0.0, 'synthetic/step_16/valid': 0.0, 'synthetic/step_17/format': 0.0, 'synthetic/step_17/correct': 0.0, 'synthetic/step_17/valid': 0.0, 'synthetic/step_18/format': 0.0, 'synthetic/step_18/correct': 0.0, 'synthetic/step_18/valid': 0.0, 'synthetic/step_19/format': 0.0, 'synthetic/step_19/correct': 0.0, 'synthetic/step_19/valid': 0.0, 'synthetic/step_20/format': 0.0, 'synthetic/step_20/correct': 0.0, 'synthetic/step_20/valid': 0.0, 'epoch': 0.5}
{'loss': 0.0707, 'grad_norm': 0.05314292013645172, 'learning_rate': 0.0002508040201005025, 'epoch': 0.5}
{'loss': 0.0564, 'grad_norm': 0.06001667678356171, 'learning_rate': 0.00025030150753768845, 'epoch': 0.5}
{'loss': 0.0702, 'grad_norm': 0.07256466150283813, 'learning_rate': 0.0002497989949748744, 'epoch': 0.5}
{'loss': 0.06, 'grad_norm': 0.028016556054353714, 'learning_rate': 0.0002492964824120603, 'epoch': 0.5}
{'loss': 0.0598, 'grad_norm': 0.04237554967403412, 'learning_rate': 0.00024879396984924624, 'epoch': 0.51}
{'loss': 0.0487, 'grad_norm': 0.036853495985269547, 'learning_rate': 0.0002482914572864322, 'epoch': 0.51}
{'loss': 0.0711, 'grad_norm': 0.032298535108566284, 'learning_rate': 0.0002477889447236181, 'epoch': 0.51}
{'loss': 0.0784, 'grad_norm': 0.08715081214904785, 'learning_rate': 0.00024728643216080404, 'epoch': 0.51}
{'loss': 0.0446, 'grad_norm': 0.044295601546764374, 'learning_rate': 0.00024678391959798997, 'epoch': 0.51}
{'loss': 0.0548, 'grad_norm': 0.02967746928334236, 'learning_rate': 0.00024628140703517585, 'epoch': 0.51}
{'loss': 0.0624, 'grad_norm': 0.08245039731264114, 'learning_rate': 0.00024577889447236184, 'epoch': 0.51}
{'loss': 0.0496, 'grad_norm': 0.07980156689882278, 'learning_rate': 0.0002452763819095477, 'epoch': 0.51}
{'loss': 0.0758, 'grad_norm': 0.6691310405731201, 'learning_rate': 0.0002447738693467337, 'epoch': 0.51}
{'loss': 0.1007, 'grad_norm': 0.08238421380519867, 'learning_rate': 0.0002442713567839196, 'epoch': 0.51}
{'loss': 0.0658, 'grad_norm': 0.06301531940698624, 'learning_rate': 0.00024376884422110554, 'epoch': 0.52}
{'loss': 0.0786, 'grad_norm': 0.08246802538633347, 'learning_rate': 0.00024326633165829145, 'epoch': 0.52}
{'loss': 0.0608, 'grad_norm': 0.15876197814941406, 'learning_rate': 0.0002427638190954774, 'epoch': 0.52}
{'loss': 0.0735, 'grad_norm': 0.08538808673620224, 'learning_rate': 0.0002422613065326633, 'epoch': 0.52}
{'loss': 0.084, 'grad_norm': 0.4146038293838501, 'learning_rate': 0.00024175879396984927, 'epoch': 0.52}
{'loss': 0.0789, 'grad_norm': 0.058016035705804825, 'learning_rate': 0.00024125628140703518, 'epoch': 0.52}
{'loss': 0.064, 'grad_norm': 0.330452024936676, 'learning_rate': 0.00024075376884422113, 'epoch': 0.52}
{'loss': 0.0682, 'grad_norm': 0.048115480691194534, 'learning_rate': 0.00024025125628140704, 'epoch': 0.52}
{'loss': 0.0761, 'grad_norm': 0.08740392327308655, 'learning_rate': 0.00023974874371859297, 'epoch': 0.52}
{'loss': 0.1211, 'grad_norm': 0.7721384167671204, 'learning_rate': 0.0002392462311557789, 'epoch': 0.52}
{'loss': 0.0623, 'grad_norm': 0.12944239377975464, 'learning_rate': 0.00023874371859296484, 'epoch': 0.53}
{'loss': 0.0771, 'grad_norm': 0.09572246670722961, 'learning_rate': 0.00023824120603015077, 'epoch': 0.53}
{'loss': 0.0644, 'grad_norm': 0.33326494693756104, 'learning_rate': 0.00023773869346733667, 'epoch': 0.53}
{'loss': 0.0552, 'grad_norm': 0.11032838374376297, 'learning_rate': 0.0002372361809045226, 'epoch': 0.53}
{'loss': 0.076, 'grad_norm': 0.5186944007873535, 'learning_rate': 0.00023673366834170854, 'epoch': 0.53}
{'loss': 0.0608, 'grad_norm': 0.3410933315753937, 'learning_rate': 0.00023623115577889447, 'epoch': 0.53}
{'loss': 0.0575, 'grad_norm': 0.16625329852104187, 'learning_rate': 0.0002357286432160804, 'epoch': 0.53}
{'loss': 0.065, 'grad_norm': 0.04808449000120163, 'learning_rate': 0.00023522613065326634, 'epoch': 0.53}
{'loss': 0.0692, 'grad_norm': 0.42428308725357056, 'learning_rate': 0.00023472361809045227, 'epoch': 0.53}
{'loss': 0.0688, 'grad_norm': 0.027215925976634026, 'learning_rate': 0.0002342211055276382, 'epoch': 0.53}
{'loss': 0.0654, 'grad_norm': 0.06559836864471436, 'learning_rate': 0.0002337185929648241, 'epoch': 0.54}
{'loss': 0.0624, 'grad_norm': 0.16249850392341614, 'learning_rate': 0.00023321608040201007, 'epoch': 0.54}
{'loss': 0.0732, 'grad_norm': 0.08845138549804688, 'learning_rate': 0.00023271356783919597, 'epoch': 0.54}
{'loss': 0.0613, 'grad_norm': 0.04995657503604889, 'learning_rate': 0.00023221105527638193, 'epoch': 0.54}
{'loss': 0.048, 'grad_norm': 0.38765421509742737, 'learning_rate': 0.00023170854271356784, 'epoch': 0.54}
{'loss': 0.0626, 'grad_norm': 0.05322396755218506, 'learning_rate': 0.00023120603015075377, 'epoch': 0.54}
{'loss': 0.0545, 'grad_norm': 0.03902029991149902, 'learning_rate': 0.0002307035175879397, 'epoch': 0.54}
{'loss': 0.0542, 'grad_norm': 0.031070152297616005, 'learning_rate': 0.00023020100502512563, 'epoch': 0.54}
{'loss': 0.071, 'grad_norm': 0.07520123571157455, 'learning_rate': 0.00022969849246231157, 'epoch': 0.54}
{'loss': 0.0613, 'grad_norm': 0.03606802225112915, 'learning_rate': 0.0002291959798994975, 'epoch': 0.54}
{'loss': 0.0508, 'grad_norm': 0.0401194766163826, 'learning_rate': 0.00022869346733668343, 'epoch': 0.55}
{'loss': 0.0497, 'grad_norm': 0.039092790335416794, 'learning_rate': 0.00022819095477386936, 'epoch': 0.55}
{'loss': 0.0554, 'grad_norm': 0.03422432765364647, 'learning_rate': 0.00022768844221105527, 'epoch': 0.55}
{'loss': 0.081, 'grad_norm': 0.09713642299175262, 'learning_rate': 0.00022718592964824123, 'epoch': 0.55}
{'loss': 0.071, 'grad_norm': 0.07504080981016159, 'learning_rate': 0.00022668341708542713, 'epoch': 0.55}
{'loss': 0.0611, 'grad_norm': 0.04833608493208885, 'learning_rate': 0.00022618090452261307, 'epoch': 0.55}
{'loss': 0.062, 'grad_norm': 0.03825121372938156, 'learning_rate': 0.000225678391959799, 'epoch': 0.55}
{'loss': 0.0661, 'grad_norm': 0.04816363379359245, 'learning_rate': 0.0002251758793969849, 'epoch': 0.55}
{'loss': 0.0538, 'grad_norm': 0.05160650238394737, 'learning_rate': 0.00022467336683417086, 'epoch': 0.55}
{'loss': 0.0631, 'grad_norm': 0.05713878199458122, 'learning_rate': 0.00022417085427135677, 'epoch': 0.55}
{'loss': 0.0634, 'grad_norm': 0.05397036671638489, 'learning_rate': 0.00022366834170854273, 'epoch': 0.56}
{'loss': 0.0683, 'grad_norm': 0.06200611963868141, 'learning_rate': 0.00022316582914572863, 'epoch': 0.56}
{'loss': 0.0593, 'grad_norm': 0.053445618599653244, 'learning_rate': 0.0002226633165829146, 'epoch': 0.56}
{'loss': 0.0562, 'grad_norm': 0.03454333543777466, 'learning_rate': 0.0002221608040201005, 'epoch': 0.56}
{'loss': 0.061, 'grad_norm': 0.058215804398059845, 'learning_rate': 0.00022165829145728643, 'epoch': 0.56}
{'loss': 0.073, 'grad_norm': 0.028400244191288948, 'learning_rate': 0.00022115577889447236, 'epoch': 0.56}
{'loss': 0.0523, 'grad_norm': 0.039742279797792435, 'learning_rate': 0.0002206532663316583, 'epoch': 0.56}
{'loss': 0.0718, 'grad_norm': 0.045930612832307816, 'learning_rate': 0.00022015075376884423, 'epoch': 0.56}
{'loss': 0.0525, 'grad_norm': 0.04113752767443657, 'learning_rate': 0.00021964824120603016, 'epoch': 0.56}
{'loss': 0.065, 'grad_norm': 0.039701659232378006, 'learning_rate': 0.0002191457286432161, 'epoch': 0.56}
{'loss': 0.0688, 'grad_norm': 0.03343034163117409, 'learning_rate': 0.00021864321608040203, 'epoch': 0.56}
{'loss': 0.0702, 'grad_norm': 0.11158677935600281, 'learning_rate': 0.00021814070351758793, 'epoch': 0.57}
{'loss': 0.0749, 'grad_norm': 0.07755477726459503, 'learning_rate': 0.0002176381909547739, 'epoch': 0.57}
{'loss': 0.0642, 'grad_norm': 0.06800781935453415, 'learning_rate': 0.0002171356783919598, 'epoch': 0.57}
{'loss': 0.0667, 'grad_norm': 0.04670962691307068, 'learning_rate': 0.00021663316582914576, 'epoch': 0.57}
{'loss': 0.0698, 'grad_norm': 0.6434310078620911, 'learning_rate': 0.00021613065326633166, 'epoch': 0.57}
{'loss': 0.0532, 'grad_norm': 0.05872342735528946, 'learning_rate': 0.0002156281407035176, 'epoch': 0.57}
{'loss': 0.0598, 'grad_norm': 0.0729384496808052, 'learning_rate': 0.00021512562814070353, 'epoch': 0.57}
{'loss': 0.0533, 'grad_norm': 0.04026709869503975, 'learning_rate': 0.00021462311557788943, 'epoch': 0.57}
{'loss': 0.0772, 'grad_norm': 0.6388152837753296, 'learning_rate': 0.0002141206030150754, 'epoch': 0.57}
{'loss': 0.07, 'grad_norm': 0.4342953562736511, 'learning_rate': 0.0002136180904522613, 'epoch': 0.57}
{'loss': 0.0724, 'grad_norm': 0.06975097954273224, 'learning_rate': 0.00021311557788944725, 'epoch': 0.58}
{'loss': 0.0721, 'grad_norm': 0.08025877177715302, 'learning_rate': 0.00021261306532663316, 'epoch': 0.58}
{'loss': 0.0666, 'grad_norm': 0.3987860679626465, 'learning_rate': 0.0002121105527638191, 'epoch': 0.58}
{'loss': 0.0613, 'grad_norm': 0.061425141990184784, 'learning_rate': 0.00021160804020100502, 'epoch': 0.58}
{'loss': 0.073, 'grad_norm': 0.0640190839767456, 'learning_rate': 0.00021110552763819096, 'epoch': 0.58}
{'loss': 0.0704, 'grad_norm': 0.676028311252594, 'learning_rate': 0.0002106030150753769, 'epoch': 0.58}
{'loss': 0.0951, 'grad_norm': 0.058145672082901, 'learning_rate': 0.00021010050251256282, 'epoch': 0.58}
{'loss': 0.0637, 'grad_norm': 0.09003375470638275, 'learning_rate': 0.00020959798994974873, 'epoch': 0.58}
{'loss': 0.0731, 'grad_norm': 0.29952046275138855, 'learning_rate': 0.0002090954773869347, 'epoch': 0.58}
{'loss': 0.0616, 'grad_norm': 0.04780622944235802, 'learning_rate': 0.0002085929648241206, 'epoch': 0.58}
{'loss': 0.0728, 'grad_norm': 0.08946164697408676, 'learning_rate': 0.00020809045226130655, 'epoch': 0.59}
{'loss': 0.0723, 'grad_norm': 0.08962003141641617, 'learning_rate': 0.00020758793969849246, 'epoch': 0.59}
{'loss': 0.0648, 'grad_norm': 0.18630796670913696, 'learning_rate': 0.00020708542713567842, 'epoch': 0.59}
{'loss': 0.0581, 'grad_norm': 0.06566032022237778, 'learning_rate': 0.00020658291457286432, 'epoch': 0.59}
{'loss': 0.0704, 'grad_norm': 0.5914583802223206, 'learning_rate': 0.00020608040201005025, 'epoch': 0.59}
{'loss': 0.0683, 'grad_norm': 0.079228974878788, 'learning_rate': 0.0002055778894472362, 'epoch': 0.59}
{'loss': 0.0614, 'grad_norm': 0.43628230690956116, 'learning_rate': 0.00020507537688442212, 'epoch': 0.59}
{'loss': 0.0624, 'grad_norm': 0.11765310168266296, 'learning_rate': 0.00020457286432160805, 'epoch': 0.59}
{'loss': 0.0561, 'grad_norm': 0.23608210682868958, 'learning_rate': 0.00020407035175879398, 'epoch': 0.59}
{'loss': 0.0759, 'grad_norm': 0.07664694637060165, 'learning_rate': 0.00020356783919597992, 'epoch': 0.59}
{'loss': 0.0582, 'grad_norm': 0.04699584096670151, 'learning_rate': 0.00020306532663316582, 'epoch': 0.6}
{'loss': 0.0583, 'grad_norm': 0.05696498230099678, 'learning_rate': 0.00020256281407035175, 'epoch': 0.6}
{'loss': 0.0609, 'grad_norm': 0.06483127176761627, 'learning_rate': 0.0002020603015075377, 'epoch': 0.6}
{'loss': 0.0524, 'grad_norm': 0.05461351200938225, 'learning_rate': 0.00020155778894472362, 'epoch': 0.6}
{'loss': 0.0626, 'grad_norm': 0.046868499368429184, 'learning_rate': 0.00020105527638190955, 'epoch': 0.6}
{'eval_loss': 0.17951899766921997, 'eval_runtime': 74.0586, 'eval_samples_per_second': 6.913, 'eval_steps_per_second': 6.913, 'epoch': 0.6}
{'synthetic/step_1/format': 1.0, 'synthetic/step_1/correct': 1.0, 'synthetic/step_1/valid': 1.0, 'synthetic/step_2/format': 1.0, 'synthetic/step_2/correct': 1.0, 'synthetic/step_2/valid': 1.0, 'synthetic/step_3/format': 1.0, 'synthetic/step_3/correct': 1.0, 'synthetic/step_3/valid': 1.0, 'synthetic/step_4/format': 1.0, 'synthetic/step_4/correct': 1.0, 'synthetic/step_4/valid': 0.85, 'synthetic/step_5/format': 0.95, 'synthetic/step_5/correct': 0.95, 'synthetic/step_5/valid': 0.8, 'synthetic/step_6/format': 0.05, 'synthetic/step_6/correct': 0.0, 'synthetic/step_6/valid': 0.05, 'synthetic/step_7/format': 0.05, 'synthetic/step_7/correct': 0.0, 'synthetic/step_7/valid': 0.0, 'synthetic/step_8/format': 0.05, 'synthetic/step_8/correct': 0.05, 'synthetic/step_8/valid': 0.0, 'synthetic/step_9/format': 0.0, 'synthetic/step_9/correct': 0.0, 'synthetic/step_9/valid': 0.0, 'synthetic/step_10/format': 0.05, 'synthetic/step_10/correct': 0.0, 'synthetic/step_10/valid': 0.0, 'synthetic/step_11/format': 0.0, 'synthetic/step_11/correct': 0.0, 'synthetic/step_11/valid': 0.0, 'synthetic/step_12/format': 0.05, 'synthetic/step_12/correct': 0.0, 'synthetic/step_12/valid': 0.0, 'synthetic/step_13/format': 0.0, 'synthetic/step_13/correct': 0.0, 'synthetic/step_13/valid': 0.0, 'synthetic/step_14/format': 0.0, 'synthetic/step_14/correct': 0.0, 'synthetic/step_14/valid': 0.0, 'synthetic/step_15/format': 0.05, 'synthetic/step_15/correct': 0.0, 'synthetic/step_15/valid': 0.0, 'synthetic/step_16/format': 0.0, 'synthetic/step_16/correct': 0.0, 'synthetic/step_16/valid': 0.0, 'synthetic/step_17/format': 0.0, 'synthetic/step_17/correct': 0.0, 'synthetic/step_17/valid': 0.0, 'synthetic/step_18/format': 0.0, 'synthetic/step_18/correct': 0.0, 'synthetic/step_18/valid': 0.0, 'synthetic/step_19/format': 0.0, 'synthetic/step_19/correct': 0.0, 'synthetic/step_19/valid': 0.0, 'synthetic/step_20/format': 0.0, 'synthetic/step_20/correct': 0.0, 'synthetic/step_20/valid': 0.0, 'epoch': 0.6}
{'loss': 0.0639, 'grad_norm': 0.04034299775958061, 'learning_rate': 0.00020055276381909548, 'epoch': 0.6}
{'loss': 0.0679, 'grad_norm': 0.09387866407632828, 'learning_rate': 0.0002000502512562814, 'epoch': 0.6}
{'loss': 0.0799, 'grad_norm': 0.05269002914428711, 'learning_rate': 0.00019954773869346735, 'epoch': 0.6}
{'loss': 0.0723, 'grad_norm': 0.09426826238632202, 'learning_rate': 0.00019904522613065325, 'epoch': 0.6}
{'loss': 0.0687, 'grad_norm': 0.07701510936021805, 'learning_rate': 0.00019854271356783921, 'epoch': 0.6}
{'loss': 0.0589, 'grad_norm': 0.045822881162166595, 'learning_rate': 0.00019804020100502512, 'epoch': 0.61}
{'loss': 0.0638, 'grad_norm': 0.027526509016752243, 'learning_rate': 0.00019753768844221108, 'epoch': 0.61}
{'loss': 0.0602, 'grad_norm': 0.039036091417074203, 'learning_rate': 0.00019703517587939698, 'epoch': 0.61}
{'loss': 0.0501, 'grad_norm': 0.04176623001694679, 'learning_rate': 0.00019653266331658292, 'epoch': 0.61}
{'loss': 0.0534, 'grad_norm': 0.05023745447397232, 'learning_rate': 0.00019603015075376885, 'epoch': 0.61}
{'loss': 0.0506, 'grad_norm': 0.03461277484893799, 'learning_rate': 0.00019552763819095478, 'epoch': 0.61}
{'loss': 0.0641, 'grad_norm': 0.04340185225009918, 'learning_rate': 0.0001950251256281407, 'epoch': 0.61}
{'loss': 0.0717, 'grad_norm': 0.07723808288574219, 'learning_rate': 0.00019452261306532665, 'epoch': 0.61}
{'loss': 0.0531, 'grad_norm': 0.03746519982814789, 'learning_rate': 0.00019402010050251255, 'epoch': 0.61}
{'loss': 0.0606, 'grad_norm': 0.04293688014149666, 'learning_rate': 0.0001935175879396985, 'epoch': 0.61}
{'loss': 0.0579, 'grad_norm': 0.04425567016005516, 'learning_rate': 0.00019301507537688442, 'epoch': 0.62}
{'loss': 0.066, 'grad_norm': 0.1464388221502304, 'learning_rate': 0.00019251256281407038, 'epoch': 0.62}
{'loss': 0.0656, 'grad_norm': 0.033626873046159744, 'learning_rate': 0.00019201005025125628, 'epoch': 0.62}
{'loss': 0.0528, 'grad_norm': 0.05836170166730881, 'learning_rate': 0.0001915075376884422, 'epoch': 0.62}
{'loss': 0.0591, 'grad_norm': 0.03267185017466545, 'learning_rate': 0.00019100502512562815, 'epoch': 0.62}
{'loss': 0.0613, 'grad_norm': 0.05171941965818405, 'learning_rate': 0.00019050251256281405, 'epoch': 0.62}
{'loss': 0.0491, 'grad_norm': 0.04998435452580452, 'learning_rate': 0.00019, 'epoch': 0.62}
{'loss': 0.0527, 'grad_norm': 0.058639660477638245, 'learning_rate': 0.00018949748743718592, 'epoch': 0.62}
{'loss': 0.0542, 'grad_norm': 0.048526830971241, 'learning_rate': 0.00018899497487437188, 'epoch': 0.62}
{'loss': 0.0646, 'grad_norm': 0.04833311587572098, 'learning_rate': 0.00018849246231155778, 'epoch': 0.62}
{'loss': 0.0611, 'grad_norm': 0.0701419934630394, 'learning_rate': 0.00018798994974874374, 'epoch': 0.63}
{'loss': 0.067, 'grad_norm': 0.050982531160116196, 'learning_rate': 0.00018748743718592965, 'epoch': 0.63}
{'loss': 0.0563, 'grad_norm': 0.04372619092464447, 'learning_rate': 0.00018698492462311558, 'epoch': 0.63}
{'loss': 0.0674, 'grad_norm': 0.048552390187978745, 'learning_rate': 0.0001864824120603015, 'epoch': 0.63}
{'loss': 0.0556, 'grad_norm': 0.030209412798285484, 'learning_rate': 0.00018597989949748744, 'epoch': 0.63}
{'loss': 0.0581, 'grad_norm': 0.039847154170274734, 'learning_rate': 0.00018547738693467338, 'epoch': 0.63}
{'loss': 0.0657, 'grad_norm': 0.036113474518060684, 'learning_rate': 0.0001849748743718593, 'epoch': 0.63}
{'loss': 0.0683, 'grad_norm': 0.08455877751111984, 'learning_rate': 0.0001844723618090452, 'epoch': 0.63}
{'loss': 0.0619, 'grad_norm': 0.03588656708598137, 'learning_rate': 0.00018396984924623117, 'epoch': 0.63}
{'loss': 0.053, 'grad_norm': 0.05316822603344917, 'learning_rate': 0.00018346733668341708, 'epoch': 0.64}
{'loss': 0.0593, 'grad_norm': 0.04486764967441559, 'learning_rate': 0.00018296482412060304, 'epoch': 0.64}
{'loss': 0.0578, 'grad_norm': 0.06111205741763115, 'learning_rate': 0.00018246231155778894, 'epoch': 0.64}
{'loss': 0.0609, 'grad_norm': 0.039843395352363586, 'learning_rate': 0.0001819597989949749, 'epoch': 0.64}
{'loss': 0.0529, 'grad_norm': 0.02994644269347191, 'learning_rate': 0.0001814572864321608, 'epoch': 0.64}
{'loss': 0.0623, 'grad_norm': 0.05830729007720947, 'learning_rate': 0.00018095477386934674, 'epoch': 0.64}
{'loss': 0.0685, 'grad_norm': 0.05709977075457573, 'learning_rate': 0.00018045226130653267, 'epoch': 0.64}
{'loss': 0.0609, 'grad_norm': 0.07118762284517288, 'learning_rate': 0.00017994974874371858, 'epoch': 0.64}
{'loss': 0.0453, 'grad_norm': 0.025602182373404503, 'learning_rate': 0.00017944723618090454, 'epoch': 0.64}
{'loss': 0.0662, 'grad_norm': 0.037051789462566376, 'learning_rate': 0.00017894472361809044, 'epoch': 0.64}
{'loss': 0.063, 'grad_norm': 0.08501783013343811, 'learning_rate': 0.00017844221105527637, 'epoch': 0.65}
{'loss': 0.0524, 'grad_norm': 0.04313630610704422, 'learning_rate': 0.0001779396984924623, 'epoch': 0.65}
{'loss': 0.0562, 'grad_norm': 0.036860015243291855, 'learning_rate': 0.00017743718592964824, 'epoch': 0.65}
{'loss': 0.0617, 'grad_norm': 0.23142965137958527, 'learning_rate': 0.00017693467336683417, 'epoch': 0.65}
{'loss': 0.0555, 'grad_norm': 0.052118055522441864, 'learning_rate': 0.0001764321608040201, 'epoch': 0.65}
{'loss': 0.0793, 'grad_norm': 0.0776454284787178, 'learning_rate': 0.00017592964824120604, 'epoch': 0.65}
{'loss': 0.0747, 'grad_norm': 0.0856970027089119, 'learning_rate': 0.00017542713567839197, 'epoch': 0.65}
{'loss': 0.0585, 'grad_norm': 0.032415151596069336, 'learning_rate': 0.00017492462311557787, 'epoch': 0.65}
{'loss': 0.0678, 'grad_norm': 0.0488814152777195, 'learning_rate': 0.00017442211055276383, 'epoch': 0.65}
{'loss': 0.0762, 'grad_norm': 0.04438261687755585, 'learning_rate': 0.00017391959798994974, 'epoch': 0.65}
{'loss': 0.0612, 'grad_norm': 0.03690537437796593, 'learning_rate': 0.0001734170854271357, 'epoch': 0.66}
{'loss': 0.0627, 'grad_norm': 0.026719151064753532, 'learning_rate': 0.0001729145728643216, 'epoch': 0.66}
{'loss': 0.0631, 'grad_norm': 0.026629241183400154, 'learning_rate': 0.00017241206030150756, 'epoch': 0.66}
{'loss': 0.0696, 'grad_norm': 0.0785856768488884, 'learning_rate': 0.00017190954773869347, 'epoch': 0.66}
{'loss': 0.0679, 'grad_norm': 0.0395292304456234, 'learning_rate': 0.0001714070351758794, 'epoch': 0.66}
{'loss': 0.0576, 'grad_norm': 1.0783276557922363, 'learning_rate': 0.00017090452261306533, 'epoch': 0.66}
{'loss': 0.0694, 'grad_norm': 0.07745852321386337, 'learning_rate': 0.00017040201005025127, 'epoch': 0.66}
{'loss': 0.0642, 'grad_norm': 0.045109931379556656, 'learning_rate': 0.0001698994974874372, 'epoch': 0.66}
{'loss': 0.0823, 'grad_norm': 0.04373887553811073, 'learning_rate': 0.00016939698492462313, 'epoch': 0.66}
{'loss': 0.0693, 'grad_norm': 0.04037253558635712, 'learning_rate': 0.00016889447236180904, 'epoch': 0.66}
{'loss': 0.063, 'grad_norm': 0.09160033613443375, 'learning_rate': 0.00016839195979899497, 'epoch': 0.67}
{'loss': 0.0646, 'grad_norm': 0.03647252544760704, 'learning_rate': 0.0001678894472361809, 'epoch': 0.67}
{'loss': 0.0598, 'grad_norm': 0.036155927926301956, 'learning_rate': 0.00016738693467336683, 'epoch': 0.67}
{'loss': 0.0655, 'grad_norm': 0.08151016384363174, 'learning_rate': 0.00016688442211055277, 'epoch': 0.67}
{'loss': 0.0581, 'grad_norm': 0.051014501601457596, 'learning_rate': 0.0001663819095477387, 'epoch': 0.67}
{'loss': 0.0602, 'grad_norm': 0.06045146659016609, 'learning_rate': 0.00016587939698492463, 'epoch': 0.67}
{'loss': 0.0687, 'grad_norm': 0.048020925372838974, 'learning_rate': 0.00016537688442211054, 'epoch': 0.67}
{'loss': 0.0589, 'grad_norm': 0.08221707493066788, 'learning_rate': 0.0001648743718592965, 'epoch': 0.67}
{'loss': 0.074, 'grad_norm': 0.03335687890648842, 'learning_rate': 0.0001643718592964824, 'epoch': 0.67}
{'loss': 0.0608, 'grad_norm': 0.047806303948163986, 'learning_rate': 0.00016386934673366836, 'epoch': 0.67}
{'loss': 0.0805, 'grad_norm': 0.04917442426085472, 'learning_rate': 0.00016336683417085427, 'epoch': 0.68}
{'loss': 0.0701, 'grad_norm': 0.07198299467563629, 'learning_rate': 0.0001628643216080402, 'epoch': 0.68}
{'loss': 0.0592, 'grad_norm': 0.04649711772799492, 'learning_rate': 0.00016236180904522613, 'epoch': 0.68}
{'loss': 0.087, 'grad_norm': 0.0427568256855011, 'learning_rate': 0.00016185929648241206, 'epoch': 0.68}
{'loss': 0.071, 'grad_norm': 0.04829816892743111, 'learning_rate': 0.000161356783919598, 'epoch': 0.68}
{'loss': 0.0511, 'grad_norm': 0.038011275231838226, 'learning_rate': 0.00016085427135678393, 'epoch': 0.68}
{'loss': 0.0609, 'grad_norm': 0.037868235260248184, 'learning_rate': 0.00016035175879396986, 'epoch': 0.68}
{'loss': 0.0611, 'grad_norm': 0.027521468698978424, 'learning_rate': 0.0001598492462311558, 'epoch': 0.68}
{'loss': 0.0474, 'grad_norm': 0.03634275496006012, 'learning_rate': 0.0001593467336683417, 'epoch': 0.68}
{'loss': 0.0585, 'grad_norm': 0.046008966863155365, 'learning_rate': 0.00015884422110552766, 'epoch': 0.68}
{'loss': 0.0577, 'grad_norm': 0.06088799983263016, 'learning_rate': 0.00015834170854271356, 'epoch': 0.69}
{'loss': 0.0599, 'grad_norm': 0.05514774098992348, 'learning_rate': 0.00015783919597989952, 'epoch': 0.69}
{'loss': 0.0759, 'grad_norm': 0.05728989839553833, 'learning_rate': 0.00015733668341708543, 'epoch': 0.69}
{'loss': 0.06, 'grad_norm': 0.04759107530117035, 'learning_rate': 0.00015683417085427133, 'epoch': 0.69}
{'loss': 0.0685, 'grad_norm': 0.080799899995327, 'learning_rate': 0.0001563316582914573, 'epoch': 0.69}
{'loss': 0.0595, 'grad_norm': 0.03931731358170509, 'learning_rate': 0.0001558291457286432, 'epoch': 0.69}
{'loss': 0.0623, 'grad_norm': 0.07037729024887085, 'learning_rate': 0.00015532663316582916, 'epoch': 0.69}
{'loss': 0.066, 'grad_norm': 0.07259059697389603, 'learning_rate': 0.00015482412060301506, 'epoch': 0.69}
{'loss': 0.0672, 'grad_norm': 0.047446493059396744, 'learning_rate': 0.00015432160804020102, 'epoch': 0.69}
{'loss': 0.0619, 'grad_norm': 0.037044066935777664, 'learning_rate': 0.00015381909547738693, 'epoch': 0.69}
{'loss': 0.0566, 'grad_norm': 0.04052361473441124, 'learning_rate': 0.00015331658291457286, 'epoch': 0.69}
{'loss': 0.0596, 'grad_norm': 0.0297717098146677, 'learning_rate': 0.0001528140703517588, 'epoch': 0.7}
{'loss': 0.0567, 'grad_norm': 0.046188682317733765, 'learning_rate': 0.00015231155778894472, 'epoch': 0.7}
{'loss': 0.0527, 'grad_norm': 0.07456637173891068, 'learning_rate': 0.00015180904522613066, 'epoch': 0.7}
{'loss': 0.0685, 'grad_norm': 0.04072054848074913, 'learning_rate': 0.0001513065326633166, 'epoch': 0.7}
{'loss': 0.0628, 'grad_norm': 0.035872649401426315, 'learning_rate': 0.00015080402010050252, 'epoch': 0.7}
=== JOB_STATISTICS ===
=== current date     : Wed Apr 15 12:01:59 CEST 2026
= Job-ID             : 3539274 on alex as 3539167_6
= Job-Name           : sft_nl_then_formal_lr
= Job-Command        : /home/hpc/c107fa/c107fa12/synthetic-RLVL/scripts/slurm/sweeps/sft/nl_then_formal_lr_coarse.slurm
= Initial workdir    : /home/hpc/c107fa/c107fa12/synthetic-RLVL
= Queue/Partition    : a100
= Slurm account      : c107fa with QOS=normal
= Features           : a100_80&el8
= Requested resources:  for 1-00:00:00
= Elapsed runtime    : 1-00:00:14
= Total RAM usage    : 30.0 GiB of assigned  GiB (%)
= Node list          : a0833
= Subm/Elig/Start/End: 2026-04-14T11:09:40 / 2026-04-14T11:09:41 / 2026-04-14T12:01:43 / 2026-04-15T12:01:57
======================
=== Quota infos ======
    Path              Used     SoftQ    HardQ    Gracetime  Filec    FileQ    FiHaQ    FileGrace    
    /home/hpc           35.2G   104.9G   209.7G        N/A  39,763      500K   1,000K        N/A    
    /home/vault         42.7G  1048.6G  2097.2G        N/A     101K     200K     400K        N/A    
    atuin.rrze.uni-erlangen.de:/srv/home  1896.8G     0.0K     0.0K        N/A     286K                          N/A    
======================
=== GPU utilization ==
gpu_name, gpu_bus_id, pid, gpu_utilization [%], mem_utilization [%], max_memory_usage [MiB], time [ms]
NVIDIA A100-SXM4-80GB, 00000000:CD:00.0, 719434, 40 %, 14 %, 30840 MiB, 86340698 ms
