### Starting TaskPrologue of job 3566373 on a0531 at Mon Apr 27 23:37:56 CEST 2026
Running on cores 0-15 with governor ondemand
Mon Apr 27 23:37:56 2026       
+-----------------------------------------------------------------------------------------+
| NVIDIA-SMI 590.48.01              Driver Version: 590.48.01      CUDA Version: 13.1     |
+-----------------------------------------+------------------------+----------------------+
| GPU  Name                 Persistence-M | Bus-Id          Disp.A | Volatile Uncorr. ECC |
| Fan  Temp   Perf          Pwr:Usage/Cap |           Memory-Usage | GPU-Util  Compute M. |
|                                         |                        |               MIG M. |
|=========================================+========================+======================|
|   0  NVIDIA A100-SXM4-80GB          On  |   00000000:0E:00.0 Off |                    0 |
| N/A   41C    P0             67W /  400W |       0MiB /  81920MiB |      0%      Default |
|                                         |                        |             Disabled |
+-----------------------------------------+------------------------+----------------------+

+-----------------------------------------------------------------------------------------+
| Processes:                                                                              |
|  GPU   GI   CI              PID   Type   Process name                        GPU Memory |
|        ID   ID                                                               Usage      |
|=========================================================================================|
|  No running processes found                                                             |
+-----------------------------------------------------------------------------------------+
### Finished TaskPrologue

[2026-04-27 23:38:21,155][accelerate.utils.modeling][INFO] - We will use 90% of the memory on device 0 for storing the model, and 10% for the buffer to avoid OOM. You can set `max_memory` in to a higher value to use more memory (at your own risk).
[2026-04-27 23:40:26,299][accelerate.utils.other][WARNING] - [RANK 0] Detected kernel version 4.18.0, which is below the recommended minimum of 5.5.0; this can cause the process to hang. It is recommended to upgrade the kernel to the minimum version or higher.
{'loss': 0.9292, 'grad_norm': 0.32441624999046326, 'learning_rate': 1.8e-05, 'epoch': 0.0}
{'loss': 0.8402, 'grad_norm': 0.3378283977508545, 'learning_rate': 3.8e-05, 'epoch': 0.01}
{'loss': 0.5222, 'grad_norm': 0.3401753604412079, 'learning_rate': 5.8e-05, 'epoch': 0.01}
{'loss': 0.2907, 'grad_norm': 0.1859688013792038, 'learning_rate': 7.800000000000001e-05, 'epoch': 0.01}
{'loss': 0.2185, 'grad_norm': 0.14890636503696442, 'learning_rate': 9.8e-05, 'epoch': 0.02}
{'loss': 0.1628, 'grad_norm': 0.18393979966640472, 'learning_rate': 9.905263157894737e-05, 'epoch': 0.02}
{'loss': 0.1244, 'grad_norm': 0.16953688859939575, 'learning_rate': 9.8e-05, 'epoch': 0.02}
{'loss': 0.1016, 'grad_norm': 0.1839023232460022, 'learning_rate': 9.694736842105264e-05, 'epoch': 0.03}
{'loss': 0.0847, 'grad_norm': 0.3045589029788971, 'learning_rate': 9.589473684210528e-05, 'epoch': 0.03}
{'loss': 0.0739, 'grad_norm': 0.2038181722164154, 'learning_rate': 9.48421052631579e-05, 'epoch': 0.03}
{'loss': 0.0611, 'grad_norm': 0.17794924974441528, 'learning_rate': 9.378947368421053e-05, 'epoch': 0.04}
{'loss': 0.0574, 'grad_norm': 0.276994913816452, 'learning_rate': 9.273684210526317e-05, 'epoch': 0.04}
{'loss': 0.0553, 'grad_norm': 0.1752711683511734, 'learning_rate': 9.16842105263158e-05, 'epoch': 0.04}
{'loss': 0.0584, 'grad_norm': 0.20522581040859222, 'learning_rate': 9.063157894736842e-05, 'epoch': 0.04}
{'loss': 0.0482, 'grad_norm': 0.10393679887056351, 'learning_rate': 8.957894736842106e-05, 'epoch': 0.05}
{'loss': 0.0483, 'grad_norm': 0.20996835827827454, 'learning_rate': 8.852631578947368e-05, 'epoch': 0.05}
{'loss': 0.0463, 'grad_norm': 0.24859783053398132, 'learning_rate': 8.747368421052632e-05, 'epoch': 0.05}
{'loss': 0.0473, 'grad_norm': 0.16592039167881012, 'learning_rate': 8.642105263157895e-05, 'epoch': 0.06}
{'loss': 0.0455, 'grad_norm': 0.13535554707050323, 'learning_rate': 8.536842105263159e-05, 'epoch': 0.06}
{'loss': 0.0433, 'grad_norm': 0.13018177449703217, 'learning_rate': 8.431578947368422e-05, 'epoch': 0.06}
{'loss': 0.0407, 'grad_norm': 0.11742252856492996, 'learning_rate': 8.326315789473684e-05, 'epoch': 0.07}
{'loss': 0.0421, 'grad_norm': 0.12729217112064362, 'learning_rate': 8.221052631578948e-05, 'epoch': 0.07}
{'loss': 0.0443, 'grad_norm': 0.1194738894701004, 'learning_rate': 8.115789473684211e-05, 'epoch': 0.07}
{'loss': 0.0448, 'grad_norm': 0.1458488404750824, 'learning_rate': 8.010526315789473e-05, 'epoch': 0.08}
{'loss': 0.0399, 'grad_norm': 0.19989873468875885, 'learning_rate': 7.905263157894737e-05, 'epoch': 0.08}
{'loss': 0.0417, 'grad_norm': 0.19581729173660278, 'learning_rate': 7.800000000000001e-05, 'epoch': 0.08}
{'loss': 0.0402, 'grad_norm': 0.11879872530698776, 'learning_rate': 7.694736842105264e-05, 'epoch': 0.09}
{'loss': 0.0396, 'grad_norm': 0.07731916010379791, 'learning_rate': 7.589473684210526e-05, 'epoch': 0.09}
{'loss': 0.0397, 'grad_norm': 0.103814497590065, 'learning_rate': 7.48421052631579e-05, 'epoch': 0.09}
{'loss': 0.0382, 'grad_norm': 0.06961219757795334, 'learning_rate': 7.378947368421053e-05, 'epoch': 0.1}
{'loss': 0.0378, 'grad_norm': 0.23726682364940643, 'learning_rate': 7.273684210526316e-05, 'epoch': 0.1}
{'loss': 0.0387, 'grad_norm': 0.07643119990825653, 'learning_rate': 7.16842105263158e-05, 'epoch': 0.1}
{'loss': 0.0409, 'grad_norm': 0.12439858913421631, 'learning_rate': 7.063157894736842e-05, 'epoch': 0.11}
{'loss': 0.0393, 'grad_norm': 0.1302085816860199, 'learning_rate': 6.957894736842106e-05, 'epoch': 0.11}
{'loss': 0.0387, 'grad_norm': 0.06616756319999695, 'learning_rate': 6.852631578947369e-05, 'epoch': 0.11}
{'loss': 0.0394, 'grad_norm': 0.12806132435798645, 'learning_rate': 6.747368421052633e-05, 'epoch': 0.12}
{'loss': 0.0387, 'grad_norm': 0.07474669814109802, 'learning_rate': 6.642105263157895e-05, 'epoch': 0.12}
{'loss': 0.0389, 'grad_norm': 0.0839204266667366, 'learning_rate': 6.536842105263158e-05, 'epoch': 0.12}
{'loss': 0.0387, 'grad_norm': 0.08000893890857697, 'learning_rate': 6.431578947368422e-05, 'epoch': 0.12}
{'loss': 0.0399, 'grad_norm': 0.07029223442077637, 'learning_rate': 6.326315789473684e-05, 'epoch': 0.13}
{'loss': 0.039, 'grad_norm': 0.1109645888209343, 'learning_rate': 6.221052631578947e-05, 'epoch': 0.13}
{'loss': 0.0371, 'grad_norm': 0.08439920842647552, 'learning_rate': 6.115789473684211e-05, 'epoch': 0.13}
{'loss': 0.0364, 'grad_norm': 0.06136338785290718, 'learning_rate': 6.010526315789474e-05, 'epoch': 0.14}
{'loss': 0.0395, 'grad_norm': 0.11877135187387466, 'learning_rate': 5.905263157894737e-05, 'epoch': 0.14}
{'loss': 0.038, 'grad_norm': 0.05689941719174385, 'learning_rate': 5.8e-05, 'epoch': 0.14}
{'loss': 0.0377, 'grad_norm': 0.0786871463060379, 'learning_rate': 5.694736842105264e-05, 'epoch': 0.15}
{'loss': 0.0386, 'grad_norm': 0.08084660768508911, 'learning_rate': 5.5894736842105266e-05, 'epoch': 0.15}
{'loss': 0.0376, 'grad_norm': 0.07385384291410446, 'learning_rate': 5.484210526315789e-05, 'epoch': 0.15}
{'loss': 0.036, 'grad_norm': 0.09835181385278702, 'learning_rate': 5.378947368421053e-05, 'epoch': 0.16}
{'loss': 0.0369, 'grad_norm': 0.08639272302389145, 'learning_rate': 5.2736842105263164e-05, 'epoch': 0.16}
{'eval_loss': 0.032829977571964264, 'eval_runtime': 116.6614, 'eval_samples_per_second': 4.389, 'eval_steps_per_second': 4.389, 'epoch': 0.16}
{'synthetic/step_1/syntactic': 0.85, 'synthetic/step_1/format': 0.5, 'synthetic/step_1/correct': 0.85, 'synthetic/step_1/valid': 0.85, 'synthetic/step_2/syntactic': 0.2, 'synthetic/step_2/format': 0.05, 'synthetic/step_2/correct': 0.35, 'synthetic/step_2/valid': 0.2, 'synthetic/step_3/syntactic': 0.4, 'synthetic/step_3/format': 0.05, 'synthetic/step_3/correct': 0.8, 'synthetic/step_3/valid': 0.4, 'synthetic/step_4/syntactic': 0.35, 'synthetic/step_4/format': 0.1, 'synthetic/step_4/correct': 0.75, 'synthetic/step_4/valid': 0.35, 'synthetic/step_5/syntactic': 0.45, 'synthetic/step_5/format': 0.05, 'synthetic/step_5/correct': 0.65, 'synthetic/step_5/valid': 0.4, 'synthetic/step_6/syntactic': 0.45, 'synthetic/step_6/format': 0.05, 'synthetic/step_6/correct': 0.7, 'synthetic/step_6/valid': 0.45, 'synthetic/step_7/syntactic': 0.55, 'synthetic/step_7/format': 0.05, 'synthetic/step_7/correct': 0.7, 'synthetic/step_7/valid': 0.55, 'synthetic/step_8/syntactic': 0.7, 'synthetic/step_8/format': 0.1, 'synthetic/step_8/correct': 0.8, 'synthetic/step_8/valid': 0.7, 'synthetic/step_9/syntactic': 0.3, 'synthetic/step_9/format': 0.05, 'synthetic/step_9/correct': 0.55, 'synthetic/step_9/valid': 0.3, 'synthetic/step_10/syntactic': 0.5, 'synthetic/step_10/format': 0.05, 'synthetic/step_10/correct': 0.7, 'synthetic/step_10/valid': 0.5, 'synthetic/step_11/syntactic': 0.65, 'synthetic/step_11/format': 0.1, 'synthetic/step_11/correct': 0.75, 'synthetic/step_11/valid': 0.65, 'synthetic/step_12/syntactic': 0.45, 'synthetic/step_12/format': 0.1, 'synthetic/step_12/correct': 0.5, 'synthetic/step_12/valid': 0.3, 'synthetic/step_13/syntactic': 0.65, 'synthetic/step_13/format': 0.05, 'synthetic/step_13/correct': 0.75, 'synthetic/step_13/valid': 0.55, 'synthetic/step_14/syntactic': 0.55, 'synthetic/step_14/format': 0.05, 'synthetic/step_14/correct': 0.7, 'synthetic/step_14/valid': 0.45, 'synthetic/step_15/syntactic': 0.4, 'synthetic/step_15/format': 0.05, 'synthetic/step_15/correct': 0.7, 'synthetic/step_15/valid': 0.35, 'synthetic/step_16/syntactic': 0.35, 'synthetic/step_16/format': 0.1, 'synthetic/step_16/correct': 0.7, 'synthetic/step_16/valid': 0.2, 'synthetic/step_17/syntactic': 0.5, 'synthetic/step_17/format': 0.05, 'synthetic/step_17/correct': 0.75, 'synthetic/step_17/valid': 0.1, 'synthetic/step_18/syntactic': 0.3, 'synthetic/step_18/format': 0.05, 'synthetic/step_18/correct': 0.65, 'synthetic/step_18/valid': 0.15, 'synthetic/step_19/syntactic': 0.2, 'synthetic/step_19/format': 0.05, 'synthetic/step_19/correct': 0.55, 'synthetic/step_19/valid': 0.15, 'synthetic/step_20/syntactic': 0.2, 'synthetic/step_20/format': 0.1, 'synthetic/step_20/correct': 0.25, 'synthetic/step_20/valid': 0.05, 'epoch': 0.16}
{'loss': 0.0386, 'grad_norm': 0.06471863389015198, 'learning_rate': 5.168421052631579e-05, 'epoch': 0.16}
{'loss': 0.0375, 'grad_norm': 0.08294831216335297, 'learning_rate': 5.0631578947368416e-05, 'epoch': 0.17}
{'loss': 0.0375, 'grad_norm': 0.06398379802703857, 'learning_rate': 4.9578947368421055e-05, 'epoch': 0.17}
{'loss': 0.0363, 'grad_norm': 0.05622979253530502, 'learning_rate': 4.852631578947369e-05, 'epoch': 0.17}
{'loss': 0.0369, 'grad_norm': 0.06880374997854233, 'learning_rate': 4.747368421052632e-05, 'epoch': 0.18}
{'loss': 0.0395, 'grad_norm': 0.04874058812856674, 'learning_rate': 4.642105263157895e-05, 'epoch': 0.18}
{'loss': 0.0384, 'grad_norm': 0.09189212322235107, 'learning_rate': 4.536842105263158e-05, 'epoch': 0.18}
{'loss': 0.0361, 'grad_norm': 0.06930988281965256, 'learning_rate': 4.431578947368421e-05, 'epoch': 0.19}
{'loss': 0.0385, 'grad_norm': 0.05787317827343941, 'learning_rate': 4.3263157894736845e-05, 'epoch': 0.19}
{'loss': 0.0376, 'grad_norm': 0.10543771833181381, 'learning_rate': 4.221052631578948e-05, 'epoch': 0.19}
{'loss': 0.0346, 'grad_norm': 0.06321486830711365, 'learning_rate': 4.1157894736842104e-05, 'epoch': 0.2}
{'loss': 0.0375, 'grad_norm': 0.05357227474451065, 'learning_rate': 4.010526315789474e-05, 'epoch': 0.2}
{'loss': 0.0366, 'grad_norm': 0.05518904700875282, 'learning_rate': 3.905263157894737e-05, 'epoch': 0.2}
{'loss': 0.0367, 'grad_norm': 0.046068206429481506, 'learning_rate': 3.8e-05, 'epoch': 0.2}
{'loss': 0.0374, 'grad_norm': 0.05188252031803131, 'learning_rate': 3.6947368421052635e-05, 'epoch': 0.21}
{'loss': 0.0349, 'grad_norm': 0.049266159534454346, 'learning_rate': 3.589473684210527e-05, 'epoch': 0.21}
{'loss': 0.0369, 'grad_norm': 0.06431367993354797, 'learning_rate': 3.48421052631579e-05, 'epoch': 0.21}
{'loss': 0.0362, 'grad_norm': 0.06106330826878548, 'learning_rate': 3.3789473684210526e-05, 'epoch': 0.22}
{'loss': 0.0354, 'grad_norm': 0.08710262924432755, 'learning_rate': 3.273684210526316e-05, 'epoch': 0.22}
{'loss': 0.0366, 'grad_norm': 0.04713599756360054, 'learning_rate': 3.168421052631579e-05, 'epoch': 0.22}
{'loss': 0.0372, 'grad_norm': 0.057756613940000534, 'learning_rate': 3.0631578947368425e-05, 'epoch': 0.23}
{'loss': 0.0352, 'grad_norm': 0.10293605178594589, 'learning_rate': 2.9578947368421057e-05, 'epoch': 0.23}
{'loss': 0.0367, 'grad_norm': 0.054644227027893066, 'learning_rate': 2.8526315789473683e-05, 'epoch': 0.23}
{'loss': 0.0386, 'grad_norm': 0.11624372750520706, 'learning_rate': 2.747368421052632e-05, 'epoch': 0.24}
{'loss': 0.0363, 'grad_norm': 0.0637207180261612, 'learning_rate': 2.6421052631578945e-05, 'epoch': 0.24}
{'loss': 0.038, 'grad_norm': 0.04624344781041145, 'learning_rate': 2.536842105263158e-05, 'epoch': 0.24}
{'loss': 0.0377, 'grad_norm': 0.05684400349855423, 'learning_rate': 2.431578947368421e-05, 'epoch': 0.25}
{'loss': 0.0368, 'grad_norm': 0.059562429785728455, 'learning_rate': 2.3263157894736844e-05, 'epoch': 0.25}
{'loss': 0.0365, 'grad_norm': 0.0513404905796051, 'learning_rate': 2.2210526315789476e-05, 'epoch': 0.25}
{'loss': 0.0366, 'grad_norm': 0.058693915605545044, 'learning_rate': 2.1157894736842106e-05, 'epoch': 0.26}
{'loss': 0.0332, 'grad_norm': 0.053261179476976395, 'learning_rate': 2.010526315789474e-05, 'epoch': 0.26}
{'loss': 0.0377, 'grad_norm': 0.06087358295917511, 'learning_rate': 1.9052631578947368e-05, 'epoch': 0.26}
{'loss': 0.035, 'grad_norm': 0.04815760254859924, 'learning_rate': 1.8e-05, 'epoch': 0.27}
{'loss': 0.0366, 'grad_norm': 0.06951794773340225, 'learning_rate': 1.694736842105263e-05, 'epoch': 0.27}
{'loss': 0.0363, 'grad_norm': 0.07452743500471115, 'learning_rate': 1.5894736842105266e-05, 'epoch': 0.27}
{'loss': 0.0368, 'grad_norm': 0.0445452444255352, 'learning_rate': 1.4842105263157895e-05, 'epoch': 0.28}
{'loss': 0.0355, 'grad_norm': 0.07219111919403076, 'learning_rate': 1.3789473684210526e-05, 'epoch': 0.28}
{'loss': 0.0359, 'grad_norm': 0.05474156513810158, 'learning_rate': 1.2736842105263157e-05, 'epoch': 0.28}
{'loss': 0.0369, 'grad_norm': 0.045844774693250656, 'learning_rate': 1.168421052631579e-05, 'epoch': 0.28}
{'loss': 0.036, 'grad_norm': 0.050198156386613846, 'learning_rate': 1.0631578947368421e-05, 'epoch': 0.29}
{'loss': 0.0367, 'grad_norm': 0.057801637798547745, 'learning_rate': 9.578947368421052e-06, 'epoch': 0.29}
{'loss': 0.0368, 'grad_norm': 0.09099001437425613, 'learning_rate': 8.526315789473685e-06, 'epoch': 0.29}
{'loss': 0.0366, 'grad_norm': 0.07008446007966995, 'learning_rate': 7.473684210526316e-06, 'epoch': 0.3}
{'loss': 0.0366, 'grad_norm': 0.06548981368541718, 'learning_rate': 6.421052631578947e-06, 'epoch': 0.3}
{'loss': 0.0344, 'grad_norm': 0.04498837888240814, 'learning_rate': 5.36842105263158e-06, 'epoch': 0.3}
{'loss': 0.036, 'grad_norm': 0.0413663350045681, 'learning_rate': 4.315789473684211e-06, 'epoch': 0.31}
{'loss': 0.0359, 'grad_norm': 0.05630886182188988, 'learning_rate': 3.2631578947368423e-06, 'epoch': 0.31}
{'loss': 0.0352, 'grad_norm': 0.06265910714864731, 'learning_rate': 2.2105263157894738e-06, 'epoch': 0.31}
{'loss': 0.0382, 'grad_norm': 0.06855323910713196, 'learning_rate': 1.1578947368421055e-06, 'epoch': 0.32}
{'loss': 0.0382, 'grad_norm': 0.04674060642719269, 'learning_rate': 1.0526315789473685e-07, 'epoch': 0.32}
{'eval_loss': 0.03192969411611557, 'eval_runtime': 115.7815, 'eval_samples_per_second': 4.422, 'eval_steps_per_second': 4.422, 'epoch': 0.32}
{'synthetic/step_1/syntactic': 0.75, 'synthetic/step_1/format': 0.75, 'synthetic/step_1/correct': 0.9, 'synthetic/step_1/valid': 0.75, 'synthetic/step_2/syntactic': 0.5, 'synthetic/step_2/format': 0.05, 'synthetic/step_2/correct': 0.8, 'synthetic/step_2/valid': 0.5, 'synthetic/step_3/syntactic': 0.5, 'synthetic/step_3/format': 0.05, 'synthetic/step_3/correct': 0.75, 'synthetic/step_3/valid': 0.5, 'synthetic/step_4/syntactic': 0.5, 'synthetic/step_4/format': 0.1, 'synthetic/step_4/correct': 0.8, 'synthetic/step_4/valid': 0.5, 'synthetic/step_5/syntactic': 0.6, 'synthetic/step_5/format': 0.05, 'synthetic/step_5/correct': 0.8, 'synthetic/step_5/valid': 0.6, 'synthetic/step_6/syntactic': 0.75, 'synthetic/step_6/format': 0.05, 'synthetic/step_6/correct': 0.75, 'synthetic/step_6/valid': 0.75, 'synthetic/step_7/syntactic': 0.8, 'synthetic/step_7/format': 0.05, 'synthetic/step_7/correct': 0.75, 'synthetic/step_7/valid': 0.8, 'synthetic/step_8/syntactic': 0.65, 'synthetic/step_8/format': 0.1, 'synthetic/step_8/correct': 0.85, 'synthetic/step_8/valid': 0.65, 'synthetic/step_9/syntactic': 0.7, 'synthetic/step_9/format': 0.05, 'synthetic/step_9/correct': 0.85, 'synthetic/step_9/valid': 0.7, 'synthetic/step_10/syntactic': 0.25, 'synthetic/step_10/format': 0.05, 'synthetic/step_10/correct': 0.65, 'synthetic/step_10/valid': 0.25, 'synthetic/step_11/syntactic': 0.65, 'synthetic/step_11/format': 0.1, 'synthetic/step_11/correct': 0.85, 'synthetic/step_11/valid': 0.65, 'synthetic/step_12/syntactic': 0.25, 'synthetic/step_12/format': 0.1, 'synthetic/step_12/correct': 0.65, 'synthetic/step_12/valid': 0.25, 'synthetic/step_13/syntactic': 0.25, 'synthetic/step_13/format': 0.05, 'synthetic/step_13/correct': 0.7, 'synthetic/step_13/valid': 0.25, 'synthetic/step_14/syntactic': 0.45, 'synthetic/step_14/format': 0.05, 'synthetic/step_14/correct': 0.7, 'synthetic/step_14/valid': 0.4, 'synthetic/step_15/syntactic': 0.25, 'synthetic/step_15/format': 0.05, 'synthetic/step_15/correct': 0.75, 'synthetic/step_15/valid': 0.2, 'synthetic/step_16/syntactic': 0.3, 'synthetic/step_16/format': 0.1, 'synthetic/step_16/correct': 0.6, 'synthetic/step_16/valid': 0.2, 'synthetic/step_17/syntactic': 0.5, 'synthetic/step_17/format': 0.05, 'synthetic/step_17/correct': 0.8, 'synthetic/step_17/valid': 0.4, 'synthetic/step_18/syntactic': 0.35, 'synthetic/step_18/format': 0.05, 'synthetic/step_18/correct': 0.7, 'synthetic/step_18/valid': 0.2, 'synthetic/step_19/syntactic': 0.45, 'synthetic/step_19/format': 0.05, 'synthetic/step_19/correct': 0.7, 'synthetic/step_19/valid': 0.4, 'synthetic/step_20/syntactic': 0.45, 'synthetic/step_20/format': 0.1, 'synthetic/step_20/correct': 0.45, 'synthetic/step_20/valid': 0.1, 'epoch': 0.32}
{'train_runtime': 7714.2747, 'train_samples_per_second': 2.074, 'train_steps_per_second': 0.13, 'train_loss': 0.06872024551033974, 'epoch': 0.32}
[1;34mwandb[0m: 
[1;34mwandb[0m: 🚀 View run [33msft_hard_v1_lr1e-4_seed3407[0m at: [34mhttps://wandb.ai/filipelaitenberger/synthetic-rlvl/runs/ccpekymj[0m
[1;34mwandb[0m: Find logs at: [1;35m../../../../atuin/c107fa/c107fa12/synthetic-RLVL/wandb/wandb/run-20260427_234023-ccpekymj/logs[0m
=== JOB_STATISTICS ===
=== current date     : Tue Apr 28 01:49:06 CEST 2026
= Job-ID             : 3566373 on alex as 3566369_0
= Job-Name           : sft_hard_v1_lr1e4
= Job-Command        : /home/hpc/c107fa/c107fa12/synthetic-RLVL/scripts/slurm/sweeps/sft/hard_v1_lr1e4.slurm
= Initial workdir    : /home/hpc/c107fa/c107fa12/synthetic-RLVL
= Queue/Partition    : a100
= Slurm account      : c107fa with QOS=normal
= Features           : a100_80&el8
= Requested resources:  for 1-00:00:00
= Elapsed runtime    : 02:11:55
= Total RAM usage    : 17.1 GiB of assigned  GiB (%)
= Node list          : a0531
= Subm/Elig/Start/End: 2026-04-27T23:36:51 / 2026-04-27T23:36:52 / 2026-04-27T23:37:11 / 2026-04-28T01:49:06
======================
=== Quota infos ======
    Path              Used     SoftQ    HardQ    Gracetime  Filec    FileQ    FiHaQ    FileGrace    
    /home/hpc           39.2G   104.9G   209.7G        N/A  48,494      500K   1,000K        N/A    
    /home/vault         42.7G  1048.6G  2097.2G        N/A     101K     200K     400K        N/A    
    atuin.rrze.uni-erlangen.de:/srv/home  4365.7G     0.0K     0.0K        N/A     234K                          N/A    
======================
=== GPU utilization ==
gpu_name, gpu_bus_id, pid, gpu_utilization [%], mem_utilization [%], max_memory_usage [MiB], time [ms]
NVIDIA A100-SXM4-80GB, 00000000:0E:00.0, 1034425, 78 %, 34 %, 50882 MiB, 7852928 ms
