### Starting TaskPrologue of job 3539295 on a0833 at Tue Apr 14 12:15:08 CEST 2026
Running on cores 32-47 with governor ondemand
Tue Apr 14 12:15:08 2026       
+-----------------------------------------------------------------------------------------+
| NVIDIA-SMI 590.48.01              Driver Version: 590.48.01      CUDA Version: 13.1     |
+-----------------------------------------+------------------------+----------------------+
| GPU  Name                 Persistence-M | Bus-Id          Disp.A | Volatile Uncorr. ECC |
| Fan  Temp   Perf          Pwr:Usage/Cap |           Memory-Usage | GPU-Util  Compute M. |
|                                         |                        |               MIG M. |
|=========================================+========================+======================|
|   0  NVIDIA A100-SXM4-80GB          On  |   00000000:49:00.0 Off |                    0 |
| N/A   36C    P0             62W /  400W |       0MiB /  81920MiB |      0%      Default |
|                                         |                        |             Disabled |
+-----------------------------------------+------------------------+----------------------+

+-----------------------------------------------------------------------------------------+
| Processes:                                                                              |
|  GPU   GI   CI              PID   Type   Process name                        GPU Memory |
|        ID   ID                                                               Usage      |
|=========================================================================================|
|  No running processes found                                                             |
+-----------------------------------------------------------------------------------------+
### Finished TaskPrologue

[2026-04-14 12:15:32,117][accelerate.utils.modeling][INFO] - We will use 90% of the memory on device 0 for storing the model, and 10% for the buffer to avoid OOM. You can set `max_memory` in to a higher value to use more memory (at your own risk).
[2026-04-14 12:16:20,892][accelerate.utils.other][WARNING] - [RANK 0] Detected kernel version 4.18.0, which is below the recommended minimum of 5.5.0; this can cause the process to hang. It is recommended to upgrade the kernel to the minimum version or higher.
{'loss': 0.9215, 'grad_norm': 0.48847049474716187, 'learning_rate': 8.999999999999999e-05, 'epoch': 0.0}
{'loss': 0.3342, 'grad_norm': 0.5234187841415405, 'learning_rate': 0.00019, 'epoch': 0.0}
{'loss': 0.1288, 'grad_norm': 0.32580167055130005, 'learning_rate': 0.00029, 'epoch': 0.0}
{'loss': 0.0894, 'grad_norm': 0.2135629802942276, 'learning_rate': 0.00039000000000000005, 'epoch': 0.0}
{'loss': 0.0695, 'grad_norm': 0.7926853895187378, 'learning_rate': 0.00049, 'epoch': 0.01}
{'loss': 0.0926, 'grad_norm': 0.21673446893692017, 'learning_rate': 0.0004995477386934673, 'epoch': 0.01}
{'loss': 0.078, 'grad_norm': 0.2035583108663559, 'learning_rate': 0.0004990452261306533, 'epoch': 0.01}
{'loss': 0.0886, 'grad_norm': 0.8281353116035461, 'learning_rate': 0.0004985427135678392, 'epoch': 0.01}
{'loss': 0.0885, 'grad_norm': 0.88925701379776, 'learning_rate': 0.0004980402010050251, 'epoch': 0.01}
{'loss': 0.0737, 'grad_norm': 0.1768403947353363, 'learning_rate': 0.000497537688442211, 'epoch': 0.01}
{'loss': 0.0723, 'grad_norm': 0.09486501663923264, 'learning_rate': 0.000497035175879397, 'epoch': 0.01}
{'loss': 0.0719, 'grad_norm': 0.1381019651889801, 'learning_rate': 0.0004965326633165829, 'epoch': 0.01}
{'loss': 0.0725, 'grad_norm': 0.49169713258743286, 'learning_rate': 0.0004960301507537688, 'epoch': 0.01}
{'loss': 0.0771, 'grad_norm': 0.28382742404937744, 'learning_rate': 0.0004955276381909548, 'epoch': 0.01}
{'loss': 0.0761, 'grad_norm': 0.10780477523803711, 'learning_rate': 0.0004950251256281408, 'epoch': 0.01}
{'loss': 0.0829, 'grad_norm': 0.08163440227508545, 'learning_rate': 0.0004945226130653266, 'epoch': 0.02}
{'loss': 0.0704, 'grad_norm': 0.12392110377550125, 'learning_rate': 0.0004940201005025125, 'epoch': 0.02}
{'loss': 0.0706, 'grad_norm': 0.10283132642507553, 'learning_rate': 0.0004935175879396985, 'epoch': 0.02}
{'loss': 0.0681, 'grad_norm': 0.09450852125883102, 'learning_rate': 0.0004930150753768845, 'epoch': 0.02}
{'loss': 0.0622, 'grad_norm': 0.09796229004859924, 'learning_rate': 0.0004925125628140704, 'epoch': 0.02}
{'loss': 0.0753, 'grad_norm': 0.5642409324645996, 'learning_rate': 0.0004920100502512563, 'epoch': 0.02}
{'loss': 0.0997, 'grad_norm': 0.16452716290950775, 'learning_rate': 0.0004915075376884422, 'epoch': 0.02}
{'loss': 0.0784, 'grad_norm': 0.11778508126735687, 'learning_rate': 0.0004910050251256281, 'epoch': 0.02}
{'loss': 0.0714, 'grad_norm': 0.16485069692134857, 'learning_rate': 0.0004905025125628141, 'epoch': 0.02}
{'loss': 0.0734, 'grad_norm': 1.3053719997406006, 'learning_rate': 0.00049, 'epoch': 0.03}
{'loss': 0.0856, 'grad_norm': 0.2819577753543854, 'learning_rate': 0.000489497487437186, 'epoch': 0.03}
{'loss': 0.0611, 'grad_norm': 0.10418882220983505, 'learning_rate': 0.0004889949748743718, 'epoch': 0.03}
{'loss': 0.0927, 'grad_norm': 1.2614442110061646, 'learning_rate': 0.0004884924623115578, 'epoch': 0.03}
{'loss': 0.0808, 'grad_norm': 0.24482537806034088, 'learning_rate': 0.0004879899497487437, 'epoch': 0.03}
{'loss': 0.0871, 'grad_norm': 0.31580546498298645, 'learning_rate': 0.00048748743718592965, 'epoch': 0.03}
{'loss': 0.0961, 'grad_norm': 0.16577650606632233, 'learning_rate': 0.00048698492462311563, 'epoch': 0.03}
{'loss': 0.0754, 'grad_norm': 0.429486483335495, 'learning_rate': 0.0004864824120603015, 'epoch': 0.03}
{'loss': 0.073, 'grad_norm': 0.34721341729164124, 'learning_rate': 0.00048597989949748744, 'epoch': 0.03}
{'loss': 0.0685, 'grad_norm': 0.3475557565689087, 'learning_rate': 0.0004854773869346734, 'epoch': 0.03}
{'loss': 0.081, 'grad_norm': 0.10593492537736893, 'learning_rate': 0.0004849748743718593, 'epoch': 0.04}
{'loss': 0.0603, 'grad_norm': 0.13148687779903412, 'learning_rate': 0.00048447236180904524, 'epoch': 0.04}
{'loss': 0.0582, 'grad_norm': 0.07205595821142197, 'learning_rate': 0.0004839698492462312, 'epoch': 0.04}
{'loss': 0.0684, 'grad_norm': 0.08282861113548279, 'learning_rate': 0.0004834673366834171, 'epoch': 0.04}
{'loss': 0.069, 'grad_norm': 0.04513782635331154, 'learning_rate': 0.00048296482412060304, 'epoch': 0.04}
{'loss': 0.0677, 'grad_norm': 0.37007829546928406, 'learning_rate': 0.00048246231155778897, 'epoch': 0.04}
{'loss': 0.0707, 'grad_norm': 0.41956689953804016, 'learning_rate': 0.0004819597989949749, 'epoch': 0.04}
{'loss': 0.0825, 'grad_norm': 0.10681544244289398, 'learning_rate': 0.0004814572864321608, 'epoch': 0.04}
{'loss': 0.1579, 'grad_norm': 2.1870148181915283, 'learning_rate': 0.0004809547738693467, 'epoch': 0.04}
{'loss': 0.095, 'grad_norm': 0.07093828916549683, 'learning_rate': 0.0004804522613065327, 'epoch': 0.04}
{'loss': 0.0811, 'grad_norm': 0.12114088237285614, 'learning_rate': 0.00047994974874371863, 'epoch': 0.04}
{'loss': 0.0821, 'grad_norm': 0.16849146783351898, 'learning_rate': 0.0004794472361809045, 'epoch': 0.05}
{'loss': 0.0797, 'grad_norm': 1.1177279949188232, 'learning_rate': 0.00047894472361809044, 'epoch': 0.05}
{'loss': 0.0722, 'grad_norm': 0.08935920149087906, 'learning_rate': 0.00047844221105527643, 'epoch': 0.05}
{'loss': 0.0826, 'grad_norm': 0.41367068886756897, 'learning_rate': 0.0004779396984924623, 'epoch': 0.05}
{'loss': 0.0692, 'grad_norm': 0.05657533183693886, 'learning_rate': 0.00047743718592964824, 'epoch': 0.05}
{'loss': 0.0709, 'grad_norm': 0.08431261032819748, 'learning_rate': 0.00047693467336683417, 'epoch': 0.05}
{'loss': 0.0589, 'grad_norm': 0.12076535820960999, 'learning_rate': 0.0004764321608040201, 'epoch': 0.05}
{'loss': 0.0662, 'grad_norm': 0.07415449619293213, 'learning_rate': 0.00047592964824120604, 'epoch': 0.05}
{'loss': 0.0723, 'grad_norm': 0.10211692750453949, 'learning_rate': 0.00047542713567839197, 'epoch': 0.05}
{'loss': 0.0621, 'grad_norm': 0.965558648109436, 'learning_rate': 0.0004749246231155779, 'epoch': 0.06}
{'loss': 0.0831, 'grad_norm': 0.6615849733352661, 'learning_rate': 0.00047442211055276383, 'epoch': 0.06}
{'loss': 0.077, 'grad_norm': 0.6032924056053162, 'learning_rate': 0.00047391959798994977, 'epoch': 0.06}
{'loss': 0.0679, 'grad_norm': 0.06655454635620117, 'learning_rate': 0.0004734170854271357, 'epoch': 0.06}
{'loss': 0.0613, 'grad_norm': 0.12415729463100433, 'learning_rate': 0.0004729145728643216, 'epoch': 0.06}
{'loss': 0.075, 'grad_norm': 0.8584856390953064, 'learning_rate': 0.00047241206030150756, 'epoch': 0.06}
{'loss': 0.0717, 'grad_norm': 0.07818299531936646, 'learning_rate': 0.0004719095477386935, 'epoch': 0.06}
{'loss': 0.0821, 'grad_norm': 0.06846371293067932, 'learning_rate': 0.00047140703517587943, 'epoch': 0.06}
{'loss': 0.0744, 'grad_norm': 0.1179211363196373, 'learning_rate': 0.0004709045226130653, 'epoch': 0.06}
{'loss': 0.0886, 'grad_norm': 0.12475761771202087, 'learning_rate': 0.00047040201005025124, 'epoch': 0.06}
{'loss': 0.0561, 'grad_norm': 1.0748260021209717, 'learning_rate': 0.0004698994974874372, 'epoch': 0.07}
{'loss': 0.0664, 'grad_norm': 0.0731506496667862, 'learning_rate': 0.0004693969849246231, 'epoch': 0.07}
{'loss': 0.0577, 'grad_norm': 0.06802049279212952, 'learning_rate': 0.00046889447236180904, 'epoch': 0.07}
{'loss': 0.0589, 'grad_norm': 0.3509811460971832, 'learning_rate': 0.00046839195979899497, 'epoch': 0.07}
{'loss': 0.084, 'grad_norm': 0.2715964913368225, 'learning_rate': 0.00046788944723618096, 'epoch': 0.07}
{'loss': 0.0611, 'grad_norm': 0.07427620887756348, 'learning_rate': 0.00046738693467336683, 'epoch': 0.07}
{'loss': 0.08, 'grad_norm': 0.29264146089553833, 'learning_rate': 0.00046688442211055277, 'epoch': 0.07}
{'loss': 0.066, 'grad_norm': 0.10859798640012741, 'learning_rate': 0.0004663819095477387, 'epoch': 0.07}
{'loss': 0.0712, 'grad_norm': 0.07888108491897583, 'learning_rate': 0.00046587939698492463, 'epoch': 0.07}
{'loss': 0.062, 'grad_norm': 0.4952320456504822, 'learning_rate': 0.00046537688442211056, 'epoch': 0.07}
{'loss': 0.0657, 'grad_norm': 0.09851677715778351, 'learning_rate': 0.0004648743718592965, 'epoch': 0.07}
{'loss': 0.0699, 'grad_norm': 0.06260453909635544, 'learning_rate': 0.0004643718592964824, 'epoch': 0.08}
{'loss': 0.0735, 'grad_norm': 0.1371852457523346, 'learning_rate': 0.00046386934673366836, 'epoch': 0.08}
{'loss': 0.0725, 'grad_norm': 0.07221584767103195, 'learning_rate': 0.0004633668341708543, 'epoch': 0.08}
{'loss': 0.0639, 'grad_norm': 0.06886997073888779, 'learning_rate': 0.0004628643216080402, 'epoch': 0.08}
{'loss': 0.0716, 'grad_norm': 0.5994614362716675, 'learning_rate': 0.0004623618090452261, 'epoch': 0.08}
{'loss': 0.0752, 'grad_norm': 0.12012997269630432, 'learning_rate': 0.0004618592964824121, 'epoch': 0.08}
{'loss': 0.0855, 'grad_norm': 0.41895896196365356, 'learning_rate': 0.000461356783919598, 'epoch': 0.08}
{'loss': 0.0758, 'grad_norm': 0.07056943327188492, 'learning_rate': 0.0004608542713567839, 'epoch': 0.08}
{'loss': 0.0699, 'grad_norm': 0.10839026421308517, 'learning_rate': 0.00046035175879396983, 'epoch': 0.08}
{'loss': 0.0783, 'grad_norm': 0.7170868515968323, 'learning_rate': 0.0004598492462311558, 'epoch': 0.09}
{'loss': 0.0815, 'grad_norm': 0.28553229570388794, 'learning_rate': 0.00045934673366834175, 'epoch': 0.09}
{'loss': 0.0688, 'grad_norm': 0.5669184327125549, 'learning_rate': 0.00045884422110552763, 'epoch': 0.09}
{'loss': 0.0752, 'grad_norm': 0.22287821769714355, 'learning_rate': 0.00045834170854271356, 'epoch': 0.09}
{'loss': 0.0564, 'grad_norm': 0.06379640847444534, 'learning_rate': 0.0004578391959798995, 'epoch': 0.09}
{'loss': 0.0629, 'grad_norm': 0.271788090467453, 'learning_rate': 0.00045733668341708543, 'epoch': 0.09}
{'loss': 0.0549, 'grad_norm': 0.07461841404438019, 'learning_rate': 0.00045683417085427136, 'epoch': 0.09}
{'loss': 0.072, 'grad_norm': 0.45003393292427063, 'learning_rate': 0.0004563316582914573, 'epoch': 0.09}
{'loss': 0.0715, 'grad_norm': 0.09829427301883698, 'learning_rate': 0.0004558291457286432, 'epoch': 0.09}
{'loss': 0.0776, 'grad_norm': 0.2599567770957947, 'learning_rate': 0.00045532663316582916, 'epoch': 0.09}
{'loss': 0.0677, 'grad_norm': 0.09269904345273972, 'learning_rate': 0.0004548241206030151, 'epoch': 0.1}
{'loss': 0.0713, 'grad_norm': 0.06988402456045151, 'learning_rate': 0.000454321608040201, 'epoch': 0.1}
{'loss': 0.0697, 'grad_norm': 0.09134377539157867, 'learning_rate': 0.0004538190954773869, 'epoch': 0.1}
{'loss': 0.0712, 'grad_norm': 0.42031216621398926, 'learning_rate': 0.0004533165829145729, 'epoch': 0.1}
{'loss': 0.0617, 'grad_norm': 0.14302071928977966, 'learning_rate': 0.0004528140703517588, 'epoch': 0.1}
{'loss': 0.0781, 'grad_norm': 0.06075119599699974, 'learning_rate': 0.00045231155778894475, 'epoch': 0.1}
{'eval_loss': 0.05543176457285881, 'eval_runtime': 73.8768, 'eval_samples_per_second': 6.93, 'eval_steps_per_second': 6.93, 'epoch': 0.1}
{'synthetic/step_1/format': 1.0, 'synthetic/step_1/correct': 1.0, 'synthetic/step_1/valid': 1.0, 'synthetic/step_2/format': 1.0, 'synthetic/step_2/correct': 1.0, 'synthetic/step_2/valid': 1.0, 'synthetic/step_3/format': 0.95, 'synthetic/step_3/correct': 0.95, 'synthetic/step_3/valid': 0.75, 'synthetic/step_4/format': 0.95, 'synthetic/step_4/correct': 0.95, 'synthetic/step_4/valid': 0.75, 'synthetic/step_5/format': 0.7, 'synthetic/step_5/correct': 0.7, 'synthetic/step_5/valid': 0.65, 'synthetic/step_6/format': 0.0, 'synthetic/step_6/correct': 0.05, 'synthetic/step_6/valid': 0.0, 'synthetic/step_7/format': 0.0, 'synthetic/step_7/correct': 0.05, 'synthetic/step_7/valid': 0.0, 'synthetic/step_8/format': 0.0, 'synthetic/step_8/correct': 0.0, 'synthetic/step_8/valid': 0.0, 'synthetic/step_9/format': 0.0, 'synthetic/step_9/correct': 0.0, 'synthetic/step_9/valid': 0.0, 'synthetic/step_10/format': 0.0, 'synthetic/step_10/correct': 0.0, 'synthetic/step_10/valid': 0.0, 'synthetic/step_11/format': 0.0, 'synthetic/step_11/correct': 0.0, 'synthetic/step_11/valid': 0.0, 'synthetic/step_12/format': 0.0, 'synthetic/step_12/correct': 0.0, 'synthetic/step_12/valid': 0.0, 'synthetic/step_13/format': 0.0, 'synthetic/step_13/correct': 0.0, 'synthetic/step_13/valid': 0.0, 'synthetic/step_14/format': 0.0, 'synthetic/step_14/correct': 0.0, 'synthetic/step_14/valid': 0.0, 'synthetic/step_15/format': 0.0, 'synthetic/step_15/correct': 0.0, 'synthetic/step_15/valid': 0.0, 'synthetic/step_16/format': 0.0, 'synthetic/step_16/correct': 0.0, 'synthetic/step_16/valid': 0.0, 'synthetic/step_17/format': 0.0, 'synthetic/step_17/correct': 0.0, 'synthetic/step_17/valid': 0.0, 'synthetic/step_18/format': 0.0, 'synthetic/step_18/correct': 0.0, 'synthetic/step_18/valid': 0.0, 'synthetic/step_19/format': 0.0, 'synthetic/step_19/correct': 0.0, 'synthetic/step_19/valid': 0.0, 'synthetic/step_20/format': 0.0, 'synthetic/step_20/correct': 0.0, 'synthetic/step_20/valid': 0.0, 'epoch': 0.1}
{'loss': 0.0599, 'grad_norm': 0.04610760137438774, 'learning_rate': 0.00045180904522613063, 'epoch': 0.1}
{'loss': 0.0747, 'grad_norm': 0.05712296813726425, 'learning_rate': 0.0004513065326633166, 'epoch': 0.1}
{'loss': 0.0701, 'grad_norm': 0.05673840269446373, 'learning_rate': 0.00045080402010050255, 'epoch': 0.1}
{'loss': 0.0593, 'grad_norm': 0.09601104259490967, 'learning_rate': 0.00045030150753768843, 'epoch': 0.1}
{'loss': 0.0625, 'grad_norm': 0.058177173137664795, 'learning_rate': 0.00044979899497487436, 'epoch': 0.1}
{'loss': 0.0671, 'grad_norm': 1.1361676454544067, 'learning_rate': 0.00044929648241206035, 'epoch': 0.11}
{'loss': 0.0697, 'grad_norm': 0.1378355324268341, 'learning_rate': 0.0004487939698492463, 'epoch': 0.11}
{'loss': 0.0741, 'grad_norm': 0.07097218930721283, 'learning_rate': 0.00044829145728643216, 'epoch': 0.11}
{'loss': 0.0818, 'grad_norm': 0.07424647361040115, 'learning_rate': 0.0004477889447236181, 'epoch': 0.11}
{'loss': 0.0633, 'grad_norm': 0.051001857966184616, 'learning_rate': 0.000447286432160804, 'epoch': 0.11}
{'loss': 0.0665, 'grad_norm': 0.19187013804912567, 'learning_rate': 0.00044678391959798996, 'epoch': 0.11}
{'loss': 0.0746, 'grad_norm': 0.1879304051399231, 'learning_rate': 0.0004462814070351759, 'epoch': 0.11}
{'loss': 0.0716, 'grad_norm': 0.34681442379951477, 'learning_rate': 0.0004457788944723618, 'epoch': 0.11}
{'loss': 0.0614, 'grad_norm': 0.13907490670681, 'learning_rate': 0.0004452763819095477, 'epoch': 0.11}
{'loss': 0.0587, 'grad_norm': 0.10131261497735977, 'learning_rate': 0.0004447738693467337, 'epoch': 0.12}
{'loss': 0.0624, 'grad_norm': 0.10378187894821167, 'learning_rate': 0.0004442713567839196, 'epoch': 0.12}
{'loss': 0.0749, 'grad_norm': 0.2890367805957794, 'learning_rate': 0.00044376884422110555, 'epoch': 0.12}
{'loss': 0.0635, 'grad_norm': 0.06538023799657822, 'learning_rate': 0.00044326633165829143, 'epoch': 0.12}
{'loss': 0.0819, 'grad_norm': 0.4129008650779724, 'learning_rate': 0.0004427638190954774, 'epoch': 0.12}
{'loss': 0.0662, 'grad_norm': 0.0409669503569603, 'learning_rate': 0.00044226130653266335, 'epoch': 0.12}
{'loss': 0.0585, 'grad_norm': 0.9494436383247375, 'learning_rate': 0.0004417587939698492, 'epoch': 0.12}
{'loss': 0.082, 'grad_norm': 0.7917205095291138, 'learning_rate': 0.00044125628140703516, 'epoch': 0.12}
{'loss': 0.0853, 'grad_norm': 0.12120553851127625, 'learning_rate': 0.00044075376884422114, 'epoch': 0.12}
{'loss': 0.0743, 'grad_norm': 0.892771303653717, 'learning_rate': 0.0004402512562814071, 'epoch': 0.12}
{'loss': 0.0576, 'grad_norm': 0.0894508808851242, 'learning_rate': 0.00043974874371859295, 'epoch': 0.12}
{'loss': 0.0632, 'grad_norm': 0.19664081931114197, 'learning_rate': 0.0004392462311557789, 'epoch': 0.13}
{'loss': 0.0676, 'grad_norm': 0.08642708510160446, 'learning_rate': 0.0004387437185929649, 'epoch': 0.13}
{'loss': 0.0753, 'grad_norm': 0.15013684332370758, 'learning_rate': 0.00043824120603015075, 'epoch': 0.13}
{'loss': 0.0603, 'grad_norm': 0.4297105669975281, 'learning_rate': 0.0004377386934673367, 'epoch': 0.13}
{'loss': 0.0705, 'grad_norm': 0.07230588048696518, 'learning_rate': 0.0004372361809045226, 'epoch': 0.13}
{'loss': 0.0867, 'grad_norm': 0.03967202827334404, 'learning_rate': 0.0004367336683417086, 'epoch': 0.13}
{'loss': 0.0922, 'grad_norm': 0.11906110495328903, 'learning_rate': 0.0004362311557788945, 'epoch': 0.13}
{'loss': 0.0768, 'grad_norm': 0.5234917402267456, 'learning_rate': 0.0004357286432160804, 'epoch': 0.13}
{'loss': 0.077, 'grad_norm': 0.06336993724107742, 'learning_rate': 0.00043522613065326635, 'epoch': 0.13}
{'loss': 0.0754, 'grad_norm': 0.22816941142082214, 'learning_rate': 0.0004347236180904522, 'epoch': 0.14}
{'loss': 0.0782, 'grad_norm': 0.13199257850646973, 'learning_rate': 0.0004342211055276382, 'epoch': 0.14}
{'loss': 0.0879, 'grad_norm': 0.09067122638225555, 'learning_rate': 0.00043371859296482414, 'epoch': 0.14}
{'loss': 0.0783, 'grad_norm': 0.11491166055202484, 'learning_rate': 0.00043321608040201, 'epoch': 0.14}
{'loss': 0.0606, 'grad_norm': 0.1154661551117897, 'learning_rate': 0.00043271356783919595, 'epoch': 0.14}
{'loss': 0.0653, 'grad_norm': 0.10548166185617447, 'learning_rate': 0.00043221105527638194, 'epoch': 0.14}
{'loss': 0.0692, 'grad_norm': 0.0677035003900528, 'learning_rate': 0.0004317085427135679, 'epoch': 0.14}
{'loss': 0.0758, 'grad_norm': 0.0549311637878418, 'learning_rate': 0.00043120603015075375, 'epoch': 0.14}
{'loss': 0.0649, 'grad_norm': 0.4760984182357788, 'learning_rate': 0.0004307035175879397, 'epoch': 0.14}
{'loss': 0.0713, 'grad_norm': 0.041070468723773956, 'learning_rate': 0.00043020100502512567, 'epoch': 0.14}
{'loss': 0.0797, 'grad_norm': 0.10231669992208481, 'learning_rate': 0.00042969849246231155, 'epoch': 0.14}
{'loss': 0.0851, 'grad_norm': 0.06013807654380798, 'learning_rate': 0.0004291959798994975, 'epoch': 0.15}
{'loss': 0.0753, 'grad_norm': 0.14566801488399506, 'learning_rate': 0.0004286934673366834, 'epoch': 0.15}
{'loss': 0.096, 'grad_norm': 1.0129796266555786, 'learning_rate': 0.0004281909547738694, 'epoch': 0.15}
{'loss': 0.0772, 'grad_norm': 0.17134559154510498, 'learning_rate': 0.0004276884422110553, 'epoch': 0.15}
{'loss': 0.078, 'grad_norm': 0.10318208485841751, 'learning_rate': 0.0004271859296482412, 'epoch': 0.15}
{'loss': 0.057, 'grad_norm': 0.2942339777946472, 'learning_rate': 0.00042668341708542714, 'epoch': 0.15}
{'loss': 0.0751, 'grad_norm': 0.05573682487010956, 'learning_rate': 0.0004261809045226131, 'epoch': 0.15}
{'loss': 0.0577, 'grad_norm': 0.8559341430664062, 'learning_rate': 0.000425678391959799, 'epoch': 0.15}
{'loss': 0.0463, 'grad_norm': 0.12068981677293777, 'learning_rate': 0.00042517587939698494, 'epoch': 0.15}
{'loss': 0.0982, 'grad_norm': 0.1733187437057495, 'learning_rate': 0.0004246733668341709, 'epoch': 0.15}
{'loss': 0.0775, 'grad_norm': 0.09350984543561935, 'learning_rate': 0.00042417085427135675, 'epoch': 0.16}
{'loss': 0.0683, 'grad_norm': 0.48989197611808777, 'learning_rate': 0.00042366834170854274, 'epoch': 0.16}
{'loss': 0.076, 'grad_norm': 0.1329442709684372, 'learning_rate': 0.00042316582914572867, 'epoch': 0.16}
{'loss': 0.0908, 'grad_norm': 1.323439598083496, 'learning_rate': 0.00042266331658291455, 'epoch': 0.16}
{'loss': 0.0799, 'grad_norm': 0.10599800199270248, 'learning_rate': 0.0004221608040201005, 'epoch': 0.16}
{'loss': 0.0599, 'grad_norm': 0.2817920744419098, 'learning_rate': 0.00042165829145728647, 'epoch': 0.16}
{'loss': 0.0805, 'grad_norm': 0.12195577472448349, 'learning_rate': 0.0004211557788944724, 'epoch': 0.16}
{'loss': 0.0915, 'grad_norm': 0.11109349131584167, 'learning_rate': 0.0004206532663316583, 'epoch': 0.16}
{'loss': 0.0836, 'grad_norm': 1.6148619651794434, 'learning_rate': 0.0004201507537688442, 'epoch': 0.16}
{'loss': 0.1419, 'grad_norm': 0.278726190328598, 'learning_rate': 0.0004196482412060302, 'epoch': 0.17}
{'loss': 0.075, 'grad_norm': 0.30847492814064026, 'learning_rate': 0.0004191457286432161, 'epoch': 0.17}
{'loss': 0.0717, 'grad_norm': 0.9629961848258972, 'learning_rate': 0.000418643216080402, 'epoch': 0.17}
{'loss': 0.0757, 'grad_norm': 0.41767823696136475, 'learning_rate': 0.00041814070351758794, 'epoch': 0.17}
{'loss': 0.0675, 'grad_norm': 0.06282573938369751, 'learning_rate': 0.0004176381909547739, 'epoch': 0.17}
{'loss': 0.1037, 'grad_norm': 0.3076779842376709, 'learning_rate': 0.0004171356783919598, 'epoch': 0.17}
{'loss': 0.0671, 'grad_norm': 0.10930382460355759, 'learning_rate': 0.00041663316582914574, 'epoch': 0.17}
{'loss': 0.0636, 'grad_norm': 0.05416882783174515, 'learning_rate': 0.00041613065326633167, 'epoch': 0.17}
{'loss': 0.0658, 'grad_norm': 0.2924569547176361, 'learning_rate': 0.0004156281407035176, 'epoch': 0.17}
{'loss': 0.0691, 'grad_norm': 0.4801361858844757, 'learning_rate': 0.00041512562814070353, 'epoch': 0.17}
{'loss': 0.0591, 'grad_norm': 0.0592806413769722, 'learning_rate': 0.00041462311557788947, 'epoch': 0.17}
{'loss': 0.0528, 'grad_norm': 0.27756497263908386, 'learning_rate': 0.00041412060301507535, 'epoch': 0.18}
{'loss': 0.0896, 'grad_norm': 0.43748363852500916, 'learning_rate': 0.00041361809045226133, 'epoch': 0.18}
{'loss': 0.0875, 'grad_norm': 1.0297942161560059, 'learning_rate': 0.00041311557788944726, 'epoch': 0.18}
{'loss': 0.0732, 'grad_norm': 0.3457812964916229, 'learning_rate': 0.0004126130653266332, 'epoch': 0.18}
{'loss': 0.0756, 'grad_norm': 3.101017951965332, 'learning_rate': 0.0004121105527638191, 'epoch': 0.18}
{'loss': 0.0823, 'grad_norm': 1.2699048519134521, 'learning_rate': 0.000411608040201005, 'epoch': 0.18}
{'loss': 0.0838, 'grad_norm': 0.06545223295688629, 'learning_rate': 0.000411105527638191, 'epoch': 0.18}
{'loss': 0.0766, 'grad_norm': 0.09213877469301224, 'learning_rate': 0.00041060301507537687, 'epoch': 0.18}
{'loss': 0.0623, 'grad_norm': 0.0819513350725174, 'learning_rate': 0.0004101005025125628, 'epoch': 0.18}
{'loss': 0.0686, 'grad_norm': 0.06386204808950424, 'learning_rate': 0.00040959798994974874, 'epoch': 0.18}
{'loss': 0.0636, 'grad_norm': 0.24928691983222961, 'learning_rate': 0.0004090954773869347, 'epoch': 0.19}
{'loss': 0.0752, 'grad_norm': 0.5840789079666138, 'learning_rate': 0.0004085929648241206, 'epoch': 0.19}
{'loss': 0.0638, 'grad_norm': 0.415252685546875, 'learning_rate': 0.00040809045226130653, 'epoch': 0.19}
{'loss': 0.0613, 'grad_norm': 0.5816470384597778, 'learning_rate': 0.00040758793969849247, 'epoch': 0.19}
{'loss': 0.0649, 'grad_norm': 0.6198784112930298, 'learning_rate': 0.0004070854271356784, 'epoch': 0.19}
{'loss': 0.064, 'grad_norm': 0.08872409164905548, 'learning_rate': 0.00040658291457286433, 'epoch': 0.19}
{'loss': 0.0795, 'grad_norm': 0.11426050215959549, 'learning_rate': 0.00040608040201005026, 'epoch': 0.19}
{'loss': 0.0668, 'grad_norm': 0.06845945119857788, 'learning_rate': 0.0004055778894472362, 'epoch': 0.19}
{'loss': 0.0716, 'grad_norm': 0.07461148500442505, 'learning_rate': 0.00040507537688442213, 'epoch': 0.19}
{'loss': 0.0741, 'grad_norm': 0.07871124148368835, 'learning_rate': 0.00040457286432160806, 'epoch': 0.2}
{'loss': 0.0618, 'grad_norm': 0.1166367307305336, 'learning_rate': 0.000404070351758794, 'epoch': 0.2}
{'loss': 0.0581, 'grad_norm': 0.0506829097867012, 'learning_rate': 0.00040356783919597987, 'epoch': 0.2}
{'loss': 0.0941, 'grad_norm': 0.12185980379581451, 'learning_rate': 0.00040306532663316586, 'epoch': 0.2}
{'loss': 0.07, 'grad_norm': 0.05936773493885994, 'learning_rate': 0.0004025628140703518, 'epoch': 0.2}
{'loss': 0.0785, 'grad_norm': 0.060403354465961456, 'learning_rate': 0.00040206030150753767, 'epoch': 0.2}
{'eval_loss': 0.05329380929470062, 'eval_runtime': 73.7885, 'eval_samples_per_second': 6.939, 'eval_steps_per_second': 6.939, 'epoch': 0.2}
{'synthetic/step_1/format': 1.0, 'synthetic/step_1/correct': 0.95, 'synthetic/step_1/valid': 1.0, 'synthetic/step_2/format': 1.0, 'synthetic/step_2/correct': 1.0, 'synthetic/step_2/valid': 1.0, 'synthetic/step_3/format': 1.0, 'synthetic/step_3/correct': 1.0, 'synthetic/step_3/valid': 1.0, 'synthetic/step_4/format': 1.0, 'synthetic/step_4/correct': 1.0, 'synthetic/step_4/valid': 1.0, 'synthetic/step_5/format': 1.0, 'synthetic/step_5/correct': 1.0, 'synthetic/step_5/valid': 1.0, 'synthetic/step_6/format': 0.0, 'synthetic/step_6/correct': 0.0, 'synthetic/step_6/valid': 0.0, 'synthetic/step_7/format': 0.0, 'synthetic/step_7/correct': 0.0, 'synthetic/step_7/valid': 0.0, 'synthetic/step_8/format': 0.0, 'synthetic/step_8/correct': 0.0, 'synthetic/step_8/valid': 0.0, 'synthetic/step_9/format': 0.0, 'synthetic/step_9/correct': 0.0, 'synthetic/step_9/valid': 0.0, 'synthetic/step_10/format': 0.0, 'synthetic/step_10/correct': 0.0, 'synthetic/step_10/valid': 0.0, 'synthetic/step_11/format': 0.0, 'synthetic/step_11/correct': 0.0, 'synthetic/step_11/valid': 0.0, 'synthetic/step_12/format': 0.0, 'synthetic/step_12/correct': 0.0, 'synthetic/step_12/valid': 0.0, 'synthetic/step_13/format': 0.0, 'synthetic/step_13/correct': 0.0, 'synthetic/step_13/valid': 0.0, 'synthetic/step_14/format': 0.0, 'synthetic/step_14/correct': 0.0, 'synthetic/step_14/valid': 0.0, 'synthetic/step_15/format': 0.0, 'synthetic/step_15/correct': 0.0, 'synthetic/step_15/valid': 0.0, 'synthetic/step_16/format': 0.0, 'synthetic/step_16/correct': 0.0, 'synthetic/step_16/valid': 0.0, 'synthetic/step_17/format': 0.0, 'synthetic/step_17/correct': 0.0, 'synthetic/step_17/valid': 0.0, 'synthetic/step_18/format': 0.0, 'synthetic/step_18/correct': 0.0, 'synthetic/step_18/valid': 0.0, 'synthetic/step_19/format': 0.0, 'synthetic/step_19/correct': 0.0, 'synthetic/step_19/valid': 0.0, 'synthetic/step_20/format': 0.0, 'synthetic/step_20/correct': 0.0, 'synthetic/step_20/valid': 0.0, 'epoch': 0.2}
{'loss': 0.0676, 'grad_norm': 0.04740911349654198, 'learning_rate': 0.0004015577889447236, 'epoch': 0.2}
{'loss': 0.0611, 'grad_norm': 0.08912846446037292, 'learning_rate': 0.00040105527638190953, 'epoch': 0.2}
{'loss': 0.0728, 'grad_norm': 0.0821143314242363, 'learning_rate': 0.0004005527638190955, 'epoch': 0.2}
{'loss': 0.0574, 'grad_norm': 0.4416722357273102, 'learning_rate': 0.0004000502512562814, 'epoch': 0.2}
{'loss': 0.0709, 'grad_norm': 0.04633452743291855, 'learning_rate': 0.00039954773869346733, 'epoch': 0.2}
{'loss': 0.0691, 'grad_norm': 0.07489010691642761, 'learning_rate': 0.00039904522613065326, 'epoch': 0.21}
{'loss': 0.0729, 'grad_norm': 0.06220942735671997, 'learning_rate': 0.0003985427135678392, 'epoch': 0.21}
{'loss': 0.0715, 'grad_norm': 0.05978285148739815, 'learning_rate': 0.00039804020100502513, 'epoch': 0.21}
{'loss': 0.0595, 'grad_norm': 0.07951722294092178, 'learning_rate': 0.00039753768844221106, 'epoch': 0.21}
{'loss': 0.0751, 'grad_norm': 0.0480189174413681, 'learning_rate': 0.000397035175879397, 'epoch': 0.21}
{'loss': 0.063, 'grad_norm': 0.0413682758808136, 'learning_rate': 0.0003965326633165829, 'epoch': 0.21}
{'loss': 0.0738, 'grad_norm': 0.057547587901353836, 'learning_rate': 0.00039603015075376886, 'epoch': 0.21}
{'loss': 0.0628, 'grad_norm': 0.08250001072883606, 'learning_rate': 0.0003955276381909548, 'epoch': 0.21}
{'loss': 0.0566, 'grad_norm': 0.03895101323723793, 'learning_rate': 0.00039502512562814067, 'epoch': 0.21}
{'loss': 0.0731, 'grad_norm': 0.20121440291404724, 'learning_rate': 0.00039452261306532666, 'epoch': 0.21}
{'loss': 0.0609, 'grad_norm': 0.10873397439718246, 'learning_rate': 0.0003940201005025126, 'epoch': 0.22}
{'loss': 0.0849, 'grad_norm': 0.045464251190423965, 'learning_rate': 0.0003935175879396985, 'epoch': 0.22}
{'loss': 0.0619, 'grad_norm': 0.05778529867529869, 'learning_rate': 0.0003930150753768844, 'epoch': 0.22}
{'loss': 0.0558, 'grad_norm': 0.05557551234960556, 'learning_rate': 0.0003925125628140704, 'epoch': 0.22}
{'loss': 0.0652, 'grad_norm': 0.11035837978124619, 'learning_rate': 0.0003920100502512563, 'epoch': 0.22}
{'loss': 0.0611, 'grad_norm': 0.0952809602022171, 'learning_rate': 0.0003915075376884422, 'epoch': 0.22}
{'loss': 0.0729, 'grad_norm': 0.03579902648925781, 'learning_rate': 0.00039100502512562813, 'epoch': 0.22}
{'loss': 0.0756, 'grad_norm': 0.05604719743132591, 'learning_rate': 0.0003905025125628141, 'epoch': 0.22}
{'loss': 0.0602, 'grad_norm': 0.7273722887039185, 'learning_rate': 0.00039000000000000005, 'epoch': 0.22}
{'loss': 0.075, 'grad_norm': 0.05468112602829933, 'learning_rate': 0.0003894974874371859, 'epoch': 0.23}
{'loss': 0.0688, 'grad_norm': 0.0632941871881485, 'learning_rate': 0.00038899497487437186, 'epoch': 0.23}
{'loss': 0.0807, 'grad_norm': 0.10702546685934067, 'learning_rate': 0.0003884924623115578, 'epoch': 0.23}
{'loss': 0.0713, 'grad_norm': 0.0608612559735775, 'learning_rate': 0.0003879899497487437, 'epoch': 0.23}
{'loss': 0.0651, 'grad_norm': 0.03955251723527908, 'learning_rate': 0.00038748743718592966, 'epoch': 0.23}
{'loss': 0.0722, 'grad_norm': 0.05970577150583267, 'learning_rate': 0.0003869849246231156, 'epoch': 0.23}
{'loss': 0.0761, 'grad_norm': 0.2679342031478882, 'learning_rate': 0.00038648241206030147, 'epoch': 0.23}
{'loss': 0.0786, 'grad_norm': 0.6968165636062622, 'learning_rate': 0.00038597989949748745, 'epoch': 0.23}
{'loss': 0.0674, 'grad_norm': 0.0872979685664177, 'learning_rate': 0.0003854773869346734, 'epoch': 0.23}
{'loss': 0.0777, 'grad_norm': 0.03992060571908951, 'learning_rate': 0.0003849748743718593, 'epoch': 0.23}
{'loss': 0.0693, 'grad_norm': 0.05435283109545708, 'learning_rate': 0.0003844723618090452, 'epoch': 0.23}
{'loss': 0.07, 'grad_norm': 0.060166556388139725, 'learning_rate': 0.0003839698492462312, 'epoch': 0.24}
{'loss': 0.0737, 'grad_norm': 0.12105163186788559, 'learning_rate': 0.0003834673366834171, 'epoch': 0.24}
{'loss': 0.0614, 'grad_norm': 0.05048365145921707, 'learning_rate': 0.000382964824120603, 'epoch': 0.24}
{'loss': 0.0635, 'grad_norm': 0.09269992262125015, 'learning_rate': 0.0003824623115577889, 'epoch': 0.24}
{'loss': 0.0623, 'grad_norm': 0.28837162256240845, 'learning_rate': 0.0003819597989949749, 'epoch': 0.24}
{'loss': 0.0719, 'grad_norm': 0.11396011710166931, 'learning_rate': 0.00038145728643216084, 'epoch': 0.24}
{'loss': 0.0492, 'grad_norm': 0.02963702753186226, 'learning_rate': 0.0003809547738693467, 'epoch': 0.24}
{'loss': 0.064, 'grad_norm': 0.1280774623155594, 'learning_rate': 0.00038045226130653265, 'epoch': 0.24}
{'loss': 0.0645, 'grad_norm': 0.06976988911628723, 'learning_rate': 0.00037994974874371864, 'epoch': 0.24}
{'loss': 0.0618, 'grad_norm': 0.11579861491918564, 'learning_rate': 0.0003794472361809045, 'epoch': 0.24}
{'loss': 0.0853, 'grad_norm': 0.35939252376556396, 'learning_rate': 0.00037894472361809045, 'epoch': 0.25}
{'loss': 0.0737, 'grad_norm': 0.124690480530262, 'learning_rate': 0.0003784422110552764, 'epoch': 0.25}
{'loss': 0.0639, 'grad_norm': 0.05881822109222412, 'learning_rate': 0.00037793969849246237, 'epoch': 0.25}
{'loss': 0.0589, 'grad_norm': 0.03230143338441849, 'learning_rate': 0.00037743718592964825, 'epoch': 0.25}
{'loss': 0.0621, 'grad_norm': 0.06298832595348358, 'learning_rate': 0.0003769346733668342, 'epoch': 0.25}
{'loss': 0.0755, 'grad_norm': 0.06795329600572586, 'learning_rate': 0.0003764321608040201, 'epoch': 0.25}
{'loss': 0.0698, 'grad_norm': 0.1502017378807068, 'learning_rate': 0.000375929648241206, 'epoch': 0.25}
{'loss': 0.0657, 'grad_norm': 0.041736964136362076, 'learning_rate': 0.000375427135678392, 'epoch': 0.25}
{'loss': 0.0569, 'grad_norm': 0.03356683626770973, 'learning_rate': 0.0003749246231155779, 'epoch': 0.25}
{'loss': 0.0779, 'grad_norm': 0.10092377662658691, 'learning_rate': 0.00037442211055276384, 'epoch': 0.26}
{'loss': 0.055, 'grad_norm': 0.04340227320790291, 'learning_rate': 0.0003739195979899497, 'epoch': 0.26}
{'loss': 0.0759, 'grad_norm': 0.6313146352767944, 'learning_rate': 0.0003734170854271357, 'epoch': 0.26}
{'loss': 0.0676, 'grad_norm': 0.31649044156074524, 'learning_rate': 0.00037291457286432164, 'epoch': 0.26}
{'loss': 0.0705, 'grad_norm': 0.2273983508348465, 'learning_rate': 0.0003724120603015075, 'epoch': 0.26}
{'loss': 0.0589, 'grad_norm': 0.07549002021551132, 'learning_rate': 0.00037190954773869345, 'epoch': 0.26}
{'loss': 0.0667, 'grad_norm': 0.05967862531542778, 'learning_rate': 0.00037140703517587944, 'epoch': 0.26}
{'loss': 0.0648, 'grad_norm': 0.0341755710542202, 'learning_rate': 0.0003709045226130653, 'epoch': 0.26}
{'loss': 0.061, 'grad_norm': 0.07591506838798523, 'learning_rate': 0.00037040201005025125, 'epoch': 0.26}
{'loss': 0.074, 'grad_norm': 0.06429101526737213, 'learning_rate': 0.0003698994974874372, 'epoch': 0.26}
{'loss': 0.0852, 'grad_norm': 0.4422096312046051, 'learning_rate': 0.00036939698492462317, 'epoch': 0.27}
{'loss': 0.0595, 'grad_norm': 0.04404659941792488, 'learning_rate': 0.00036889447236180905, 'epoch': 0.27}
{'loss': 0.0786, 'grad_norm': 0.0612819530069828, 'learning_rate': 0.000368391959798995, 'epoch': 0.27}
{'loss': 0.0575, 'grad_norm': 0.274304062128067, 'learning_rate': 0.0003678894472361809, 'epoch': 0.27}
{'loss': 0.0618, 'grad_norm': 0.07828649878501892, 'learning_rate': 0.00036738693467336684, 'epoch': 0.27}
{'loss': 0.0682, 'grad_norm': 0.11390531063079834, 'learning_rate': 0.0003668844221105528, 'epoch': 0.27}
{'loss': 0.0773, 'grad_norm': 0.05096836015582085, 'learning_rate': 0.0003663819095477387, 'epoch': 0.27}
{'loss': 0.0633, 'grad_norm': 0.11635397374629974, 'learning_rate': 0.00036587939698492464, 'epoch': 0.27}
{'loss': 0.0557, 'grad_norm': 0.27691158652305603, 'learning_rate': 0.0003653768844221105, 'epoch': 0.27}
{'loss': 0.06, 'grad_norm': 0.082090362906456, 'learning_rate': 0.0003648743718592965, 'epoch': 0.27}
{'loss': 0.0568, 'grad_norm': 0.11005101352930069, 'learning_rate': 0.00036437185929648244, 'epoch': 0.28}
{'loss': 0.0504, 'grad_norm': 0.06453338265419006, 'learning_rate': 0.0003638693467336683, 'epoch': 0.28}
{'loss': 0.0713, 'grad_norm': 0.08623390644788742, 'learning_rate': 0.00036336683417085425, 'epoch': 0.28}
{'loss': 0.0799, 'grad_norm': 0.16806013882160187, 'learning_rate': 0.00036286432160804024, 'epoch': 0.28}
{'loss': 0.0641, 'grad_norm': 0.05632602050900459, 'learning_rate': 0.00036236180904522617, 'epoch': 0.28}
{'loss': 0.0809, 'grad_norm': 0.06795842200517654, 'learning_rate': 0.00036185929648241205, 'epoch': 0.28}
{'loss': 0.081, 'grad_norm': 0.5393673181533813, 'learning_rate': 0.000361356783919598, 'epoch': 0.28}
{'loss': 0.0604, 'grad_norm': 2.694721221923828, 'learning_rate': 0.00036085427135678396, 'epoch': 0.28}
{'loss': 0.073, 'grad_norm': 0.4847838878631592, 'learning_rate': 0.00036035175879396984, 'epoch': 0.28}
{'loss': 0.0665, 'grad_norm': 0.04814961552619934, 'learning_rate': 0.0003598492462311558, 'epoch': 0.28}
{'loss': 0.0803, 'grad_norm': 0.09630241245031357, 'learning_rate': 0.0003593467336683417, 'epoch': 0.28}
{'loss': 0.0858, 'grad_norm': 0.4489259421825409, 'learning_rate': 0.0003588442211055277, 'epoch': 0.29}
{'loss': 0.0666, 'grad_norm': 0.041429538279771805, 'learning_rate': 0.00035834170854271357, 'epoch': 0.29}
{'loss': 0.0737, 'grad_norm': 0.2912638783454895, 'learning_rate': 0.0003578391959798995, 'epoch': 0.29}
{'loss': 0.069, 'grad_norm': 0.1476183980703354, 'learning_rate': 0.00035733668341708544, 'epoch': 0.29}
{'loss': 0.0757, 'grad_norm': 0.067477747797966, 'learning_rate': 0.00035683417085427137, 'epoch': 0.29}
{'loss': 0.0718, 'grad_norm': 0.12123515456914902, 'learning_rate': 0.0003563316582914573, 'epoch': 0.29}
{'loss': 0.0531, 'grad_norm': 0.05484507977962494, 'learning_rate': 0.00035582914572864323, 'epoch': 0.29}
{'loss': 0.0638, 'grad_norm': 0.14817069470882416, 'learning_rate': 0.0003553266331658291, 'epoch': 0.29}
{'loss': 0.058, 'grad_norm': 0.0936761274933815, 'learning_rate': 0.0003548241206030151, 'epoch': 0.29}
{'loss': 0.0785, 'grad_norm': 0.07522683590650558, 'learning_rate': 0.00035432160804020103, 'epoch': 0.29}
{'loss': 0.0617, 'grad_norm': 0.6143452525138855, 'learning_rate': 0.00035381909547738696, 'epoch': 0.3}
{'loss': 0.0777, 'grad_norm': 0.0905979722738266, 'learning_rate': 0.00035331658291457284, 'epoch': 0.3}
{'loss': 0.0726, 'grad_norm': 0.07071292400360107, 'learning_rate': 0.0003528140703517588, 'epoch': 0.3}
{'loss': 0.0801, 'grad_norm': 0.10794257372617722, 'learning_rate': 0.00035231155778894476, 'epoch': 0.3}
{'loss': 0.1325, 'grad_norm': 0.15267141163349152, 'learning_rate': 0.00035180904522613064, 'epoch': 0.3}
{'eval_loss': 0.18938398361206055, 'eval_runtime': 73.797, 'eval_samples_per_second': 6.938, 'eval_steps_per_second': 6.938, 'epoch': 0.3}
{'synthetic/step_1/format': 0.9, 'synthetic/step_1/correct': 0.95, 'synthetic/step_1/valid': 0.65, 'synthetic/step_2/format': 0.95, 'synthetic/step_2/correct': 0.9, 'synthetic/step_2/valid': 0.8, 'synthetic/step_3/format': 0.95, 'synthetic/step_3/correct': 0.8, 'synthetic/step_3/valid': 0.65, 'synthetic/step_4/format': 0.5, 'synthetic/step_4/correct': 0.5, 'synthetic/step_4/valid': 0.35, 'synthetic/step_5/format': 0.7, 'synthetic/step_5/correct': 0.65, 'synthetic/step_5/valid': 0.35, 'synthetic/step_6/format': 0.05, 'synthetic/step_6/correct': 0.05, 'synthetic/step_6/valid': 0.05, 'synthetic/step_7/format': 0.05, 'synthetic/step_7/correct': 0.0, 'synthetic/step_7/valid': 0.0, 'synthetic/step_8/format': 0.0, 'synthetic/step_8/correct': 0.0, 'synthetic/step_8/valid': 0.0, 'synthetic/step_9/format': 0.0, 'synthetic/step_9/correct': 0.0, 'synthetic/step_9/valid': 0.0, 'synthetic/step_10/format': 0.0, 'synthetic/step_10/correct': 0.0, 'synthetic/step_10/valid': 0.0, 'synthetic/step_11/format': 0.0, 'synthetic/step_11/correct': 0.0, 'synthetic/step_11/valid': 0.0, 'synthetic/step_12/format': 0.0, 'synthetic/step_12/correct': 0.0, 'synthetic/step_12/valid': 0.0, 'synthetic/step_13/format': 0.0, 'synthetic/step_13/correct': 0.0, 'synthetic/step_13/valid': 0.0, 'synthetic/step_14/format': 0.0, 'synthetic/step_14/correct': 0.0, 'synthetic/step_14/valid': 0.0, 'synthetic/step_15/format': 0.0, 'synthetic/step_15/correct': 0.0, 'synthetic/step_15/valid': 0.0, 'synthetic/step_16/format': 0.0, 'synthetic/step_16/correct': 0.0, 'synthetic/step_16/valid': 0.0, 'synthetic/step_17/format': 0.0, 'synthetic/step_17/correct': 0.0, 'synthetic/step_17/valid': 0.0, 'synthetic/step_18/format': 0.0, 'synthetic/step_18/correct': 0.0, 'synthetic/step_18/valid': 0.0, 'synthetic/step_19/format': 0.0, 'synthetic/step_19/correct': 0.0, 'synthetic/step_19/valid': 0.0, 'synthetic/step_20/format': 0.0, 'synthetic/step_20/correct': 0.0, 'synthetic/step_20/valid': 0.0, 'epoch': 0.3}
{'loss': 0.0951, 'grad_norm': 0.521793007850647, 'learning_rate': 0.00035130653266331657, 'epoch': 0.3}
{'loss': 0.0882, 'grad_norm': 0.24320776760578156, 'learning_rate': 0.0003508040201005025, 'epoch': 0.3}
{'loss': 0.0684, 'grad_norm': 0.3455846607685089, 'learning_rate': 0.0003503015075376885, 'epoch': 0.3}
{'loss': 0.0689, 'grad_norm': 0.2535775601863861, 'learning_rate': 0.00034979899497487437, 'epoch': 0.3}
{'loss': 0.0727, 'grad_norm': 1.4776074886322021, 'learning_rate': 0.0003492964824120603, 'epoch': 0.3}
{'loss': 0.0855, 'grad_norm': 0.15602432191371918, 'learning_rate': 0.00034879396984924623, 'epoch': 0.31}
{'loss': 0.0542, 'grad_norm': 0.7667480111122131, 'learning_rate': 0.00034829145728643217, 'epoch': 0.31}
{'loss': 0.0694, 'grad_norm': 0.06860678642988205, 'learning_rate': 0.0003477889447236181, 'epoch': 0.31}
{'loss': 0.0707, 'grad_norm': 0.09905058145523071, 'learning_rate': 0.00034728643216080403, 'epoch': 0.31}
{'loss': 0.0998, 'grad_norm': 0.4252258539199829, 'learning_rate': 0.00034678391959798996, 'epoch': 0.31}
{'loss': 0.0803, 'grad_norm': 1.253077507019043, 'learning_rate': 0.0003462814070351759, 'epoch': 0.31}
{'loss': 0.096, 'grad_norm': 0.1804240494966507, 'learning_rate': 0.00034577889447236183, 'epoch': 0.31}
{'loss': 0.0864, 'grad_norm': 0.4687936007976532, 'learning_rate': 0.00034527638190954776, 'epoch': 0.31}
{'loss': 0.0732, 'grad_norm': 0.10617393255233765, 'learning_rate': 0.00034477386934673364, 'epoch': 0.31}
{'loss': 0.0708, 'grad_norm': 0.284719854593277, 'learning_rate': 0.0003442713567839196, 'epoch': 0.32}
{'loss': 0.0799, 'grad_norm': 0.5456960797309875, 'learning_rate': 0.00034376884422110556, 'epoch': 0.32}
{'loss': 0.0777, 'grad_norm': 0.8542658090591431, 'learning_rate': 0.0003432663316582915, 'epoch': 0.32}
{'loss': 0.0576, 'grad_norm': 0.07627230137586594, 'learning_rate': 0.00034276381909547737, 'epoch': 0.32}
{'loss': 0.0957, 'grad_norm': 0.1492517739534378, 'learning_rate': 0.0003422613065326633, 'epoch': 0.32}
{'loss': 0.0808, 'grad_norm': 1.569377064704895, 'learning_rate': 0.0003417587939698493, 'epoch': 0.32}
{'loss': 0.0758, 'grad_norm': 0.0729796439409256, 'learning_rate': 0.00034125628140703517, 'epoch': 0.32}
{'loss': 0.0637, 'grad_norm': 0.1683642417192459, 'learning_rate': 0.0003407537688442211, 'epoch': 0.32}
{'loss': 0.0788, 'grad_norm': 0.3257494866847992, 'learning_rate': 0.00034025125628140703, 'epoch': 0.32}
{'loss': 0.0614, 'grad_norm': 0.07417601346969604, 'learning_rate': 0.00033974874371859296, 'epoch': 0.32}
{'loss': 0.067, 'grad_norm': 0.27043652534484863, 'learning_rate': 0.0003392462311557789, 'epoch': 0.33}
{'loss': 0.0657, 'grad_norm': 0.17493247985839844, 'learning_rate': 0.00033874371859296483, 'epoch': 0.33}
{'loss': 0.0584, 'grad_norm': 0.08541348576545715, 'learning_rate': 0.00033824120603015076, 'epoch': 0.33}
{'loss': 0.0743, 'grad_norm': 0.09899668395519257, 'learning_rate': 0.0003377386934673367, 'epoch': 0.33}
{'loss': 0.0727, 'grad_norm': 0.10516664385795593, 'learning_rate': 0.0003372361809045226, 'epoch': 0.33}
{'loss': 0.0804, 'grad_norm': 0.14671453833580017, 'learning_rate': 0.00033673366834170856, 'epoch': 0.33}
{'loss': 0.0827, 'grad_norm': 0.09309124946594238, 'learning_rate': 0.00033623115577889444, 'epoch': 0.33}
{'loss': 0.0471, 'grad_norm': 0.06545362621545792, 'learning_rate': 0.0003357286432160804, 'epoch': 0.33}
{'loss': 0.086, 'grad_norm': 0.040886327624320984, 'learning_rate': 0.00033522613065326636, 'epoch': 0.33}
{'loss': 0.0546, 'grad_norm': 0.7677558660507202, 'learning_rate': 0.0003347236180904523, 'epoch': 0.33}
{'loss': 0.0655, 'grad_norm': 0.7420775294303894, 'learning_rate': 0.00033422110552763817, 'epoch': 0.34}
{'loss': 0.0512, 'grad_norm': 0.03506304323673248, 'learning_rate': 0.00033371859296482415, 'epoch': 0.34}
{'loss': 0.0687, 'grad_norm': 0.06603631377220154, 'learning_rate': 0.0003332160804020101, 'epoch': 0.34}
{'loss': 0.0748, 'grad_norm': 0.10579866170883179, 'learning_rate': 0.00033271356783919596, 'epoch': 0.34}
{'loss': 0.0586, 'grad_norm': 0.059374649077653885, 'learning_rate': 0.0003322110552763819, 'epoch': 0.34}
{'loss': 0.0572, 'grad_norm': 0.23535539209842682, 'learning_rate': 0.0003317085427135679, 'epoch': 0.34}
{'loss': 0.0565, 'grad_norm': 0.4898533523082733, 'learning_rate': 0.0003312060301507538, 'epoch': 0.34}
{'loss': 0.0904, 'grad_norm': 0.38822194933891296, 'learning_rate': 0.0003307035175879397, 'epoch': 0.34}
{'loss': 0.0679, 'grad_norm': 0.06075446680188179, 'learning_rate': 0.0003302010050251256, 'epoch': 0.34}
{'loss': 0.0817, 'grad_norm': 0.5017539858818054, 'learning_rate': 0.00032969849246231156, 'epoch': 0.34}
{'loss': 0.051, 'grad_norm': 0.06310558319091797, 'learning_rate': 0.0003291959798994975, 'epoch': 0.34}
{'loss': 0.0485, 'grad_norm': 0.06743822991847992, 'learning_rate': 0.0003286934673366834, 'epoch': 0.35}
{'loss': 0.0694, 'grad_norm': 0.1014399603009224, 'learning_rate': 0.00032819095477386935, 'epoch': 0.35}
{'loss': 0.0731, 'grad_norm': 0.0790022760629654, 'learning_rate': 0.00032768844221105523, 'epoch': 0.35}
{'loss': 0.0728, 'grad_norm': 0.06804534047842026, 'learning_rate': 0.0003271859296482412, 'epoch': 0.35}
{'loss': 0.0637, 'grad_norm': 0.10260512679815292, 'learning_rate': 0.00032668341708542715, 'epoch': 0.35}
{'loss': 0.0616, 'grad_norm': 0.038901764899492264, 'learning_rate': 0.0003261809045226131, 'epoch': 0.35}
{'loss': 0.0657, 'grad_norm': 0.06726280599832535, 'learning_rate': 0.00032567839195979896, 'epoch': 0.35}
{'loss': 0.0638, 'grad_norm': 0.032818958163261414, 'learning_rate': 0.00032517587939698495, 'epoch': 0.35}
{'loss': 0.0558, 'grad_norm': 0.04216855391860008, 'learning_rate': 0.0003246733668341709, 'epoch': 0.35}
{'loss': 0.0734, 'grad_norm': 0.08981778472661972, 'learning_rate': 0.00032417085427135676, 'epoch': 0.35}
{'loss': 0.0631, 'grad_norm': 0.03934824839234352, 'learning_rate': 0.0003236683417085427, 'epoch': 0.36}
{'loss': 0.0672, 'grad_norm': 0.06324739009141922, 'learning_rate': 0.0003231658291457287, 'epoch': 0.36}
{'loss': 0.0535, 'grad_norm': 0.10727572441101074, 'learning_rate': 0.0003226633165829146, 'epoch': 0.36}
{'loss': 0.0737, 'grad_norm': 0.056863512843847275, 'learning_rate': 0.0003221608040201005, 'epoch': 0.36}
{'loss': 0.0709, 'grad_norm': 0.04910319671034813, 'learning_rate': 0.0003216582914572864, 'epoch': 0.36}
{'loss': 0.0631, 'grad_norm': 0.050309475511312485, 'learning_rate': 0.0003211557788944724, 'epoch': 0.36}
{'loss': 0.0622, 'grad_norm': 0.09643533080816269, 'learning_rate': 0.0003206532663316583, 'epoch': 0.36}
{'loss': 0.0642, 'grad_norm': 0.03305520862340927, 'learning_rate': 0.0003201507537688442, 'epoch': 0.36}
{'loss': 0.0675, 'grad_norm': 0.0787917971611023, 'learning_rate': 0.00031964824120603015, 'epoch': 0.36}
{'loss': 0.0783, 'grad_norm': 0.508025050163269, 'learning_rate': 0.0003191457286432161, 'epoch': 0.36}
{'loss': 0.0713, 'grad_norm': 0.2672278881072998, 'learning_rate': 0.000318643216080402, 'epoch': 0.37}
{'loss': 0.0758, 'grad_norm': 0.10799901932477951, 'learning_rate': 0.00031814070351758795, 'epoch': 0.37}
{'loss': 0.0587, 'grad_norm': 0.10819622129201889, 'learning_rate': 0.0003176381909547739, 'epoch': 0.37}
{'loss': 0.073, 'grad_norm': 0.04681093990802765, 'learning_rate': 0.00031713567839195976, 'epoch': 0.37}
{'loss': 0.0612, 'grad_norm': 0.05650363862514496, 'learning_rate': 0.00031663316582914575, 'epoch': 0.37}
{'loss': 0.0648, 'grad_norm': 0.04125680401921272, 'learning_rate': 0.0003161306532663317, 'epoch': 0.37}
{'loss': 0.0747, 'grad_norm': 0.37395328283309937, 'learning_rate': 0.0003156281407035176, 'epoch': 0.37}
{'loss': 0.0764, 'grad_norm': 0.08392906188964844, 'learning_rate': 0.0003151256281407035, 'epoch': 0.37}
{'loss': 0.066, 'grad_norm': 0.23418821394443512, 'learning_rate': 0.0003146231155778895, 'epoch': 0.37}
{'loss': 0.0626, 'grad_norm': 0.04574095457792282, 'learning_rate': 0.0003141206030150754, 'epoch': 0.38}
{'loss': 0.0674, 'grad_norm': 0.05339159071445465, 'learning_rate': 0.0003136180904522613, 'epoch': 0.38}
{'loss': 0.0815, 'grad_norm': 0.5282220244407654, 'learning_rate': 0.0003131155778894472, 'epoch': 0.38}
{'loss': 0.0634, 'grad_norm': 4.352540969848633, 'learning_rate': 0.0003126130653266332, 'epoch': 0.38}
{'loss': 0.0865, 'grad_norm': 0.11179286241531372, 'learning_rate': 0.00031211055276381914, 'epoch': 0.38}
{'loss': 0.0688, 'grad_norm': 0.08773736655712128, 'learning_rate': 0.000311608040201005, 'epoch': 0.38}
{'loss': 0.0805, 'grad_norm': 0.09396939724683762, 'learning_rate': 0.00031110552763819095, 'epoch': 0.38}
{'loss': 0.0582, 'grad_norm': 0.047037284821271896, 'learning_rate': 0.00031060301507537694, 'epoch': 0.38}
{'loss': 0.0642, 'grad_norm': 0.6121469140052795, 'learning_rate': 0.0003101005025125628, 'epoch': 0.38}
{'loss': 0.0652, 'grad_norm': 0.06437843292951584, 'learning_rate': 0.00030959798994974875, 'epoch': 0.38}
{'loss': 0.084, 'grad_norm': 0.40225115418434143, 'learning_rate': 0.0003090954773869347, 'epoch': 0.39}
{'loss': 0.0706, 'grad_norm': 2.705564022064209, 'learning_rate': 0.0003085929648241206, 'epoch': 0.39}
{'loss': 0.0821, 'grad_norm': 0.06737115234136581, 'learning_rate': 0.00030809045226130654, 'epoch': 0.39}
{'loss': 0.0731, 'grad_norm': 0.08308148384094238, 'learning_rate': 0.0003075879396984925, 'epoch': 0.39}
{'loss': 0.0602, 'grad_norm': 0.04499925673007965, 'learning_rate': 0.0003070854271356784, 'epoch': 0.39}
{'loss': 0.0674, 'grad_norm': 0.16154204308986664, 'learning_rate': 0.0003065829145728643, 'epoch': 0.39}
{'loss': 0.0504, 'grad_norm': 0.0796794667840004, 'learning_rate': 0.00030608040201005027, 'epoch': 0.39}
{'loss': 0.0788, 'grad_norm': 0.16775476932525635, 'learning_rate': 0.0003055778894472362, 'epoch': 0.39}
{'loss': 0.0618, 'grad_norm': 0.3544273376464844, 'learning_rate': 0.0003050753768844221, 'epoch': 0.39}
{'loss': 0.0646, 'grad_norm': 0.047374945133924484, 'learning_rate': 0.000304572864321608, 'epoch': 0.39}
{'loss': 0.0625, 'grad_norm': 0.038240306079387665, 'learning_rate': 0.000304070351758794, 'epoch': 0.4}
{'loss': 0.0649, 'grad_norm': 0.03115243650972843, 'learning_rate': 0.00030356783919597993, 'epoch': 0.4}
{'loss': 0.0637, 'grad_norm': 0.04435455799102783, 'learning_rate': 0.0003030653266331658, 'epoch': 0.4}
{'loss': 0.0655, 'grad_norm': 0.02991226129233837, 'learning_rate': 0.00030256281407035175, 'epoch': 0.4}
{'loss': 0.061, 'grad_norm': 0.19697187840938568, 'learning_rate': 0.00030206030150753773, 'epoch': 0.4}
{'loss': 0.0607, 'grad_norm': 0.027473272755742073, 'learning_rate': 0.0003015577889447236, 'epoch': 0.4}
{'eval_loss': 0.1401270627975464, 'eval_runtime': 73.8348, 'eval_samples_per_second': 6.934, 'eval_steps_per_second': 6.934, 'epoch': 0.4}
{'synthetic/step_1/format': 1.0, 'synthetic/step_1/correct': 1.0, 'synthetic/step_1/valid': 1.0, 'synthetic/step_2/format': 1.0, 'synthetic/step_2/correct': 1.0, 'synthetic/step_2/valid': 1.0, 'synthetic/step_3/format': 1.0, 'synthetic/step_3/correct': 1.0, 'synthetic/step_3/valid': 1.0, 'synthetic/step_4/format': 1.0, 'synthetic/step_4/correct': 1.0, 'synthetic/step_4/valid': 1.0, 'synthetic/step_5/format': 1.0, 'synthetic/step_5/correct': 0.95, 'synthetic/step_5/valid': 0.95, 'synthetic/step_6/format': 0.1, 'synthetic/step_6/correct': 0.1, 'synthetic/step_6/valid': 0.0, 'synthetic/step_7/format': 0.0, 'synthetic/step_7/correct': 0.0, 'synthetic/step_7/valid': 0.0, 'synthetic/step_8/format': 0.0, 'synthetic/step_8/correct': 0.0, 'synthetic/step_8/valid': 0.0, 'synthetic/step_9/format': 0.0, 'synthetic/step_9/correct': 0.0, 'synthetic/step_9/valid': 0.0, 'synthetic/step_10/format': 0.0, 'synthetic/step_10/correct': 0.0, 'synthetic/step_10/valid': 0.0, 'synthetic/step_11/format': 0.0, 'synthetic/step_11/correct': 0.0, 'synthetic/step_11/valid': 0.0, 'synthetic/step_12/format': 0.0, 'synthetic/step_12/correct': 0.0, 'synthetic/step_12/valid': 0.0, 'synthetic/step_13/format': 0.0, 'synthetic/step_13/correct': 0.0, 'synthetic/step_13/valid': 0.0, 'synthetic/step_14/format': 0.0, 'synthetic/step_14/correct': 0.0, 'synthetic/step_14/valid': 0.0, 'synthetic/step_15/format': 0.0, 'synthetic/step_15/correct': 0.0, 'synthetic/step_15/valid': 0.0, 'synthetic/step_16/format': 0.0, 'synthetic/step_16/correct': 0.0, 'synthetic/step_16/valid': 0.0, 'synthetic/step_17/format': 0.0, 'synthetic/step_17/correct': 0.0, 'synthetic/step_17/valid': 0.0, 'synthetic/step_18/format': 0.0, 'synthetic/step_18/correct': 0.0, 'synthetic/step_18/valid': 0.0, 'synthetic/step_19/format': 0.0, 'synthetic/step_19/correct': 0.0, 'synthetic/step_19/valid': 0.0, 'synthetic/step_20/format': 0.0, 'synthetic/step_20/correct': 0.0, 'synthetic/step_20/valid': 0.0, 'epoch': 0.4}
{'loss': 0.0627, 'grad_norm': 0.13099417090415955, 'learning_rate': 0.00030105527638190954, 'epoch': 0.4}
{'loss': 0.0585, 'grad_norm': 0.03867845982313156, 'learning_rate': 0.0003005527638190955, 'epoch': 0.4}
{'loss': 0.0753, 'grad_norm': 0.07031214982271194, 'learning_rate': 0.00030005025125628146, 'epoch': 0.4}
{'loss': 0.0685, 'grad_norm': 0.06525769829750061, 'learning_rate': 0.00029954773869346734, 'epoch': 0.4}
{'loss': 0.0726, 'grad_norm': 0.10434829443693161, 'learning_rate': 0.00029904522613065327, 'epoch': 0.41}
{'loss': 0.0802, 'grad_norm': 0.13799268007278442, 'learning_rate': 0.0002985427135678392, 'epoch': 0.41}
{'loss': 0.0706, 'grad_norm': 0.11125583201646805, 'learning_rate': 0.00029804020100502514, 'epoch': 0.41}
{'loss': 0.1035, 'grad_norm': 0.20700259506702423, 'learning_rate': 0.00029753768844221107, 'epoch': 0.41}
{'loss': 0.0566, 'grad_norm': 0.04289000481367111, 'learning_rate': 0.000297035175879397, 'epoch': 0.41}
{'loss': 0.0651, 'grad_norm': 0.07866828888654709, 'learning_rate': 0.0002965326633165829, 'epoch': 0.41}
{'loss': 0.0532, 'grad_norm': 0.08072368055582047, 'learning_rate': 0.0002960301507537688, 'epoch': 0.41}
{'loss': 0.0563, 'grad_norm': 0.054686304181814194, 'learning_rate': 0.0002955276381909548, 'epoch': 0.41}
{'loss': 0.0628, 'grad_norm': 0.5667742490768433, 'learning_rate': 0.00029502512562814073, 'epoch': 0.41}
{'loss': 0.057, 'grad_norm': 2.526782989501953, 'learning_rate': 0.0002945226130653266, 'epoch': 0.41}
{'loss': 0.0619, 'grad_norm': 0.0701611191034317, 'learning_rate': 0.00029402010050251254, 'epoch': 0.41}
{'loss': 0.0767, 'grad_norm': 0.056984685361385345, 'learning_rate': 0.00029351758793969853, 'epoch': 0.42}
{'loss': 0.095, 'grad_norm': 0.05851924791932106, 'learning_rate': 0.0002930150753768844, 'epoch': 0.42}
{'loss': 0.1038, 'grad_norm': 0.12415710091590881, 'learning_rate': 0.00029251256281407034, 'epoch': 0.42}
{'loss': 0.0764, 'grad_norm': 0.11139218509197235, 'learning_rate': 0.00029201005025125627, 'epoch': 0.42}
{'loss': 0.0635, 'grad_norm': 0.05736296996474266, 'learning_rate': 0.00029150753768844226, 'epoch': 0.42}
{'loss': 0.0644, 'grad_norm': 0.16886650025844574, 'learning_rate': 0.00029100502512562814, 'epoch': 0.42}
{'loss': 0.0531, 'grad_norm': 0.04659769684076309, 'learning_rate': 0.00029050251256281407, 'epoch': 0.42}
{'loss': 0.065, 'grad_norm': 0.06296058744192123, 'learning_rate': 0.00029, 'epoch': 0.42}
{'loss': 0.072, 'grad_norm': 0.04932865500450134, 'learning_rate': 0.00028949748743718593, 'epoch': 0.42}
{'loss': 0.0628, 'grad_norm': 0.03974402695894241, 'learning_rate': 0.00028899497487437187, 'epoch': 0.42}
{'loss': 0.0655, 'grad_norm': 0.04786888509988785, 'learning_rate': 0.0002884924623115578, 'epoch': 0.43}
{'loss': 0.0741, 'grad_norm': 0.05729827284812927, 'learning_rate': 0.00028798994974874373, 'epoch': 0.43}
{'loss': 0.0718, 'grad_norm': 0.08233117312192917, 'learning_rate': 0.00028748743718592966, 'epoch': 0.43}
{'loss': 0.0763, 'grad_norm': 0.08447539806365967, 'learning_rate': 0.0002869849246231156, 'epoch': 0.43}
{'loss': 0.0545, 'grad_norm': 0.09179995208978653, 'learning_rate': 0.00028648241206030153, 'epoch': 0.43}
{'loss': 0.0679, 'grad_norm': 0.07886248826980591, 'learning_rate': 0.0002859798994974874, 'epoch': 0.43}
{'loss': 0.0571, 'grad_norm': 0.03433645889163017, 'learning_rate': 0.0002854773869346734, 'epoch': 0.43}
{'loss': 0.0548, 'grad_norm': 0.05182280018925667, 'learning_rate': 0.0002849748743718593, 'epoch': 0.43}
{'loss': 0.0465, 'grad_norm': 0.05552752688527107, 'learning_rate': 0.00028447236180904526, 'epoch': 0.43}
{'loss': 0.0593, 'grad_norm': 0.0681925043463707, 'learning_rate': 0.00028396984924623114, 'epoch': 0.43}
{'loss': 0.0657, 'grad_norm': 0.0788978785276413, 'learning_rate': 0.00028346733668341707, 'epoch': 0.44}
{'loss': 0.0681, 'grad_norm': 0.10282763093709946, 'learning_rate': 0.00028296482412060306, 'epoch': 0.44}
{'loss': 0.0602, 'grad_norm': 0.04978787899017334, 'learning_rate': 0.00028246231155778893, 'epoch': 0.44}
{'loss': 0.0579, 'grad_norm': 0.07892134040594101, 'learning_rate': 0.00028195979899497487, 'epoch': 0.44}
{'loss': 0.0549, 'grad_norm': 0.04123080149292946, 'learning_rate': 0.0002814572864321608, 'epoch': 0.44}
{'loss': 0.0704, 'grad_norm': 0.04082823172211647, 'learning_rate': 0.00028095477386934673, 'epoch': 0.44}
{'loss': 0.0642, 'grad_norm': 0.11192051321268082, 'learning_rate': 0.00028045226130653266, 'epoch': 0.44}
{'loss': 0.0636, 'grad_norm': 0.05135412886738777, 'learning_rate': 0.0002799497487437186, 'epoch': 0.44}
{'loss': 0.0629, 'grad_norm': 0.08619318157434464, 'learning_rate': 0.00027944723618090453, 'epoch': 0.44}
{'loss': 0.0603, 'grad_norm': 0.03721748664975166, 'learning_rate': 0.00027894472361809046, 'epoch': 0.45}
{'loss': 0.0786, 'grad_norm': 0.03915052115917206, 'learning_rate': 0.0002784422110552764, 'epoch': 0.45}
{'loss': 0.0753, 'grad_norm': 0.10578856617212296, 'learning_rate': 0.0002779396984924623, 'epoch': 0.45}
{'loss': 0.0786, 'grad_norm': 0.04286769777536392, 'learning_rate': 0.0002774371859296482, 'epoch': 0.45}
{'loss': 0.0654, 'grad_norm': 0.09270507097244263, 'learning_rate': 0.0002769346733668342, 'epoch': 0.45}
{'loss': 0.0702, 'grad_norm': 0.054708417505025864, 'learning_rate': 0.0002764321608040201, 'epoch': 0.45}
{'loss': 0.062, 'grad_norm': 0.05113920569419861, 'learning_rate': 0.00027592964824120606, 'epoch': 0.45}
{'loss': 0.0574, 'grad_norm': 0.047041479498147964, 'learning_rate': 0.00027542713567839193, 'epoch': 0.45}
{'loss': 0.0699, 'grad_norm': 0.03483135625720024, 'learning_rate': 0.0002749246231155779, 'epoch': 0.45}
{'loss': 0.0593, 'grad_norm': 0.06135706603527069, 'learning_rate': 0.00027442211055276385, 'epoch': 0.45}
{'loss': 0.0581, 'grad_norm': 0.05426311865448952, 'learning_rate': 0.00027391959798994973, 'epoch': 0.46}
{'loss': 0.0519, 'grad_norm': 0.05005823075771332, 'learning_rate': 0.00027341708542713566, 'epoch': 0.46}
{'loss': 0.073, 'grad_norm': 0.0837048664689064, 'learning_rate': 0.0002729145728643216, 'epoch': 0.46}
{'loss': 0.0647, 'grad_norm': 0.04251173511147499, 'learning_rate': 0.0002724120603015076, 'epoch': 0.46}
{'loss': 0.0682, 'grad_norm': 0.07909250259399414, 'learning_rate': 0.00027190954773869346, 'epoch': 0.46}
{'loss': 0.0487, 'grad_norm': 0.04768848791718483, 'learning_rate': 0.0002714070351758794, 'epoch': 0.46}
{'loss': 0.0603, 'grad_norm': 0.04252827540040016, 'learning_rate': 0.0002709045226130653, 'epoch': 0.46}
{'loss': 0.0648, 'grad_norm': 0.04477973282337189, 'learning_rate': 0.00027040201005025126, 'epoch': 0.46}
{'loss': 0.0699, 'grad_norm': 0.04112739488482475, 'learning_rate': 0.0002698994974874372, 'epoch': 0.46}
{'loss': 0.081, 'grad_norm': 0.11617569625377655, 'learning_rate': 0.0002693969849246231, 'epoch': 0.46}
{'loss': 0.0691, 'grad_norm': 0.08634227514266968, 'learning_rate': 0.00026889447236180905, 'epoch': 0.47}
{'loss': 0.0594, 'grad_norm': 0.040984053164720535, 'learning_rate': 0.000268391959798995, 'epoch': 0.47}
{'loss': 0.0598, 'grad_norm': 0.04795761778950691, 'learning_rate': 0.0002678894472361809, 'epoch': 0.47}
{'loss': 0.0687, 'grad_norm': 0.07290800660848618, 'learning_rate': 0.00026738693467336685, 'epoch': 0.47}
{'loss': 0.0729, 'grad_norm': 0.47744765877723694, 'learning_rate': 0.00026688442211055273, 'epoch': 0.47}
{'loss': 0.0754, 'grad_norm': 0.11029054969549179, 'learning_rate': 0.0002663819095477387, 'epoch': 0.47}
{'loss': 0.0655, 'grad_norm': 0.1256430447101593, 'learning_rate': 0.00026587939698492465, 'epoch': 0.47}
{'loss': 0.0649, 'grad_norm': 0.05737404525279999, 'learning_rate': 0.00026537688442211053, 'epoch': 0.47}
{'loss': 0.0602, 'grad_norm': 0.3100043833255768, 'learning_rate': 0.00026487437185929646, 'epoch': 0.47}
{'loss': 0.0497, 'grad_norm': 1.7234687805175781, 'learning_rate': 0.00026437185929648245, 'epoch': 0.47}
{'loss': 0.0868, 'grad_norm': 0.11050468683242798, 'learning_rate': 0.0002638693467336684, 'epoch': 0.47}
{'loss': 0.0588, 'grad_norm': 0.15225675702095032, 'learning_rate': 0.00026336683417085426, 'epoch': 0.48}
{'loss': 0.0718, 'grad_norm': 0.0474640391767025, 'learning_rate': 0.0002628643216080402, 'epoch': 0.48}
{'loss': 0.0642, 'grad_norm': 0.04972939193248749, 'learning_rate': 0.0002623618090452262, 'epoch': 0.48}
{'loss': 0.0771, 'grad_norm': 0.2507437467575073, 'learning_rate': 0.00026185929648241205, 'epoch': 0.48}
{'loss': 0.0667, 'grad_norm': 0.051700081676244736, 'learning_rate': 0.000261356783919598, 'epoch': 0.48}
{'loss': 0.0694, 'grad_norm': 0.03420065715909004, 'learning_rate': 0.0002608542713567839, 'epoch': 0.48}
{'loss': 0.0587, 'grad_norm': 0.049564968794584274, 'learning_rate': 0.00026035175879396985, 'epoch': 0.48}
{'loss': 0.0747, 'grad_norm': 0.5145500302314758, 'learning_rate': 0.0002598492462311558, 'epoch': 0.48}
{'loss': 0.0825, 'grad_norm': 0.09683581441640854, 'learning_rate': 0.0002593467336683417, 'epoch': 0.48}
{'loss': 0.0588, 'grad_norm': 0.043918631970882416, 'learning_rate': 0.00025884422110552765, 'epoch': 0.48}
{'loss': 0.0525, 'grad_norm': 0.04357299208641052, 'learning_rate': 0.0002583417085427135, 'epoch': 0.49}
{'loss': 0.0648, 'grad_norm': 0.09233405441045761, 'learning_rate': 0.0002578391959798995, 'epoch': 0.49}
{'loss': 0.0707, 'grad_norm': 0.09464023262262344, 'learning_rate': 0.00025733668341708545, 'epoch': 0.49}
{'loss': 0.0558, 'grad_norm': 0.07741154730319977, 'learning_rate': 0.0002568341708542714, 'epoch': 0.49}
{'loss': 0.0717, 'grad_norm': 0.030744245275855064, 'learning_rate': 0.00025633165829145726, 'epoch': 0.49}
{'loss': 0.0553, 'grad_norm': 0.06656882911920547, 'learning_rate': 0.00025582914572864324, 'epoch': 0.49}
{'loss': 0.0465, 'grad_norm': 0.05108925327658653, 'learning_rate': 0.0002553266331658292, 'epoch': 0.49}
{'loss': 0.0658, 'grad_norm': 0.8822685480117798, 'learning_rate': 0.00025482412060301505, 'epoch': 0.49}
{'loss': 0.0808, 'grad_norm': 0.025627950206398964, 'learning_rate': 0.000254321608040201, 'epoch': 0.49}
{'loss': 0.0687, 'grad_norm': 0.05812404304742813, 'learning_rate': 0.000253819095477387, 'epoch': 0.49}
{'loss': 0.0645, 'grad_norm': 0.055152956396341324, 'learning_rate': 0.0002533165829145729, 'epoch': 0.5}
{'loss': 0.0561, 'grad_norm': 0.05124371126294136, 'learning_rate': 0.0002528140703517588, 'epoch': 0.5}
{'loss': 0.0641, 'grad_norm': 0.3376280665397644, 'learning_rate': 0.0002523115577889447, 'epoch': 0.5}
{'loss': 0.0531, 'grad_norm': 0.13617447018623352, 'learning_rate': 0.0002518090452261307, 'epoch': 0.5}
{'loss': 0.0606, 'grad_norm': 0.0695614442229271, 'learning_rate': 0.0002513065326633166, 'epoch': 0.5}
{'eval_loss': 0.1298018842935562, 'eval_runtime': 73.8178, 'eval_samples_per_second': 6.936, 'eval_steps_per_second': 6.936, 'epoch': 0.5}
{'synthetic/step_1/format': 1.0, 'synthetic/step_1/correct': 1.0, 'synthetic/step_1/valid': 1.0, 'synthetic/step_2/format': 1.0, 'synthetic/step_2/correct': 1.0, 'synthetic/step_2/valid': 1.0, 'synthetic/step_3/format': 1.0, 'synthetic/step_3/correct': 1.0, 'synthetic/step_3/valid': 1.0, 'synthetic/step_4/format': 1.0, 'synthetic/step_4/correct': 0.95, 'synthetic/step_4/valid': 0.95, 'synthetic/step_5/format': 0.95, 'synthetic/step_5/correct': 0.95, 'synthetic/step_5/valid': 0.9, 'synthetic/step_6/format': 0.35, 'synthetic/step_6/correct': 0.0, 'synthetic/step_6/valid': 0.0, 'synthetic/step_7/format': 0.2, 'synthetic/step_7/correct': 0.1, 'synthetic/step_7/valid': 0.0, 'synthetic/step_8/format': 0.05, 'synthetic/step_8/correct': 0.05, 'synthetic/step_8/valid': 0.0, 'synthetic/step_9/format': 0.2, 'synthetic/step_9/correct': 0.1, 'synthetic/step_9/valid': 0.0, 'synthetic/step_10/format': 0.0, 'synthetic/step_10/correct': 0.0, 'synthetic/step_10/valid': 0.0, 'synthetic/step_11/format': 0.1, 'synthetic/step_11/correct': 0.0, 'synthetic/step_11/valid': 0.0, 'synthetic/step_12/format': 0.2, 'synthetic/step_12/correct': 0.15, 'synthetic/step_12/valid': 0.0, 'synthetic/step_13/format': 0.1, 'synthetic/step_13/correct': 0.0, 'synthetic/step_13/valid': 0.0, 'synthetic/step_14/format': 0.2, 'synthetic/step_14/correct': 0.05, 'synthetic/step_14/valid': 0.0, 'synthetic/step_15/format': 0.15, 'synthetic/step_15/correct': 0.0, 'synthetic/step_15/valid': 0.0, 'synthetic/step_16/format': 0.0, 'synthetic/step_16/correct': 0.0, 'synthetic/step_16/valid': 0.0, 'synthetic/step_17/format': 0.05, 'synthetic/step_17/correct': 0.05, 'synthetic/step_17/valid': 0.0, 'synthetic/step_18/format': 0.1, 'synthetic/step_18/correct': 0.0, 'synthetic/step_18/valid': 0.0, 'synthetic/step_19/format': 0.1, 'synthetic/step_19/correct': 0.0, 'synthetic/step_19/valid': 0.0, 'synthetic/step_20/format': 0.05, 'synthetic/step_20/correct': 0.0, 'synthetic/step_20/valid': 0.0, 'epoch': 0.5}
{'loss': 0.0709, 'grad_norm': 0.05554180592298508, 'learning_rate': 0.0002508040201005025, 'epoch': 0.5}
{'loss': 0.0566, 'grad_norm': 0.07956100255250931, 'learning_rate': 0.00025030150753768845, 'epoch': 0.5}
{'loss': 0.0692, 'grad_norm': 0.07158927619457245, 'learning_rate': 0.0002497989949748744, 'epoch': 0.5}
{'loss': 0.0606, 'grad_norm': 0.03266330063343048, 'learning_rate': 0.0002492964824120603, 'epoch': 0.5}
{'loss': 0.0598, 'grad_norm': 0.031917959451675415, 'learning_rate': 0.00024879396984924624, 'epoch': 0.51}
{'loss': 0.0482, 'grad_norm': 0.037982452660799026, 'learning_rate': 0.0002482914572864322, 'epoch': 0.51}
{'loss': 0.0731, 'grad_norm': 0.3868879973888397, 'learning_rate': 0.0002477889447236181, 'epoch': 0.51}
{'loss': 0.0787, 'grad_norm': 0.1255575716495514, 'learning_rate': 0.00024728643216080404, 'epoch': 0.51}
{'loss': 0.045, 'grad_norm': 0.04529934003949165, 'learning_rate': 0.00024678391959798997, 'epoch': 0.51}
{'loss': 0.0543, 'grad_norm': 0.02975982427597046, 'learning_rate': 0.00024628140703517585, 'epoch': 0.51}
{'loss': 0.0629, 'grad_norm': 0.09894879907369614, 'learning_rate': 0.00024577889447236184, 'epoch': 0.51}
{'loss': 0.05, 'grad_norm': 0.08135413378477097, 'learning_rate': 0.0002452763819095477, 'epoch': 0.51}
{'loss': 0.0678, 'grad_norm': 0.025915812700986862, 'learning_rate': 0.0002447738693467337, 'epoch': 0.51}
{'loss': 0.0813, 'grad_norm': 0.07331766933202744, 'learning_rate': 0.0002442713567839196, 'epoch': 0.51}
{'loss': 0.0625, 'grad_norm': 0.05155802518129349, 'learning_rate': 0.00024376884422110554, 'epoch': 0.52}
{'loss': 0.0701, 'grad_norm': 0.07224214822053909, 'learning_rate': 0.00024326633165829145, 'epoch': 0.52}
{'loss': 0.059, 'grad_norm': 0.12644663453102112, 'learning_rate': 0.0002427638190954774, 'epoch': 0.52}
{'loss': 0.1002, 'grad_norm': 0.07596579194068909, 'learning_rate': 0.0002422613065326633, 'epoch': 0.52}
{'loss': 0.0754, 'grad_norm': 0.038858793675899506, 'learning_rate': 0.00024175879396984927, 'epoch': 0.52}
{'loss': 0.0783, 'grad_norm': 0.05532105639576912, 'learning_rate': 0.00024125628140703518, 'epoch': 0.52}
{'loss': 0.0797, 'grad_norm': 0.051139675080776215, 'learning_rate': 0.00024075376884422113, 'epoch': 0.52}
{'loss': 0.0642, 'grad_norm': 0.2856661081314087, 'learning_rate': 0.00024025125628140704, 'epoch': 0.52}
{'loss': 0.077, 'grad_norm': 0.07585042715072632, 'learning_rate': 0.00023974874371859297, 'epoch': 0.52}
{'loss': 0.0793, 'grad_norm': 0.40526506304740906, 'learning_rate': 0.0002392462311557789, 'epoch': 0.52}
{'loss': 0.0612, 'grad_norm': 0.11306577920913696, 'learning_rate': 0.00023874371859296484, 'epoch': 0.53}
{'loss': 0.0699, 'grad_norm': 0.05137917399406433, 'learning_rate': 0.00023824120603015077, 'epoch': 0.53}
{'loss': 0.0634, 'grad_norm': 0.035959210246801376, 'learning_rate': 0.00023773869346733667, 'epoch': 0.53}
{'loss': 0.0545, 'grad_norm': 0.06626231223344803, 'learning_rate': 0.0002372361809045226, 'epoch': 0.53}
{'loss': 0.0711, 'grad_norm': 0.04087493568658829, 'learning_rate': 0.00023673366834170854, 'epoch': 0.53}
{'loss': 0.0573, 'grad_norm': 0.0780925303697586, 'learning_rate': 0.00023623115577889447, 'epoch': 0.53}
{'loss': 0.0558, 'grad_norm': 0.05952063575387001, 'learning_rate': 0.0002357286432160804, 'epoch': 0.53}
{'loss': 0.0631, 'grad_norm': 0.034484002739191055, 'learning_rate': 0.00023522613065326634, 'epoch': 0.53}
{'loss': 0.0682, 'grad_norm': 0.08537691086530685, 'learning_rate': 0.00023472361809045227, 'epoch': 0.53}
{'loss': 0.0683, 'grad_norm': 0.655007004737854, 'learning_rate': 0.0002342211055276382, 'epoch': 0.53}
{'loss': 0.0683, 'grad_norm': 0.06181635335087776, 'learning_rate': 0.0002337185929648241, 'epoch': 0.54}
{'loss': 0.0658, 'grad_norm': 0.3961308002471924, 'learning_rate': 0.00023321608040201007, 'epoch': 0.54}
{'loss': 0.0746, 'grad_norm': 0.08943621069192886, 'learning_rate': 0.00023271356783919597, 'epoch': 0.54}
{'loss': 0.0609, 'grad_norm': 0.047126322984695435, 'learning_rate': 0.00023221105527638193, 'epoch': 0.54}
{'loss': 0.0446, 'grad_norm': 0.06685890257358551, 'learning_rate': 0.00023170854271356784, 'epoch': 0.54}
{'loss': 0.0639, 'grad_norm': 0.05552000552415848, 'learning_rate': 0.00023120603015075377, 'epoch': 0.54}
{'loss': 0.0504, 'grad_norm': 0.3101641833782196, 'learning_rate': 0.0002307035175879397, 'epoch': 0.54}
{'loss': 0.0545, 'grad_norm': 1.2875696420669556, 'learning_rate': 0.00023020100502512563, 'epoch': 0.54}
{'loss': 0.0702, 'grad_norm': 0.07930369675159454, 'learning_rate': 0.00022969849246231157, 'epoch': 0.54}
{'loss': 0.0625, 'grad_norm': 0.03790457174181938, 'learning_rate': 0.0002291959798994975, 'epoch': 0.54}
{'loss': 0.0511, 'grad_norm': 0.043722737580537796, 'learning_rate': 0.00022869346733668343, 'epoch': 0.55}
{'loss': 0.0499, 'grad_norm': 0.06760208308696747, 'learning_rate': 0.00022819095477386936, 'epoch': 0.55}
{'loss': 0.0576, 'grad_norm': 0.030883006751537323, 'learning_rate': 0.00022768844221105527, 'epoch': 0.55}
{'loss': 0.0975, 'grad_norm': 0.10124347358942032, 'learning_rate': 0.00022718592964824123, 'epoch': 0.55}
{'loss': 0.0718, 'grad_norm': 0.08023224025964737, 'learning_rate': 0.00022668341708542713, 'epoch': 0.55}
{'loss': 0.0645, 'grad_norm': 0.050426606088876724, 'learning_rate': 0.00022618090452261307, 'epoch': 0.55}
{'loss': 0.0627, 'grad_norm': 0.04451284185051918, 'learning_rate': 0.000225678391959799, 'epoch': 0.55}
{'loss': 0.0667, 'grad_norm': 0.04874458909034729, 'learning_rate': 0.0002251758793969849, 'epoch': 0.55}
{'loss': 0.0556, 'grad_norm': 0.05842924490571022, 'learning_rate': 0.00022467336683417086, 'epoch': 0.55}
{'loss': 0.0667, 'grad_norm': 0.06961821019649506, 'learning_rate': 0.00022417085427135677, 'epoch': 0.55}
{'loss': 0.0695, 'grad_norm': 0.5642789602279663, 'learning_rate': 0.00022366834170854273, 'epoch': 0.56}
{'loss': 0.07, 'grad_norm': 0.08802764117717743, 'learning_rate': 0.00022316582914572863, 'epoch': 0.56}
{'loss': 0.062, 'grad_norm': 0.21848848462104797, 'learning_rate': 0.0002226633165829146, 'epoch': 0.56}
{'loss': 0.0738, 'grad_norm': 0.036399804055690765, 'learning_rate': 0.0002221608040201005, 'epoch': 0.56}
{'loss': 0.0621, 'grad_norm': 0.10171329975128174, 'learning_rate': 0.00022165829145728643, 'epoch': 0.56}
{'loss': 0.0759, 'grad_norm': 0.03768553584814072, 'learning_rate': 0.00022115577889447236, 'epoch': 0.56}
{'loss': 0.0528, 'grad_norm': 0.04204067215323448, 'learning_rate': 0.0002206532663316583, 'epoch': 0.56}
{'loss': 0.0712, 'grad_norm': 0.062449898570775986, 'learning_rate': 0.00022015075376884423, 'epoch': 0.56}
{'loss': 0.0659, 'grad_norm': 0.26604577898979187, 'learning_rate': 0.00021964824120603016, 'epoch': 0.56}
{'loss': 0.0665, 'grad_norm': 0.6121755838394165, 'learning_rate': 0.0002191457286432161, 'epoch': 0.56}
{'loss': 0.071, 'grad_norm': 0.039347246289253235, 'learning_rate': 0.00021864321608040203, 'epoch': 0.56}
{'loss': 0.0736, 'grad_norm': 0.13340096175670624, 'learning_rate': 0.00021814070351758793, 'epoch': 0.57}
{'loss': 0.081, 'grad_norm': 0.09313623607158661, 'learning_rate': 0.0002176381909547739, 'epoch': 0.57}
{'loss': 0.0715, 'grad_norm': 0.08413457125425339, 'learning_rate': 0.0002171356783919598, 'epoch': 0.57}
{'loss': 0.0757, 'grad_norm': 0.05580310896039009, 'learning_rate': 0.00021663316582914576, 'epoch': 0.57}
{'loss': 0.0688, 'grad_norm': 0.044883739203214645, 'learning_rate': 0.00021613065326633166, 'epoch': 0.57}
{'loss': 0.0537, 'grad_norm': 0.06080514192581177, 'learning_rate': 0.0002156281407035176, 'epoch': 0.57}
{'loss': 0.0605, 'grad_norm': 0.04128317907452583, 'learning_rate': 0.00021512562814070353, 'epoch': 0.57}
{'loss': 0.0535, 'grad_norm': 0.03782467544078827, 'learning_rate': 0.00021462311557788943, 'epoch': 0.57}
{'loss': 0.0736, 'grad_norm': 0.05381135642528534, 'learning_rate': 0.0002141206030150754, 'epoch': 0.57}
{'loss': 0.0688, 'grad_norm': 0.03437984734773636, 'learning_rate': 0.0002136180904522613, 'epoch': 0.57}
{'loss': 0.0659, 'grad_norm': 0.0568695031106472, 'learning_rate': 0.00021311557788944725, 'epoch': 0.58}
{'loss': 0.0663, 'grad_norm': 0.0804860070347786, 'learning_rate': 0.00021261306532663316, 'epoch': 0.58}
{'loss': 0.062, 'grad_norm': 0.30573007464408875, 'learning_rate': 0.0002121105527638191, 'epoch': 0.58}
{'loss': 0.0614, 'grad_norm': 0.06359414756298065, 'learning_rate': 0.00021160804020100502, 'epoch': 0.58}
{'loss': 0.0657, 'grad_norm': 0.05560598894953728, 'learning_rate': 0.00021110552763819096, 'epoch': 0.58}
{'loss': 0.0667, 'grad_norm': 0.046823397278785706, 'learning_rate': 0.0002106030150753769, 'epoch': 0.58}
{'loss': 0.065, 'grad_norm': 0.06338963657617569, 'learning_rate': 0.00021010050251256282, 'epoch': 0.58}
{'loss': 0.0622, 'grad_norm': 0.07207822054624557, 'learning_rate': 0.00020959798994974873, 'epoch': 0.58}
{'loss': 0.0689, 'grad_norm': 0.04020475596189499, 'learning_rate': 0.0002090954773869347, 'epoch': 0.58}
{'loss': 0.0597, 'grad_norm': 0.05690602585673332, 'learning_rate': 0.0002085929648241206, 'epoch': 0.58}
{'loss': 0.0712, 'grad_norm': 0.0956922173500061, 'learning_rate': 0.00020809045226130655, 'epoch': 0.59}
{'loss': 0.0722, 'grad_norm': 0.0693514347076416, 'learning_rate': 0.00020758793969849246, 'epoch': 0.59}
{'loss': 0.0587, 'grad_norm': 0.05005398765206337, 'learning_rate': 0.00020708542713567842, 'epoch': 0.59}
{'loss': 0.0505, 'grad_norm': 0.07838776707649231, 'learning_rate': 0.00020658291457286432, 'epoch': 0.59}
{'loss': 0.0934, 'grad_norm': 1.7184323072433472, 'learning_rate': 0.00020608040201005025, 'epoch': 0.59}
{'loss': 0.0662, 'grad_norm': 0.08308197557926178, 'learning_rate': 0.0002055778894472362, 'epoch': 0.59}
{'loss': 0.0592, 'grad_norm': 0.040235113352537155, 'learning_rate': 0.00020507537688442212, 'epoch': 0.59}
{'loss': 0.0602, 'grad_norm': 0.055086929351091385, 'learning_rate': 0.00020457286432160805, 'epoch': 0.59}
{'loss': 0.0576, 'grad_norm': 1.8461229801177979, 'learning_rate': 0.00020407035175879398, 'epoch': 0.59}
{'loss': 0.0766, 'grad_norm': 0.07089203596115112, 'learning_rate': 0.00020356783919597992, 'epoch': 0.59}
{'loss': 0.0654, 'grad_norm': 0.5786145925521851, 'learning_rate': 0.00020306532663316582, 'epoch': 0.6}
{'loss': 0.0585, 'grad_norm': 0.05845913290977478, 'learning_rate': 0.00020256281407035175, 'epoch': 0.6}
{'loss': 0.0681, 'grad_norm': 0.08693436533212662, 'learning_rate': 0.0002020603015075377, 'epoch': 0.6}
{'loss': 0.0571, 'grad_norm': 0.06792115420103073, 'learning_rate': 0.00020155778894472362, 'epoch': 0.6}
{'loss': 0.1066, 'grad_norm': 0.05689026787877083, 'learning_rate': 0.00020105527638190955, 'epoch': 0.6}
{'eval_loss': 0.1467709243297577, 'eval_runtime': 73.7868, 'eval_samples_per_second': 6.939, 'eval_steps_per_second': 6.939, 'epoch': 0.6}
{'synthetic/step_1/format': 1.0, 'synthetic/step_1/correct': 1.0, 'synthetic/step_1/valid': 1.0, 'synthetic/step_2/format': 1.0, 'synthetic/step_2/correct': 0.85, 'synthetic/step_2/valid': 1.0, 'synthetic/step_3/format': 1.0, 'synthetic/step_3/correct': 1.0, 'synthetic/step_3/valid': 0.95, 'synthetic/step_4/format': 1.0, 'synthetic/step_4/correct': 1.0, 'synthetic/step_4/valid': 0.95, 'synthetic/step_5/format': 0.95, 'synthetic/step_5/correct': 0.95, 'synthetic/step_5/valid': 0.9, 'synthetic/step_6/format': 0.1, 'synthetic/step_6/correct': 0.05, 'synthetic/step_6/valid': 0.05, 'synthetic/step_7/format': 0.05, 'synthetic/step_7/correct': 0.0, 'synthetic/step_7/valid': 0.05, 'synthetic/step_8/format': 0.05, 'synthetic/step_8/correct': 0.0, 'synthetic/step_8/valid': 0.0, 'synthetic/step_9/format': 0.05, 'synthetic/step_9/correct': 0.0, 'synthetic/step_9/valid': 0.0, 'synthetic/step_10/format': 0.0, 'synthetic/step_10/correct': 0.0, 'synthetic/step_10/valid': 0.0, 'synthetic/step_11/format': 0.0, 'synthetic/step_11/correct': 0.0, 'synthetic/step_11/valid': 0.0, 'synthetic/step_12/format': 0.0, 'synthetic/step_12/correct': 0.0, 'synthetic/step_12/valid': 0.0, 'synthetic/step_13/format': 0.05, 'synthetic/step_13/correct': 0.0, 'synthetic/step_13/valid': 0.0, 'synthetic/step_14/format': 0.05, 'synthetic/step_14/correct': 0.0, 'synthetic/step_14/valid': 0.0, 'synthetic/step_15/format': 0.1, 'synthetic/step_15/correct': 0.0, 'synthetic/step_15/valid': 0.0, 'synthetic/step_16/format': 0.05, 'synthetic/step_16/correct': 0.0, 'synthetic/step_16/valid': 0.0, 'synthetic/step_17/format': 0.0, 'synthetic/step_17/correct': 0.0, 'synthetic/step_17/valid': 0.0, 'synthetic/step_18/format': 0.0, 'synthetic/step_18/correct': 0.0, 'synthetic/step_18/valid': 0.0, 'synthetic/step_19/format': 0.0, 'synthetic/step_19/correct': 0.0, 'synthetic/step_19/valid': 0.0, 'synthetic/step_20/format': 0.0, 'synthetic/step_20/correct': 0.0, 'synthetic/step_20/valid': 0.0, 'epoch': 0.6}
{'loss': 0.0656, 'grad_norm': 0.047372862696647644, 'learning_rate': 0.00020055276381909548, 'epoch': 0.6}
{'loss': 0.0692, 'grad_norm': 0.09618471562862396, 'learning_rate': 0.0002000502512562814, 'epoch': 0.6}
{'loss': 0.0848, 'grad_norm': 1.3244789838790894, 'learning_rate': 0.00019954773869346735, 'epoch': 0.6}
{'loss': 0.0709, 'grad_norm': 0.10311000794172287, 'learning_rate': 0.00019904522613065325, 'epoch': 0.6}
{'loss': 0.0702, 'grad_norm': 0.08983902633190155, 'learning_rate': 0.00019854271356783921, 'epoch': 0.6}
{'loss': 0.0639, 'grad_norm': 0.0565965510904789, 'learning_rate': 0.00019804020100502512, 'epoch': 0.61}
{'loss': 0.0673, 'grad_norm': 0.19830633699893951, 'learning_rate': 0.00019753768844221108, 'epoch': 0.61}
{'loss': 0.0711, 'grad_norm': 0.4903627932071686, 'learning_rate': 0.00019703517587939698, 'epoch': 0.61}
{'loss': 0.0559, 'grad_norm': 0.05517619103193283, 'learning_rate': 0.00019653266331658292, 'epoch': 0.61}
{'loss': 0.0552, 'grad_norm': 0.056533411145210266, 'learning_rate': 0.00019603015075376885, 'epoch': 0.61}
{'loss': 0.052, 'grad_norm': 0.04735429212450981, 'learning_rate': 0.00019552763819095478, 'epoch': 0.61}
{'loss': 0.0639, 'grad_norm': 0.04930026829242706, 'learning_rate': 0.0001950251256281407, 'epoch': 0.61}
{'loss': 0.0734, 'grad_norm': 0.08197254687547684, 'learning_rate': 0.00019452261306532665, 'epoch': 0.61}
{'loss': 0.0662, 'grad_norm': 0.03961130604147911, 'learning_rate': 0.00019402010050251255, 'epoch': 0.61}
{'loss': 0.0679, 'grad_norm': 0.04670151323080063, 'learning_rate': 0.0001935175879396985, 'epoch': 0.61}
{'loss': 0.0614, 'grad_norm': 0.5587833523750305, 'learning_rate': 0.00019301507537688442, 'epoch': 0.62}
{'loss': 0.0693, 'grad_norm': 0.09076423197984695, 'learning_rate': 0.00019251256281407038, 'epoch': 0.62}
{'loss': 0.0686, 'grad_norm': 0.20785710215568542, 'learning_rate': 0.00019201005025125628, 'epoch': 0.62}
{'loss': 0.0548, 'grad_norm': 0.07535726577043533, 'learning_rate': 0.0001915075376884422, 'epoch': 0.62}
{'loss': 0.0596, 'grad_norm': 0.04610958695411682, 'learning_rate': 0.00019100502512562815, 'epoch': 0.62}
{'loss': 0.0641, 'grad_norm': 0.06124600023031235, 'learning_rate': 0.00019050251256281405, 'epoch': 0.62}
{'loss': 0.0495, 'grad_norm': 0.06948187202215195, 'learning_rate': 0.00019, 'epoch': 0.62}
{'loss': 0.0543, 'grad_norm': 0.067086361348629, 'learning_rate': 0.00018949748743718592, 'epoch': 0.62}
{'loss': 0.0571, 'grad_norm': 0.05117223784327507, 'learning_rate': 0.00018899497487437188, 'epoch': 0.62}
{'loss': 0.0642, 'grad_norm': 0.055419523268938065, 'learning_rate': 0.00018849246231155778, 'epoch': 0.62}
{'loss': 0.0615, 'grad_norm': 0.0901927724480629, 'learning_rate': 0.00018798994974874374, 'epoch': 0.63}
{'loss': 0.0666, 'grad_norm': 0.05645356327295303, 'learning_rate': 0.00018748743718592965, 'epoch': 0.63}
{'loss': 0.0577, 'grad_norm': 0.07536627352237701, 'learning_rate': 0.00018698492462311558, 'epoch': 0.63}
{'loss': 0.0673, 'grad_norm': 0.0549195222556591, 'learning_rate': 0.0001864824120603015, 'epoch': 0.63}
{'loss': 0.0587, 'grad_norm': 0.033596236258745193, 'learning_rate': 0.00018597989949748744, 'epoch': 0.63}
{'loss': 0.0588, 'grad_norm': 0.06233843043446541, 'learning_rate': 0.00018547738693467338, 'epoch': 0.63}
{'loss': 0.0671, 'grad_norm': 0.04735535755753517, 'learning_rate': 0.0001849748743718593, 'epoch': 0.63}
{'loss': 0.0674, 'grad_norm': 0.09661062061786652, 'learning_rate': 0.0001844723618090452, 'epoch': 0.63}
{'loss': 0.0618, 'grad_norm': 0.04396430775523186, 'learning_rate': 0.00018396984924623117, 'epoch': 0.63}
{'loss': 0.0543, 'grad_norm': 0.0532323457300663, 'learning_rate': 0.00018346733668341708, 'epoch': 0.64}
{'loss': 0.0619, 'grad_norm': 0.052002958953380585, 'learning_rate': 0.00018296482412060304, 'epoch': 0.64}
{'loss': 0.0603, 'grad_norm': 0.08166185766458511, 'learning_rate': 0.00018246231155778894, 'epoch': 0.64}
{'loss': 0.0674, 'grad_norm': 0.04340445622801781, 'learning_rate': 0.0001819597989949749, 'epoch': 0.64}
{'loss': 0.0538, 'grad_norm': 0.03407507762312889, 'learning_rate': 0.0001814572864321608, 'epoch': 0.64}
{'loss': 0.0627, 'grad_norm': 0.07243102788925171, 'learning_rate': 0.00018095477386934674, 'epoch': 0.64}
{'loss': 0.0691, 'grad_norm': 0.05762048065662384, 'learning_rate': 0.00018045226130653267, 'epoch': 0.64}
{'loss': 0.0608, 'grad_norm': 0.07731764763593674, 'learning_rate': 0.00017994974874371858, 'epoch': 0.64}
{'loss': 0.0468, 'grad_norm': 0.028642000630497932, 'learning_rate': 0.00017944723618090454, 'epoch': 0.64}
{'loss': 0.0661, 'grad_norm': 0.03929945454001427, 'learning_rate': 0.00017894472361809044, 'epoch': 0.64}
{'loss': 0.0627, 'grad_norm': 0.0886438861489296, 'learning_rate': 0.00017844221105527637, 'epoch': 0.65}
{'loss': 0.0523, 'grad_norm': 0.04412129521369934, 'learning_rate': 0.0001779396984924623, 'epoch': 0.65}
{'loss': 0.057, 'grad_norm': 0.04216432198882103, 'learning_rate': 0.00017743718592964824, 'epoch': 0.65}
{'loss': 0.0617, 'grad_norm': 0.030922600999474525, 'learning_rate': 0.00017693467336683417, 'epoch': 0.65}
{'loss': 0.0559, 'grad_norm': 0.05620643123984337, 'learning_rate': 0.0001764321608040201, 'epoch': 0.65}
{'loss': 0.0801, 'grad_norm': 0.08614511042833328, 'learning_rate': 0.00017592964824120604, 'epoch': 0.65}
{'loss': 0.0747, 'grad_norm': 0.08838754147291183, 'learning_rate': 0.00017542713567839197, 'epoch': 0.65}
{'loss': 0.0583, 'grad_norm': 0.03477426990866661, 'learning_rate': 0.00017492462311557787, 'epoch': 0.65}
{'loss': 0.0676, 'grad_norm': 0.04794822260737419, 'learning_rate': 0.00017442211055276383, 'epoch': 0.65}
{'loss': 0.0764, 'grad_norm': 0.06701101362705231, 'learning_rate': 0.00017391959798994974, 'epoch': 0.65}
{'loss': 0.0609, 'grad_norm': 0.03961286321282387, 'learning_rate': 0.0001734170854271357, 'epoch': 0.66}
{'loss': 0.0626, 'grad_norm': 0.02869933284819126, 'learning_rate': 0.0001729145728643216, 'epoch': 0.66}
{'loss': 0.0629, 'grad_norm': 0.030306005850434303, 'learning_rate': 0.00017241206030150756, 'epoch': 0.66}
{'loss': 0.0695, 'grad_norm': 0.08056741207838058, 'learning_rate': 0.00017190954773869347, 'epoch': 0.66}
{'loss': 0.0681, 'grad_norm': 0.04177815467119217, 'learning_rate': 0.0001714070351758794, 'epoch': 0.66}
{'loss': 0.0592, 'grad_norm': 1.1719859838485718, 'learning_rate': 0.00017090452261306533, 'epoch': 0.66}
{'loss': 0.0677, 'grad_norm': 0.06977955251932144, 'learning_rate': 0.00017040201005025127, 'epoch': 0.66}
{'loss': 0.0627, 'grad_norm': 0.0413266159594059, 'learning_rate': 0.0001698994974874372, 'epoch': 0.66}
{'loss': 0.0853, 'grad_norm': 0.910013735294342, 'learning_rate': 0.00016939698492462313, 'epoch': 0.66}
{'loss': 0.0714, 'grad_norm': 0.04675040394067764, 'learning_rate': 0.00016889447236180904, 'epoch': 0.66}
{'loss': 0.0654, 'grad_norm': 0.10182280838489532, 'learning_rate': 0.00016839195979899497, 'epoch': 0.67}
{'loss': 0.0648, 'grad_norm': 0.03878495842218399, 'learning_rate': 0.0001678894472361809, 'epoch': 0.67}
{'loss': 0.0612, 'grad_norm': 0.3665817081928253, 'learning_rate': 0.00016738693467336683, 'epoch': 0.67}
{'loss': 0.0651, 'grad_norm': 0.2788068354129791, 'learning_rate': 0.00016688442211055277, 'epoch': 0.67}
{'loss': 0.0597, 'grad_norm': 0.07514916360378265, 'learning_rate': 0.0001663819095477387, 'epoch': 0.67}
{'loss': 0.0611, 'grad_norm': 0.0660710483789444, 'learning_rate': 0.00016587939698492463, 'epoch': 0.67}
{'loss': 0.0704, 'grad_norm': 0.05097383260726929, 'learning_rate': 0.00016537688442211054, 'epoch': 0.67}
{'loss': 0.0597, 'grad_norm': 0.08206998556852341, 'learning_rate': 0.0001648743718592965, 'epoch': 0.67}
{'loss': 0.075, 'grad_norm': 0.850383996963501, 'learning_rate': 0.0001643718592964824, 'epoch': 0.67}
{'loss': 0.0612, 'grad_norm': 0.04722461476922035, 'learning_rate': 0.00016386934673366836, 'epoch': 0.67}
{'loss': 0.0811, 'grad_norm': 0.04999753460288048, 'learning_rate': 0.00016336683417085427, 'epoch': 0.68}
{'loss': 0.0701, 'grad_norm': 0.0738038495182991, 'learning_rate': 0.0001628643216080402, 'epoch': 0.68}
{'loss': 0.0505, 'grad_norm': 0.04727189242839813, 'learning_rate': 0.00016236180904522613, 'epoch': 0.68}
{'loss': 0.0784, 'grad_norm': 0.684697151184082, 'learning_rate': 0.00016185929648241206, 'epoch': 0.68}
{'loss': 0.0704, 'grad_norm': 0.049365222454071045, 'learning_rate': 0.000161356783919598, 'epoch': 0.68}
{'loss': 0.0541, 'grad_norm': 0.042017072439193726, 'learning_rate': 0.00016085427135678393, 'epoch': 0.68}
{'loss': 0.0644, 'grad_norm': 0.04166853055357933, 'learning_rate': 0.00016035175879396986, 'epoch': 0.68}
{'loss': 0.066, 'grad_norm': 0.038242947310209274, 'learning_rate': 0.0001598492462311558, 'epoch': 0.68}
{'loss': 0.0474, 'grad_norm': 0.07257959246635437, 'learning_rate': 0.0001593467336683417, 'epoch': 0.68}
{'loss': 0.0589, 'grad_norm': 0.04833533242344856, 'learning_rate': 0.00015884422110552766, 'epoch': 0.68}
{'loss': 0.058, 'grad_norm': 0.06411513686180115, 'learning_rate': 0.00015834170854271356, 'epoch': 0.69}
{'loss': 0.0539, 'grad_norm': 0.04281293973326683, 'learning_rate': 0.00015783919597989952, 'epoch': 0.69}
{'loss': 0.0624, 'grad_norm': 0.08459561318159103, 'learning_rate': 0.00015733668341708543, 'epoch': 0.69}
{'loss': 0.0593, 'grad_norm': 0.048611968755722046, 'learning_rate': 0.00015683417085427133, 'epoch': 0.69}
{'loss': 0.0672, 'grad_norm': 0.07936935126781464, 'learning_rate': 0.0001563316582914573, 'epoch': 0.69}
{'loss': 0.0596, 'grad_norm': 0.03964126110076904, 'learning_rate': 0.0001558291457286432, 'epoch': 0.69}
{'loss': 0.059, 'grad_norm': 0.06991726160049438, 'learning_rate': 0.00015532663316582916, 'epoch': 0.69}
{'loss': 0.0649, 'grad_norm': 0.07161467522382736, 'learning_rate': 0.00015482412060301506, 'epoch': 0.69}
{'loss': 0.0636, 'grad_norm': 0.047367312014102936, 'learning_rate': 0.00015432160804020102, 'epoch': 0.69}
{'loss': 0.0571, 'grad_norm': 0.02595067396759987, 'learning_rate': 0.00015381909547738693, 'epoch': 0.69}
{'loss': 0.0557, 'grad_norm': 0.040872227400541306, 'learning_rate': 0.00015331658291457286, 'epoch': 0.69}
{'loss': 0.0591, 'grad_norm': 0.029046259820461273, 'learning_rate': 0.0001528140703517588, 'epoch': 0.7}
{'loss': 0.056, 'grad_norm': 0.04835337772965431, 'learning_rate': 0.00015231155778894472, 'epoch': 0.7}
{'loss': 0.0504, 'grad_norm': 0.073030024766922, 'learning_rate': 0.00015180904522613066, 'epoch': 0.7}
{'loss': 0.0681, 'grad_norm': 0.04220432788133621, 'learning_rate': 0.0001513065326633166, 'epoch': 0.7}
{'loss': 0.062, 'grad_norm': 0.037533797323703766, 'learning_rate': 0.00015080402010050252, 'epoch': 0.7}
=== JOB_STATISTICS ===
=== current date     : Wed Apr 15 12:14:59 CEST 2026
= Job-ID             : 3539295 on alex as 3539167_7
= Job-Name           : sft_nl_then_formal_lr
= Job-Command        : /home/hpc/c107fa/c107fa12/synthetic-RLVL/scripts/slurm/sweeps/sft/nl_then_formal_lr_coarse.slurm
= Initial workdir    : /home/hpc/c107fa/c107fa12/synthetic-RLVL
= Queue/Partition    : a100
= Slurm account      : c107fa with QOS=normal
= Features           : a100_80&el8
= Requested resources:  for 1-00:00:00
= Elapsed runtime    : 1-00:00:10
= Total RAM usage    : 30.5 GiB of assigned  GiB (%)
= Node list          : a0833
= Subm/Elig/Start/End: 2026-04-14T11:09:40 / 2026-04-14T11:09:41 / 2026-04-14T12:14:47 / 2026-04-15T12:14:57
======================
=== Quota infos ======
    Path              Used     SoftQ    HardQ    Gracetime  Filec    FileQ    FiHaQ    FileGrace    
    /home/hpc           35.1G   104.9G   209.7G        N/A  39,768      500K   1,000K        N/A    
    /home/vault         42.7G  1048.6G  2097.2G        N/A     101K     200K     400K        N/A    
    atuin.rrze.uni-erlangen.de:/srv/home  1896.8G     0.0K     0.0K        N/A     286K                          N/A    
======================
=== GPU utilization ==
gpu_name, gpu_bus_id, pid, gpu_utilization [%], mem_utilization [%], max_memory_usage [MiB], time [ms]
NVIDIA A100-SXM4-80GB, 00000000:49:00.0, 721484, 40 %, 14 %, 30840 MiB, 86370243 ms
