Error executing job with overrides: ['run_name=smoke_tokfix_direct_0417_092015', 'model.path=/home/atuin/c107fa/c107fa12/synthetic-RLVL/runs/sft_logic_cot_lr1e-4_b1_seed3407/checkpoint-8000', 'model.merge_adapter_for_rollout=false', 'grpo.train_steps=1', 'grpo.num_prompts=4', 'grpo.num_rollouts=4', 'grpo.max_response_length=256', 'grpo.max_num_batched_tokens=8192', 'data.train_samples=64', 'data.val_samples=64', 'validation.enabled=true', 'validation.before_train=true', 'validation.eval_every=1', 'validation.save_every=999999', 'validation.run_verl_validation=false', 'eval.enabled=true', 'eval.external_enabled=false', 'eval.constrained_enabled=false', 'eval.synthetic_samples_per_step=1', 'eval.max_new_tokens=256', 'eval.generation_batch_size=256', 'log_generations.num_samples=2', 'log_generations.train_every=0']
Traceback (most recent call last):
  File "/home/hpc/c107fa/c107fa12/synthetic-RLVL/posttrain_grpo_verl.py", line 392, in main
    train_rows = mat_ds.load_rows(
                 ^^^^^^^^^^^^^^^^^
  File "/home/hpc/c107fa/c107fa12/synthetic-RLVL/synthetic_dataset.py", line 770, in load_rows
    ds = load_dataset(dataset_id, subset, split=split_spec)
         ^^^^^^^^^^^^^^^^^^^^^^^^^^^^^^^^^^^^^^^^^^^^^^^^^^
  File "/home/vault/c107fa/c107fa12/.venv_rlvl_posttrain/lib/python3.12/site-packages/datasets/load.py", line 1397, in load_dataset
    builder_instance = load_dataset_builder(
                       ^^^^^^^^^^^^^^^^^^^^^
  File "/home/vault/c107fa/c107fa12/.venv_rlvl_posttrain/lib/python3.12/site-packages/datasets/load.py", line 1137, in load_dataset_builder
    dataset_module = dataset_module_factory(
                     ^^^^^^^^^^^^^^^^^^^^^^^
  File "/home/vault/c107fa/c107fa12/.venv_rlvl_posttrain/lib/python3.12/site-packages/datasets/load.py", line 1030, in dataset_module_factory
    raise e1 from None
  File "/home/vault/c107fa/c107fa12/.venv_rlvl_posttrain/lib/python3.12/site-packages/datasets/load.py", line 985, in dataset_module_factory
    raise DatasetNotFoundError(f"Dataset '{path}' doesn't exist on the Hub or cannot be accessed.") from e
datasets.exceptions.DatasetNotFoundError: Dataset 'flaitenberger/LogicalReasoning' doesn't exist on the Hub or cannot be accessed.

Set the environment variable HYDRA_FULL_ERROR=1 for a complete stack trace.
